Resource Usage Report for I2C_Instruction_RAM 

Mapping to part: m2s010tq144std
Cell usage:
CLKINT          2 uses
CFG1           4 uses
CFG2           31 uses
CFG3           37 uses
CFG4           92 uses

Carry cells:
ARI1            62 uses - used for arithmetic functions
ARI1            9 uses - used for Wide-Mux implementation
Total ARI1      71 uses


Sequential Cells: 
SLE            85 uses

DSP Blocks:    0 of 22 (0%)

I/O ports: 82
I/O primitives: 81
INBUF          49 uses
OUTBUF         32 uses


Global Clock Buffers: 2

Total LUTs:    235

Extra resources required for RAM and MACC interface logic during P&R:

RAM64x18 Interface Logic : SLEs = 36; LUTs = 36;
RAM1K18  Interface Logic : SLEs = 0; LUTs = 0;
MACC     Interface Logic : SLEs = 0; LUTs = 0;

Total number of SLEs after P&R:  85 + 36 + 0 + 0 = 121;
Total number of LUTs after P&R:  235 + 36 + 0 + 0 = 271;

