Resource Report
Microsemi Corporation - Microsemi Libero Software Release v12.1 (Version 12.600.0.14)
Date: Sun Jan 12 02:30:34 2020

Device Selection
+--------------------------------+----------------+
| Family                         | SmartFusion2   |
| Device                         | M2S010         |
| Package                        | 144 TQ         |
| Speed Grade                    | STD            |
| Temp                           | 0:25:85        |
| Voltage                        | 1.26:1.20:1.14 |
| Core Voltage                   | 1.2V           |
| Ramp Rate                      | 100ms Minimum  |
| System Controller Suspend Mode | No             |
| PLL Supply Voltage             | 2.5V           |
| Default I/O technology         | LVCMOS 2.5V    |
| Restrict Probe Pins            | Yes            |
| Restrict SPI Pins              | No             |
+--------------------------------+----------------+

Source Files
+---------+---------------------------------------------------------------------------------------------------+
| Topcell | I2C_Core_APB3                                                                                     |
| Format  | Verilog                                                                                           |
| Source  | C:\Users\Phoenix136\Dropbox\FPGA\Microsemi\LITE-ON_Optical_Sensor_Core\synthesis\I2C_Core_APB3.vm |
+---------+---------------------------------------------------------------------------------------------------+

Options
+----------------------------------------------------+-------+
| Enable Single Event Transient mitigation           | false |
| Enable Design Separation Methodology               | false |
| Limit the number of high fanout nets to display to | 10    |
+----------------------------------------------------+-------+

Resource Usage
+---------------------------+------+-------+------------+
| Type                      | Used | Total | Percentage |
+---------------------------+------+-------+------------+
| 4LUT                      | 221  | 12084 | 1.83       |
| DFF                       | 123  | 12084 | 1.02       |
| I/O Register              | 0    | 252   | 0.00       |
| User I/O                  | 38   | 84    | 45.24      |
| -- Single-ended I/O       | 38   | 84    | 45.24      |
| -- Differential I/O Pairs | 0    | 37    | 0.00       |
| RAM64x18                  | 0    | 22    | 0.00       |
| RAM1K18                   | 0    | 21    | 0.00       |
| MACC                      | 0    | 22    | 0.00       |
| Chip Globals              | 2    | 8     | 25.00      |
| CCC                       | 0    | 2     | 0.00       |
| RCOSC_25_50MHZ            | 0    | 1     | 0.00       |
| RCOSC_1MHZ                | 0    | 1     | 0.00       |
| XTLOSC                    | 0    | 1     | 0.00       |
| MSS                       | 0    | 1     | 0.00       |
+---------------------------+------+-------+------------+

Detailed Logic Resource Usage
+--------------------------+------+-----+
| Type                     | 4LUT | DFF |
+--------------------------+------+-----+
| Fabric Logic             | 221  | 123 |
| RAM64x18 Interface Logic | 0    | 0   |
| RAM1K18 Interface Logic  | 0    | 0   |
| MACC Interface Logic     | 0    | 0   |
| Total Used               | 221  | 123 |
+--------------------------+------+-----+

Detailed Carry Chains Resource Usage
+--------+------+
| Length | Used |
| 9      | 1    |
| 17     | 1    |
| Total  | 2    |
+--------+------+

I/O Function
+-------------------------------+--------------+-------------+-----------------+
| Type                          | w/o register | w/ register | w/ DDR register |
+-------------------------------+--------------+-------------+-----------------+
| Input I/O                     | 24           | 0           | 0               |
| Output I/O                    | 14           | 0           | 0               |
| Bidirectional I/O             | 0            | 0           | 0               |
| Differential Input I/O Pairs  | 0            | 0           | 0               |
| Differential Output I/O Pairs | 0            | 0           | 0               |
+-------------------------------+--------------+-------------+-----------------+

I/O Technology
+--------------+--------+------+-------+--------+---------------+
| I/O Standard | Vddi   | Vref | Input | Output | Bidirectional |
+--------------+--------+------+-------+--------+---------------+
| LVCMOS25     |  2.50v |  N/A |  24   |  14    |  0            |
+--------------+--------+------+-------+--------+---------------+

I/O Placement
+----------+-------+------------+
| Type     | Count | Percentage |
+----------+-------+------------+
| Locked   |  0    | 0.00%      |
| Placed   |  0    | 0.00%      |
| UnPlaced |  38   | 100.00%    |
+----------+-------+------------+

Nets assigned to chip global resources
+--------+---------+-----------------------------------+
| Fanout | Type    | Name                              |
+--------+---------+-----------------------------------+
| 123    | INT_NET | Net   : PCLK_c                    |
|        |         | Driver: PCLK_ibuf_RNIFTKA/U0_RGB1 |
|        |         | Source: NETLIST                   |
| 119    | INT_NET | Net   : RSTn_c                    |
|        |         | Driver: RSTn_ibuf_RNICUT3/U0_RGB1 |
|        |         | Source: NETLIST                   |
+--------+---------+-----------------------------------+

Nets assigned to row global resources
+--------+------+------+
| Fanout | Type | Name |
+--------+------+------+
+--------+------+------+

High fanout nets
+--------+---------+-------------------------------------------------------------------------+
| Fanout | Type    | Name                                                                    |
+--------+---------+-------------------------------------------------------------------------+
| 35     | INT_NET | Net   : p_i2c_passthrough_reg.un3_psel_Z                                |
|        |         | Driver: p_i2c_passthrough_reg.un3_psel                                  |
| 29     | INT_NET | Net   : un1_reg_update_0_sqmuxa_0_0_0                                   |
|        |         | Driver: I2C_Core_0/un1_reg_update_0_sqmuxa_0_0_0                        |
| 23     | INT_NET | Net   : reg_update_Z                                                    |
|        |         | Driver: reg_update                                                      |
| 18     | INT_NET | Net   : I2C_Core_0/N_636                                                |
|        |         | Driver: I2C_Core_0/p_i2c_passthrough_reg.ctrl_in_7_iv_1_255_i_m2_0_a2   |
| 18     | INT_NET | Net   : I2C_Core_0/SCLO_sig_0_sqmuxa                                    |
|        |         | Driver: I2C_Core_0/SCLO_sig_0_sqmuxa_0_a2_0_a2_0_a3                     |
| 17     | INT_NET | Net   : I2C_Core_0/i2c_state_cur[5]                                     |
|        |         | Driver: I2C_Core_0/i2c_state_cur[5]                                     |
| 16     | INT_NET | Net   : I2C_Core_0/ctrl_out[3]                                          |
|        |         | Driver: I2C_Core_0/i2c_reg_ctrl[3]                                      |
| 16     | INT_NET | Net   : I2C_Core_0/un1_i2c_reg_ctrl_1_0_0_1_Z                           |
|        |         | Driver: I2C_Core_0/un1_i2c_reg_ctrl_1_0_0_1                             |
| 16     | INT_NET | Net   : I2C_Core_0/N_637                                                |
|        |         | Driver: I2C_Core_0/p_i2c_passthrough_reg.data_in_5_iv_232_i_m2_i_0_0_a2 |
| 15     | INT_NET | Net   : I2C_Core_0/ctrl_out[4]                                          |
|        |         | Driver: I2C_Core_0/i2c_reg_ctrl[4]                                      |
+--------+---------+-------------------------------------------------------------------------+

High fanout nets (through buffer trees)
+--------+---------+-------------------------------------------------------------------------+
| Fanout | Type    | Name                                                                    |
+--------+---------+-------------------------------------------------------------------------+
| 35     | INT_NET | Net   : p_i2c_passthrough_reg.un3_psel_Z                                |
|        |         | Driver: p_i2c_passthrough_reg.un3_psel                                  |
| 29     | INT_NET | Net   : un1_reg_update_0_sqmuxa_0_0_0                                   |
|        |         | Driver: I2C_Core_0/un1_reg_update_0_sqmuxa_0_0_0                        |
| 23     | INT_NET | Net   : reg_update_Z                                                    |
|        |         | Driver: reg_update                                                      |
| 18     | INT_NET | Net   : I2C_Core_0/N_636                                                |
|        |         | Driver: I2C_Core_0/p_i2c_passthrough_reg.ctrl_in_7_iv_1_255_i_m2_0_a2   |
| 18     | INT_NET | Net   : I2C_Core_0/SCLO_sig_0_sqmuxa                                    |
|        |         | Driver: I2C_Core_0/SCLO_sig_0_sqmuxa_0_a2_0_a2_0_a3                     |
| 17     | INT_NET | Net   : I2C_Core_0/i2c_state_cur[5]                                     |
|        |         | Driver: I2C_Core_0/i2c_state_cur[5]                                     |
| 16     | INT_NET | Net   : I2C_Core_0/ctrl_out[3]                                          |
|        |         | Driver: I2C_Core_0/i2c_reg_ctrl[3]                                      |
| 16     | INT_NET | Net   : I2C_Core_0/un1_i2c_reg_ctrl_1_0_0_1_Z                           |
|        |         | Driver: I2C_Core_0/un1_i2c_reg_ctrl_1_0_0_1                             |
| 16     | INT_NET | Net   : I2C_Core_0/N_637                                                |
|        |         | Driver: I2C_Core_0/p_i2c_passthrough_reg.data_in_5_iv_232_i_m2_i_0_0_a2 |
| 15     | INT_NET | Net   : I2C_Core_0/ctrl_out[4]                                          |
|        |         | Driver: I2C_Core_0/i2c_reg_ctrl[4]                                      |
+--------+---------+-------------------------------------------------------------------------+

