Resource Report
Microsemi Corporation - Microsemi Libero Software Release v12.1 (Version 12.600.0.14)
Date: Thu Jan 16 02:05:14 2020

Device Selection
+--------------------------------+----------------+
| Family                         | SmartFusion2   |
| Device                         | M2S010         |
| Package                        | 144 TQ         |
| Speed Grade                    | STD            |
| Temp                           | 0:25:85        |
| Voltage                        | 1.26:1.20:1.14 |
| Core Voltage                   | 1.2V           |
| Ramp Rate                      | 100ms Minimum  |
| System Controller Suspend Mode | No             |
| PLL Supply Voltage             | 2.5V           |
| Default I/O technology         | LVCMOS 2.5V    |
| Restrict Probe Pins            | Yes            |
| Restrict SPI Pins              | No             |
+--------------------------------+----------------+

Source Files
+---------+----------------------------------------------------------------------------------------------------------+
| Topcell | Optical_Sensor_Block                                                                                     |
| Format  | Verilog                                                                                                  |
| Source  | C:\Users\Phoenix136\Dropbox\FPGA\Microsemi\LITE-ON_Optical_Sensor_Core\synthesis\Optical_Sensor_Block.vm |
+---------+----------------------------------------------------------------------------------------------------------+

Options
+----------------------------------------------------+-------+
| Enable Single Event Transient mitigation           | false |
| Enable Design Separation Methodology               | false |
| Limit the number of high fanout nets to display to | 10    |
+----------------------------------------------------+-------+

Resource Usage
+---------------------------+------+-------+------------+
| Type                      | Used | Total | Percentage |
+---------------------------+------+-------+------------+
| 4LUT                      | 566  | 12084 | 4.68       |
| DFF                       | 308  | 12084 | 2.55       |
| I/O Register              | 0    | 252   | 0.00       |
| User I/O                  | 38   | 84    | 45.24      |
| -- Single-ended I/O       | 38   | 84    | 45.24      |
| -- Differential I/O Pairs | 0    | 37    | 0.00       |
| RAM64x18                  | 2    | 22    | 9.09       |
| RAM1K18                   | 0    | 21    | 0.00       |
| MACC                      | 0    | 22    | 0.00       |
| Chip Globals              | 2    | 8     | 25.00      |
| CCC                       | 0    | 2     | 0.00       |
| RCOSC_25_50MHZ            | 0    | 1     | 0.00       |
| RCOSC_1MHZ                | 0    | 1     | 0.00       |
| XTLOSC                    | 0    | 1     | 0.00       |
| MSS                       | 0    | 1     | 0.00       |
+---------------------------+------+-------+------------+

Detailed Logic Resource Usage
+--------------------------+------+-----+
| Type                     | 4LUT | DFF |
+--------------------------+------+-----+
| Fabric Logic             | 494  | 236 |
| RAM64x18 Interface Logic | 72   | 72  |
| RAM1K18 Interface Logic  | 0    | 0   |
| MACC Interface Logic     | 0    | 0   |
| Total Used               | 566  | 308 |
+--------------------------+------+-----+

Detailed Carry Chains Resource Usage
+--------+------+
| Length | Used |
| 5      | 17   |
| 9      | 1    |
| 15     | 1    |
| 17     | 1    |
| 46     | 2    |
| Total  | 22   |
+--------+------+

I/O Function
+-------------------------------+--------------+-------------+-----------------+
| Type                          | w/o register | w/ register | w/ DDR register |
+-------------------------------+--------------+-------------+-----------------+
| Input I/O                     | 23           | 0           | 0               |
| Output I/O                    | 15           | 0           | 0               |
| Bidirectional I/O             | 0            | 0           | 0               |
| Differential Input I/O Pairs  | 0            | 0           | 0               |
| Differential Output I/O Pairs | 0            | 0           | 0               |
+-------------------------------+--------------+-------------+-----------------+

I/O Technology
+--------------+--------+------+-------+--------+---------------+
| I/O Standard | Vddi   | Vref | Input | Output | Bidirectional |
+--------------+--------+------+-------+--------+---------------+
| LVCMOS25     |  2.50v |  N/A |  23   |  15    |  0            |
+--------------+--------+------+-------+--------+---------------+

I/O Placement
+----------+-------+------------+
| Type     | Count | Percentage |
+----------+-------+------------+
| Locked   |  0    | 0.00%      |
| Placed   |  0    | 0.00%      |
| UnPlaced |  38   | 100.00%    |
+----------+-------+------------+

Nets assigned to chip global resources
+--------+---------+-----------------------------------+
| Fanout | Type    | Name                              |
+--------+---------+-----------------------------------+
| 238    | INT_NET | Net   : PCLK_c                    |
|        |         | Driver: PCLK_ibuf_RNIFTKA/U0_RGB1 |
|        |         | Source: NETLIST                   |
| 104    | INT_NET | Net   : RSTn_c                    |
|        |         | Driver: RSTn_ibuf_RNICUT3/U0_RGB1 |
|        |         | Source: NETLIST                   |
+--------+---------+-----------------------------------+

Nets assigned to row global resources
+--------+------+------+
| Fanout | Type | Name |
+--------+------+------+
+--------+------+------+

High fanout nets
+--------+---------+--------------------------------------------+
| Fanout | Type    | Name                                       |
+--------+---------+--------------------------------------------+
| 115    | INT_NET | Net   : PADDR_c[1]                         |
|        |         | Driver: PADDR_ibuf[1]                      |
| 69     | INT_NET | Net   : I2C_Core2_APB3_0.sequence_cnt[4]   |
|        |         | Driver: I2C_Core2_APB3_0/sequence_cnt_Z[4] |
| 69     | INT_NET | Net   : PWDATA_c[1]                        |
|        |         | Driver: PWDATA_ibuf[1]                     |
| 69     | INT_NET | Net   : PWDATA_c[0]                        |
|        |         | Driver: PWDATA_ibuf[0]                     |
| 63     | INT_NET | Net   : PADDR_c[2]                         |
|        |         | Driver: PADDR_ibuf[2]                      |
| 59     | INT_NET | Net   : PADDR_c[0]                         |
|        |         | Driver: PADDR_ibuf[0]                      |
| 45     | INT_NET | Net   : PADDR_c[5]                         |
|        |         | Driver: PADDR_ibuf[5]                      |
| 42     | INT_NET | Net   : PADDR_c[4]                         |
|        |         | Driver: PADDR_ibuf[4]                      |
| 38     | INT_NET | Net   : I2C_Core2_APB3_0.sequence_cnt[5]   |
|        |         | Driver: I2C_Core2_APB3_0/sequence_cnt_Z[5] |
| 29     | INT_NET | Net   : I2C_Core2_APB3_0.sequence_cnt[3]   |
|        |         | Driver: I2C_Core2_APB3_0/sequence_cnt_Z[3] |
+--------+---------+--------------------------------------------+

High fanout nets (through buffer trees)
+--------+---------+--------------------------------------------+
| Fanout | Type    | Name                                       |
+--------+---------+--------------------------------------------+
| 115    | INT_NET | Net   : PADDR_c[1]                         |
|        |         | Driver: PADDR_ibuf[1]                      |
| 69     | INT_NET | Net   : I2C_Core2_APB3_0.sequence_cnt[4]   |
|        |         | Driver: I2C_Core2_APB3_0/sequence_cnt_Z[4] |
| 69     | INT_NET | Net   : PWDATA_c[1]                        |
|        |         | Driver: PWDATA_ibuf[1]                     |
| 69     | INT_NET | Net   : PWDATA_c[0]                        |
|        |         | Driver: PWDATA_ibuf[0]                     |
| 63     | INT_NET | Net   : PADDR_c[2]                         |
|        |         | Driver: PADDR_ibuf[2]                      |
| 59     | INT_NET | Net   : PADDR_c[0]                         |
|        |         | Driver: PADDR_ibuf[0]                      |
| 45     | INT_NET | Net   : PADDR_c[5]                         |
|        |         | Driver: PADDR_ibuf[5]                      |
| 42     | INT_NET | Net   : PADDR_c[4]                         |
|        |         | Driver: PADDR_ibuf[4]                      |
| 38     | INT_NET | Net   : I2C_Core2_APB3_0.sequence_cnt[5]   |
|        |         | Driver: I2C_Core2_APB3_0/sequence_cnt_Z[5] |
| 29     | INT_NET | Net   : I2C_Core2_APB3_0.sequence_cnt[3]   |
|        |         | Driver: I2C_Core2_APB3_0/sequence_cnt_Z[3] |
+--------+---------+--------------------------------------------+

