
Copyright (C) 1994-2018 Synopsys, Inc.
This Synopsys software and all associated documentation are proprietary to Synopsys, Inc.
and may only be used pursuant to the terms and conditions of a written license agreement
with Synopsys, Inc. All other use, reproduction, modification, or distribution of the
Synopsys software or the associated documentation is strictly prohibited.
Tool: Synplify Pro (R)
Build: N-2018.03M-SP1-1
Install: C:\Microsemi\Libero_SoC_v12.1\SynplifyPro
OS: Windows 6.2

Hostname: PHOENIX136DESKY

Implementation : synthesis

# Written on Sat Oct 26 17:51:42 2019

##### DESIGN INFO #######################################################

Top View:                "Blinking_System"
Constraint File(s):      "C:\Users\Phoenix136\Dropbox\FPGA\Microsemi\Blink_The_Good_One\designer\Blinking_System\synthesis.fdc"




##### SUMMARY ############################################################

Found 0 issues in 0 out of 0 constraints


##### DETAILS ############################################################



Clock Relationships
*******************

Starting                                          Ending                                            |     rise to rise     |     fall to fall     |     rise to fall     |     fall to rise                     
---------------------------------------------------------------------------------------------------------------------------------------------------------------------------------------------------------------
System                                            System                                            |     10.000           |     No paths         |     No paths         |     No paths                         
System                                            FCCC_C0_FCCC_C0_0_FCCC|GL0_net_inferred_clock     |     10.000           |     No paths         |     No paths         |     No paths                         
FCCC_C0_FCCC_C0_0_FCCC|GL0_net_inferred_clock     FCCC_C0_FCCC_C0_0_FCCC|GL0_net_inferred_clock     |     10.000           |     No paths         |     No paths         |     No paths                         
FCCC_C0_FCCC_C0_0_FCCC|GL0_net_inferred_clock     FCCC_C0_FCCC_C0_0_FCCC|GL1_net_inferred_clock     |     Diff grp         |     No paths         |     No paths         |     No paths                         
FCCC_C0_FCCC_C0_0_FCCC|GL1_net_inferred_clock     FCCC_C0_FCCC_C0_0_FCCC|GL0_net_inferred_clock     |     Diff grp         |     No paths         |     No paths         |     No paths                         
FCCC_C0_FCCC_C0_0_FCCC|GL1_net_inferred_clock     FCCC_C0_FCCC_C0_0_FCCC|GL1_net_inferred_clock     |     10.000           |     No paths         |     No paths         |     No paths                         
===============================================================================================================================================================================================================
 Note: 'No paths' indicates there are no paths in the design for that pair of clock edges.
       'Diff grp' indicates that paths exist but the starting clock and ending clock are in different clock groups.


Unconstrained Start/End Points
******************************

p:Board_Buttons[0]
p:Board_Buttons[1]
p:Board_J7[0]
p:Board_J7[1]
p:Board_J7[2]
p:Board_J7[3]
p:Board_J7[4]
p:Board_LEDs[0]
p:Board_LEDs[1]
p:Board_LEDs[2]
p:Board_LEDs[3]
p:Board_LEDs[4]
p:Board_LEDs[5]
p:Board_LEDs[6]
p:Board_LEDs[7]
p:Board_MOD1[0]
p:Board_MOD1[1]
p:Board_MOD1[2]
p:Board_MOD1[3]
p:Board_MOD1[4]
p:Board_MOD1[5]
p:DEVRST_N
p:Light_SCL (bidir end point)
p:Light_SCL (bidir start point)
p:Light_SDA (bidir end point)
p:Light_SDA (bidir start point)


Inapplicable constraints
************************

(none)


Applicable constraints with issues
**********************************

(none)


Constraints with matching wildcard expressions
**********************************************

(none)


Library Report
**************


# End of Constraint Checker Report
