
Starting:    C:\Microsemi\Libero_SoC_v12.1\SynplifyPro\bin64\mbin\synbatch.exe
Install:     C:\Microsemi\Libero_SoC_v12.1\SynplifyPro
Hostname:    PHOENIX136DESKY
Date:        Sat Oct 26 17:51:38 2019
Version:     N-2018.03M-SP1-1

Arguments:   -product synplify_pro -licensetype synplifypro_actel -batch -log synplify.log Blinking_System_syn.tcl
ProductType: synplify_pro

License checkout: synplifypro_actel
License: synplifypro_actel node-locked 
Licensed Vendor: actel
License Option: actel_oem

Running in Vendor Mode

auto_infer_blackbox is not supported in current product.
log file: "C:\Users\Phoenix136\Dropbox\FPGA\Microsemi\Blink_The_Good_One\synthesis\Blinking_System.srr"
Running: synthesis in foreground

Running Blinking_System_syn|synthesis

Running Flow: compile (Compile) on Blinking_System_syn|synthesis
# Sat Oct 26 17:51:38 2019

Running Flow: compile_flow (Compile Process) on Blinking_System_syn|synthesis
# Sat Oct 26 17:51:38 2019

Running: compiler (Compile Input) on Blinking_System_syn|synthesis
# Sat Oct 26 17:51:38 2019
Copied C:\Users\Phoenix136\Dropbox\FPGA\Microsemi\Blink_The_Good_One\synthesis\synwork\Blinking_System_comp.srs to C:\Users\Phoenix136\Dropbox\FPGA\Microsemi\Blink_The_Good_One\synthesis\Blinking_System.srs

compiler completed
# Sat Oct 26 17:51:41 2019

Return Code: 0
Run Time:00h:00m:03s

Running: multi_srs_gen (Multi-srs Generator) on Blinking_System_syn|synthesis
# Sat Oct 26 17:51:41 2019

multi_srs_gen completed
# Sat Oct 26 17:51:41 2019

Return Code: 0
Run Time:00h:00m:00s
Copied C:\Users\Phoenix136\Dropbox\FPGA\Microsemi\Blink_The_Good_One\synthesis\synwork\Blinking_System_mult.srs to C:\Users\Phoenix136\Dropbox\FPGA\Microsemi\Blink_The_Good_One\synthesis\Blinking_System.srs
Complete: Compile Process on Blinking_System_syn|synthesis

Running: premap (Premap) on Blinking_System_syn|synthesis
# Sat Oct 26 17:51:41 2019

premap completed with warnings
# Sat Oct 26 17:51:42 2019

Return Code: 1
Run Time:00h:00m:01s
Complete: Compile on Blinking_System_syn|synthesis

Running Flow: map (Map) on Blinking_System_syn|synthesis
# Sat Oct 26 17:51:42 2019
License granted for 4 parallel jobs

Running: fpga_mapper (Map & Optimize) on Blinking_System_syn|synthesis
# Sat Oct 26 17:51:42 2019
Copied C:\Users\Phoenix136\Dropbox\FPGA\Microsemi\Blink_The_Good_One\synthesis\synwork\Blinking_System_m.srm to C:\Users\Phoenix136\Dropbox\FPGA\Microsemi\Blink_The_Good_One\synthesis\Blinking_System.srm

fpga_mapper completed with warnings
# Sat Oct 26 17:51:48 2019

Return Code: 1
Run Time:00h:00m:06s
Complete: Map on Blinking_System_syn|synthesis
Complete: Logic Synthesis on Blinking_System_syn|synthesis
TCL script complete: "Blinking_System_syn.tcl"
exit status=0
exit status=0
License checkin: synplifypro_actel
