Resource Usage Report for I2C_Core2 

Mapping to part: m2s010tq144std
Cell usage:
CLKINT          2 uses
CFG1           2 uses
CFG2           9 uses
CFG3           12 uses
CFG4           29 uses

Carry cells:
ARI1            25 uses - used for arithmetic functions
ARI1            5 uses - used for Wide-Mux implementation
Total ARI1      30 uses


Sequential Cells: 
SLE            44 uses

DSP Blocks:    0 of 22 (0%)

I/O ports: 48
I/O primitives: 44
INBUF          28 uses
OUTBUF         8 uses
TRIBUFF        8 uses


Global Clock Buffers: 2

Total LUTs:    82

Extra resources required for RAM and MACC interface logic during P&R:

RAM64x18 Interface Logic : SLEs = 0; LUTs = 0;
RAM1K18  Interface Logic : SLEs = 0; LUTs = 0;
MACC     Interface Logic : SLEs = 0; LUTs = 0;

Total number of SLEs after P&R:  44 + 0 + 0 + 0 = 44;
Total number of LUTs after P&R:  82 + 0 + 0 + 0 = 82;

