Resource Usage Report for I2C_Core_APB3 

Mapping to part: m2s010tq144std
Cell usage:
CLKINT          2 uses
CFG1           1 use
CFG2           32 uses
CFG3           31 uses
CFG4           131 uses

Carry cells:
ARI1            25 uses - used for arithmetic functions


Sequential Cells: 
SLE            123 uses

DSP Blocks:    0 of 22 (0%)

I/O ports: 38
I/O primitives: 38
INBUF          24 uses
OUTBUF         14 uses


Global Clock Buffers: 2

Total LUTs:    220

Extra resources required for RAM and MACC interface logic during P&R:

RAM64x18 Interface Logic : SLEs = 0; LUTs = 0;
RAM1K18  Interface Logic : SLEs = 0; LUTs = 0;
MACC     Interface Logic : SLEs = 0; LUTs = 0;

Total number of SLEs after P&R:  123 + 0 + 0 + 0 = 123;
Total number of LUTs after P&R:  220 + 0 + 0 + 0 = 220;

