Resource Usage Report for I2C_Core2_APB3 

Mapping to part: m2s010tq144std
Cell usage:
CLKINT          2 uses
CFG1           3 uses
CFG2           41 uses
CFG3           70 uses
CFG4           653 uses

Carry cells:
ARI1            39 uses - used for arithmetic functions
ARI1            376 uses - used for Wide-Mux implementation
Total ARI1      415 uses


Sequential Cells: 
SLE            427 uses

DSP Blocks:    0 of 22 (0%)

I/O ports: 39
I/O primitives: 38
INBUF          23 uses
OUTBUF         15 uses


Global Clock Buffers: 2

Total LUTs:    1182

Extra resources required for RAM and MACC interface logic during P&R:

RAM64x18 Interface Logic : SLEs = 0; LUTs = 0;
RAM1K18  Interface Logic : SLEs = 0; LUTs = 0;
MACC     Interface Logic : SLEs = 0; LUTs = 0;

Total number of SLEs after P&R:  427 + 0 + 0 + 0 = 427;
Total number of LUTs after P&R:  1182 + 0 + 0 + 0 = 1182;

