Resource Usage Report for I2C_Core 

Mapping to part: m2s010tq144std
Cell usage:
CLKINT          2 uses
CFG1           1 use
CFG2           12 uses
CFG3           37 uses
CFG4           41 uses

Carry cells:
ARI1            25 uses - used for arithmetic functions


Sequential Cells: 
SLE            71 uses

DSP Blocks:    0 of 22 (0%)

I/O ports: 74
I/O primitives: 71
INBUF          34 uses
OUTBUF         37 uses


Global Clock Buffers: 2

Total LUTs:    116

Extra resources required for RAM and MACC interface logic during P&R:

RAM64x18 Interface Logic : SLEs = 0; LUTs = 0;
RAM1K18  Interface Logic : SLEs = 0; LUTs = 0;
MACC     Interface Logic : SLEs = 0; LUTs = 0;

Total number of SLEs after P&R:  71 + 0 + 0 + 0 = 71;
Total number of LUTs after P&R:  116 + 0 + 0 + 0 = 116;

