
Copyright (C) 1994-2018 Synopsys, Inc.
This Synopsys software and all associated documentation are proprietary to Synopsys, Inc.
and may only be used pursuant to the terms and conditions of a written license agreement
with Synopsys, Inc. All other use, reproduction, modification, or distribution of the
Synopsys software or the associated documentation is strictly prohibited.
Tool: Synplify Pro (R)
Build: N-2018.03M-SP1-1
Install: C:\Microsemi\Libero_SoC_v12.1\SynplifyPro
OS: Windows 6.2

Hostname: PHOENIX136DESKY

Implementation : synthesis
Synopsys HDL compiler and linker, Version comp2018q2p1, Build 223R, Built Oct 23 2018 09:18:38

Modified Files: 1
FID:  path (prevtimestamp, timestamp)
41       C:\Users\Phoenix136\Dropbox\FPGA\Microsemi\Sigma_Delta_ADC\hdl\FFT.vhd (2020-02-08 21:05:45, 2020-02-08 21:08:13)

*******************************************************************
Modules that may have changed as a result of file changes: 1
MID:  lib.cell.view
64       work.fft.architecture_fft may have changed because the following files changed:
                        C:\Users\Phoenix136\Dropbox\FPGA\Microsemi\Sigma_Delta_ADC\hdl\FFT.vhd (2020-02-08 21:05:45, 2020-02-08 21:08:13) <-- (architecture and entity definition)

*******************************************************************
Unmodified files: 10
FID:  path (timestamp)
1        C:\Microsemi\Libero_SoC_v12.1\SynplifyPro\lib\vhd2008\arith.vhd (2018-12-21 01:52:16)
2        C:\Microsemi\Libero_SoC_v12.1\SynplifyPro\lib\vhd2008\location.map (2018-12-21 01:52:16)
3        C:\Microsemi\Libero_SoC_v12.1\SynplifyPro\lib\vhd2008\numeric.vhd (2018-12-21 01:52:16)
4        C:\Microsemi\Libero_SoC_v12.1\SynplifyPro\lib\vhd2008\std.vhd (2018-12-21 01:52:16)
5        C:\Microsemi\Libero_SoC_v12.1\SynplifyPro\lib\vhd2008\std1164.vhd (2018-12-21 01:52:16)
6        C:\Microsemi\Libero_SoC_v12.1\SynplifyPro\lib\vhd2008\std_textio.vhd (2018-12-21 01:52:16)
7        C:\Microsemi\Libero_SoC_v12.1\SynplifyPro\lib\vhd2008\unsigned.vhd (2018-12-21 01:52:16)
8        C:\Microsemi\Libero_SoC_v12.1\SynplifyPro\lib\vhd\hyperents.vhd (2018-12-21 01:52:16)
9        C:\Microsemi\Libero_SoC_v12.1\SynplifyPro\lib\vhd\snps_haps_pkg.vhd (2018-12-21 01:52:16)
10       C:\Microsemi\Libero_SoC_v12.1\SynplifyPro\lib\vhd\umr_capim.vhd (2018-12-21 01:52:16)

*******************************************************************
Unchanged modules: 0
MID:  lib.cell.view
