Resource Report
Microsemi Corporation - Microsemi Libero Software Release v12.1 (Version 12.600.0.14)
Date: Thu Dec 12 02:09:28 2019

Device Selection
+--------------------------------+----------------+
| Family                         | SmartFusion2   |
| Device                         | M2S010         |
| Package                        | 144 TQ         |
| Speed Grade                    | STD            |
| Temp                           | 0:25:85        |
| Voltage                        | 1.26:1.20:1.14 |
| Core Voltage                   | 1.2V           |
| Ramp Rate                      | 100ms Minimum  |
| System Controller Suspend Mode | No             |
| PLL Supply Voltage             | 2.5V           |
| Default I/O technology         | LVCMOS 2.5V    |
| Restrict Probe Pins            | Yes            |
| Restrict SPI Pins              | No             |
+--------------------------------+----------------+

Source Files
+---------+---------------------------------------------------------------------------------------+
| Topcell | Median_Filter                                                                         |
| Format  | Verilog                                                                               |
| Source  | C:\Users\Phoenix136\Dropbox\FPGA\Microsemi\Sigma_Delta_ADC\synthesis\Median_Filter.vm |
+---------+---------------------------------------------------------------------------------------+

Options
+----------------------------------------------------+-------+
| Enable Single Event Transient mitigation           | false |
| Enable Design Separation Methodology               | false |
| Limit the number of high fanout nets to display to | 10    |
+----------------------------------------------------+-------+

Resource Usage
+---------------------------+------+-------+------------+
| Type                      | Used | Total | Percentage |
+---------------------------+------+-------+------------+
| 4LUT                      | 14   | 12084 | 0.12       |
| DFF                       | 37   | 12084 | 0.31       |
| I/O Register              | 0    | 252   | 0.00       |
| User I/O                  | 20   | 84    | 23.81      |
| -- Single-ended I/O       | 20   | 84    | 23.81      |
| -- Differential I/O Pairs | 0    | 37    | 0.00       |
| RAM64x18                  | 0    | 22    | 0.00       |
| RAM1K18                   | 0    | 21    | 0.00       |
| MACC                      | 0    | 22    | 0.00       |
| Chip Globals              | 2    | 8     | 25.00      |
| CCC                       | 0    | 2     | 0.00       |
| RCOSC_25_50MHZ            | 0    | 1     | 0.00       |
| RCOSC_1MHZ                | 0    | 1     | 0.00       |
| XTLOSC                    | 0    | 1     | 0.00       |
| MSS                       | 0    | 1     | 0.00       |
+---------------------------+------+-------+------------+

Detailed Logic Resource Usage
+--------------------------+------+-----+
| Type                     | 4LUT | DFF |
+--------------------------+------+-----+
| Fabric Logic             | 14   | 37  |
| RAM64x18 Interface Logic | 0    | 0   |
| RAM1K18 Interface Logic  | 0    | 0   |
| MACC Interface Logic     | 0    | 0   |
| Total Used               | 14   | 37  |
+--------------------------+------+-----+

Detailed Carry Chains Resource Usage
+--------+------+
| Length | Used |
| 10     | 1    |
| Total  | 1    |
+--------+------+

I/O Function
+-------------------------------+--------------+-------------+-----------------+
| Type                          | w/o register | w/ register | w/ DDR register |
+-------------------------------+--------------+-------------+-----------------+
| Input I/O                     | 11           | 0           | 0               |
| Output I/O                    | 9            | 0           | 0               |
| Bidirectional I/O             | 0            | 0           | 0               |
| Differential Input I/O Pairs  | 0            | 0           | 0               |
| Differential Output I/O Pairs | 0            | 0           | 0               |
+-------------------------------+--------------+-------------+-----------------+

I/O Technology
+--------------+--------+------+-------+--------+---------------+
| I/O Standard | Vddi   | Vref | Input | Output | Bidirectional |
+--------------+--------+------+-------+--------+---------------+
| LVCMOS25     |  2.50v |  N/A |  11   |  9     |  0            |
+--------------+--------+------+-------+--------+---------------+

I/O Placement
+----------+-------+------------+
| Type     | Count | Percentage |
+----------+-------+------------+
| Locked   |  0    | 0.00%      |
| Placed   |  0    | 0.00%      |
| UnPlaced |  20   | 100.00%    |
+----------+-------+------------+

Nets assigned to chip global resources
+--------+---------+-----------------------------------+
| Fanout | Type    | Name                              |
+--------+---------+-----------------------------------+
| 37     | INT_NET | Net   : RSTn_c                    |
|        |         | Driver: RSTn_ibuf_RNICUT3/U0_RGB1 |
|        |         | Source: NETLIST                   |
| 37     | INT_NET | Net   : PCLK_c                    |
|        |         | Driver: PCLK_ibuf_RNIFTKA/U0_RGB1 |
|        |         | Source: NETLIST                   |
+--------+---------+-----------------------------------+

Nets assigned to row global resources
+--------+------+------+
| Fanout | Type | Name |
+--------+------+------+
+--------+------+------+

High fanout nets
+--------+---------+----------------------------------------+
| Fanout | Type    | Name                                   |
+--------+---------+----------------------------------------+
| 29     | INT_NET | Net   : filter_state[0]                |
|        |         | Driver: filter_state[0]                |
| 11     | INT_NET | Net   : filter_state[1]                |
|        |         | Driver: filter_state[1]                |
| 9      | INT_NET | Net   : N_24_i                         |
|        |         | Driver: un6_data_in_ready_last_RNITMVF |
| 3      | INT_NET | Net   : un6_data_in_ready_last_i       |
|        |         | Driver: un6_data_in_ready_last         |
| 2      | INT_NET | Net   : running_sum[8]                 |
|        |         | Driver: running_sum[8]                 |
| 2      | INT_NET | Net   : running_sum[7]                 |
|        |         | Driver: running_sum[7]                 |
| 2      | INT_NET | Net   : running_sum[6]                 |
|        |         | Driver: running_sum[6]                 |
| 2      | INT_NET | Net   : running_sum[5]                 |
|        |         | Driver: running_sum[5]                 |
| 2      | INT_NET | Net   : running_sum[4]                 |
|        |         | Driver: running_sum[4]                 |
| 2      | INT_NET | Net   : running_sum[3]                 |
|        |         | Driver: running_sum[3]                 |
+--------+---------+----------------------------------------+

High fanout nets (through buffer trees)
+--------+---------+----------------------------------------+
| Fanout | Type    | Name                                   |
+--------+---------+----------------------------------------+
| 29     | INT_NET | Net   : filter_state[0]                |
|        |         | Driver: filter_state[0]                |
| 11     | INT_NET | Net   : filter_state[1]                |
|        |         | Driver: filter_state[1]                |
| 9      | INT_NET | Net   : N_24_i                         |
|        |         | Driver: un6_data_in_ready_last_RNITMVF |
| 3      | INT_NET | Net   : un6_data_in_ready_last_i       |
|        |         | Driver: un6_data_in_ready_last         |
| 2      | INT_NET | Net   : running_sum[8]                 |
|        |         | Driver: running_sum[8]                 |
| 2      | INT_NET | Net   : running_sum[7]                 |
|        |         | Driver: running_sum[7]                 |
| 2      | INT_NET | Net   : running_sum[6]                 |
|        |         | Driver: running_sum[6]                 |
| 2      | INT_NET | Net   : running_sum[5]                 |
|        |         | Driver: running_sum[5]                 |
| 2      | INT_NET | Net   : running_sum[4]                 |
|        |         | Driver: running_sum[4]                 |
| 2      | INT_NET | Net   : running_sum[3]                 |
|        |         | Driver: running_sum[3]                 |
+--------+---------+----------------------------------------+

