
Copyright (C) 1994-2018 Synopsys, Inc.
This Synopsys software and all associated documentation are proprietary to Synopsys, Inc.
and may only be used pursuant to the terms and conditions of a written license agreement
with Synopsys, Inc. All other use, reproduction, modification, or distribution of the
Synopsys software or the associated documentation is strictly prohibited.
Tool: Synplify Pro (R)
Build: N-2018.03M-SP1-1
Install: C:\Microsemi\Libero_SoC_v12.1\SynplifyPro
OS: Windows 6.2

Hostname: PHOENIX136DESKY

Implementation : synthesis
Synopsys HDL compiler and linker, Version comp2018q2p1, Build 223R, Built Oct 23 2018 09:18:38

Modified Files: 1
FID:  path (prevtimestamp, timestamp)
14       C:\Users\Phoenix136\Dropbox\FPGA\Microsemi\Nokia5110_Driver_12_1\hdl\Nokia5110_Driver.vhd (2019-11-06 01:53:09, 2019-11-06 04:14:00)

*******************************************************************
Modules that may have changed as a result of file changes: 2
MID:  lib.cell.view
0        work.nokia5110_driver.architecture_nokia5110_driver may have changed because the following files changed:
                        C:\Users\Phoenix136\Dropbox\FPGA\Microsemi\Nokia5110_Driver_12_1\hdl\Nokia5110_Driver.vhd (2019-11-06 01:53:09, 2019-11-06 04:14:00) <-- (architecture and entity definition)
4        work.timer.architecture_timer may have changed because the following files changed:
                        C:\Users\Phoenix136\Dropbox\FPGA\Microsemi\Nokia5110_Driver_12_1\hdl\Nokia5110_Driver.vhd (2019-11-06 01:53:09, 2019-11-06 04:14:00) <-- (may instantiate this module)

*******************************************************************
Unmodified files: 15
FID:  path (timestamp)
0        C:\Microsemi\Libero_SoC_v12.1\SynplifyPro\lib\generic\smartfusion2.vhd (2018-12-21 01:52:13)
1        C:\Microsemi\Libero_SoC_v12.1\SynplifyPro\lib\vhd2008\arith.vhd (2018-12-21 01:52:16)
2        C:\Microsemi\Libero_SoC_v12.1\SynplifyPro\lib\vhd2008\location.map (2018-12-21 01:52:16)
3        C:\Microsemi\Libero_SoC_v12.1\SynplifyPro\lib\vhd2008\numeric.vhd (2018-12-21 01:52:16)
4        C:\Microsemi\Libero_SoC_v12.1\SynplifyPro\lib\vhd2008\std.vhd (2018-12-21 01:52:16)
5        C:\Microsemi\Libero_SoC_v12.1\SynplifyPro\lib\vhd2008\std1164.vhd (2018-12-21 01:52:16)
6        C:\Microsemi\Libero_SoC_v12.1\SynplifyPro\lib\vhd2008\std_textio.vhd (2018-12-21 01:52:16)
7        C:\Microsemi\Libero_SoC_v12.1\SynplifyPro\lib\vhd2008\unsigned.vhd (2018-12-21 01:52:16)
8        C:\Microsemi\Libero_SoC_v12.1\SynplifyPro\lib\vhd\hyperents.vhd (2018-12-21 01:52:16)
9        C:\Microsemi\Libero_SoC_v12.1\SynplifyPro\lib\vhd\snps_haps_pkg.vhd (2018-12-21 01:52:16)
10       C:\Microsemi\Libero_SoC_v12.1\SynplifyPro\lib\vhd\umr_capim.vhd (2018-12-21 01:52:16)
11       C:\Users\Phoenix136\Dropbox\FPGA\Microsemi\Nokia5110_Driver_12_1\component\work\Nokia5110_Driver_Block_SD\Nokia5110_Driver_Block_SD.vhd (2019-11-05 23:55:15)
12       C:\Users\Phoenix136\Dropbox\FPGA\Microsemi\Nokia5110_Driver_12_1\component\work\URAM_C0\URAM_C0.vhd (2019-11-06 03:34:31)
13       C:\Users\Phoenix136\Dropbox\FPGA\Microsemi\Nokia5110_Driver_12_1\component\work\URAM_C0\URAM_C0_0\URAM_C0_URAM_C0_0_URAM.vhd (2019-11-06 03:34:31)
15       C:\Users\Phoenix136\Dropbox\FPGA\Microsemi\Nokia5110_Driver_12_1\hdl\timer.vhd (2019-11-06 01:51:54)

*******************************************************************
Unchanged modules: 6
MID:  lib.cell.view
2        work.nokia5110_driver_block_sd.rtl
3        work.nokia5110_driver_block_sd.vhdl
6        work.uram_c0.rtl
7        work.uram_c0.vhdl
8        work.uram_c0_uram_c0_0_uram.def_arch
9        work.uram_c0_uram_c0_0_uram.vhdl
