Software Version: 12.600.0.14
Embedded FlashPro5 programmer detected.
programmer 'E2001943SW' : FlashPro5
Opened 'C:\Users\Phoenix136\Dropbox\FPGA\Microsemi\Nokia5110_basic\designer\LCD_Controller_System\LCD_Controller_System_fp\LCD_Controller_System.pro'
The 'open_project' command succeeded.
Warning: Programming is already enabled for device 'M2S010'.
The 'enable_device' command succeeded.
PPD file 'C:/Users/Phoenix136/Dropbox/FPGA/Microsemi/Nokia5110_basic/designer/LCD_Controller_System/LCD_Controller_System.ppd' has been loaded successfully.
DESIGN : LCD_Controller_System;  CHECKSUM : C457;  PDB_VERSION : 1.0
The 'set_programming_file' command succeeded.
The 'set_programming_action' command succeeded.
programmer 'E2001943SW' : Scan Chain...
programmer 'E2001943SW' : Check Chain...
programmer 'E2001943SW' : Scan and Check Chain PASSED.
programmer 'E2001943SW' : device 'M2S010' : Executing action PROGRAM
programmer 'E2001943SW' : device 'M2S010' : Family: Igloo2
programmer 'E2001943SW' : device 'M2S010' : Product:      M2GL005
programmer 'E2001943SW' : device 'M2S010' : EXPORT ISC_ENABLE_RESULT[32] = 007c6844
programmer 'E2001943SW' : device 'M2S010' : EXPORT CRCERR[1] = 0
programmer 'E2001943SW' : device 'M2S010' : EXPORT EDCERR[1] = 0
programmer 'E2001943SW' : device 'M2S010' : Programming FPGA Array...
programmer 'E2001943SW' : device 'M2S010' : EXPORT Fabric component digest[256] = 3d29b49771f49c4dba05f4d586b3f3e44ba3e8b5283ac7348381225f4c3e138e
programmer 'E2001943SW' : device 'M2S010' : ===================================================================================
programmer 'E2001943SW' : device 'M2S010' : EXPORT DSN[128] = 820f3a77ad5c172418405befcc9be916
programmer 'E2001943SW' : device 'M2S010' : ===================================================================================
programmer 'E2001943SW' : device 'M2S010' : Finished: Tue Oct 29 01:05:42 2019 (Elapsed time 00:00:23)
programmer 'E2001943SW' : device 'M2S010' : Executing action PROGRAM PASSED.
programmer 'E2001943SW' : Chain programming PASSED.
Chain Programming Finished: Tue Oct 29 01:05:42 2019 (Elapsed time 00:00:23)

                        o - o - o - o - o - o

The 'run_selected_actions' command succeeded.
The 'set_programming_file' command succeeded.
Project saved.
The 'save_project' command succeeded.
Project closed.
Exported log file C:\Users\Phoenix136\Dropbox\FPGA\Microsemi\Nokia5110_basic\designer\LCD_Controller_System\LCD_Controller_System_fp\LCD_Controller_System.log.
The 'close_project' command succeeded.
The Execute Script command succeeded.
