Resource Report
Microsemi Corporation - Microsemi Libero Software Release v12.1 (Version 12.600.0.14)
Date: Sat Oct 26 17:51:53 2019

Device Selection
+--------------------------------+----------------+
| Family                         | SmartFusion2   |
| Device                         | M2S010         |
| Package                        | 144 TQ         |
| Speed Grade                    | STD            |
| Temp                           | 0:25:85        |
| Voltage                        | 1.26:1.20:1.14 |
| Core Voltage                   | 1.2V           |
| Ramp Rate                      | 100ms Minimum  |
| System Controller Suspend Mode | No             |
| PLL Supply Voltage             | 2.5V           |
| Default I/O technology         | LVCMOS 2.5V    |
| Restrict Probe Pins            | Yes            |
| Restrict SPI Pins              | No             |
+--------------------------------+----------------+

Source Files
+---------+--------------------------------------------------------------------------------------------+
| Topcell | Blinking_System                                                                            |
| Format  | Verilog                                                                                    |
| Source  | C:\Users\Phoenix136\Dropbox\FPGA\Microsemi\Blink_The_Good_One\synthesis\Blinking_System.vm |
+---------+--------------------------------------------------------------------------------------------+

Options
+----------------------------------------------------+-------+
| Enable Single Event Transient mitigation           | false |
| Enable Design Separation Methodology               | false |
| Limit the number of high fanout nets to display to | 10    |
+----------------------------------------------------+-------+

Resource Usage
+---------------------------+------+-------+------------+
| Type                      | Used | Total | Percentage |
+---------------------------+------+-------+------------+
| 4LUT                      | 1062 | 12084 | 8.79       |
| DFF                       | 390  | 12084 | 3.23       |
| I/O Register              | 0    | 252   | 0.00       |
| User I/O                  | 23   | 84    | 27.38      |
| -- Single-ended I/O       | 23   | 84    | 27.38      |
| -- Differential I/O Pairs | 0    | 37    | 0.00       |
| RAM64x18                  | 2    | 22    | 9.09       |
| RAM1K18                   | 0    | 21    | 0.00       |
| MACC                      | 0    | 22    | 0.00       |
| Chip Globals              | 3    | 8     | 37.50      |
| CCC                       | 1    | 2     | 50.00      |
| RCOSC_25_50MHZ            | 1    | 1     | 100.00     |
| RCOSC_1MHZ                | 0    | 1     | 0.00       |
| XTLOSC                    | 0    | 1     | 0.00       |
| MSS                       | 0    | 1     | 0.00       |
+---------------------------+------+-------+------------+

Detailed Logic Resource Usage
+--------------------------+------+-----+
| Type                     | 4LUT | DFF |
+--------------------------+------+-----+
| Fabric Logic             | 990  | 318 |
| RAM64x18 Interface Logic | 72   | 72  |
| RAM1K18 Interface Logic  | 0    | 0   |
| MACC Interface Logic     | 0    | 0   |
| Total Used               | 1062 | 390 |
+--------------------------+------+-----+

Detailed Carry Chains Resource Usage
+--------+------+
| Length | Used |
| 2      | 28   |
| 8      | 3    |
| 9      | 2    |
| 16     | 1    |
| 18     | 1    |
| 19     | 1    |
| Total  | 36   |
+--------+------+

I/O Function
+-------------------------------+--------------+-------------+-----------------+
| Type                          | w/o register | w/ register | w/ DDR register |
+-------------------------------+--------------+-------------+-----------------+
| Input I/O                     | 2            | 0           | 0               |
| Output I/O                    | 19           | 0           | 0               |
| Bidirectional I/O             | 2            | 0           | 0               |
| Differential Input I/O Pairs  | 0            | 0           | 0               |
| Differential Output I/O Pairs | 0            | 0           | 0               |
+-------------------------------+--------------+-------------+-----------------+

I/O Technology
+--------------+--------+------+-------+--------+---------------+
| I/O Standard | Vddi   | Vref | Input | Output | Bidirectional |
+--------------+--------+------+-------+--------+---------------+
| LVCMOS25     |  2.50v |  N/A |  2    |  19    |  2            |
+--------------+--------+------+-------+--------+---------------+

I/O Placement
+----------+-------+------------+
| Type     | Count | Percentage |
+----------+-------+------------+
| Locked   |  0    | 0.00%      |
| Placed   |  0    | 0.00%      |
| UnPlaced |  23   | 100.00%    |
+----------+-------+------------+

Nets assigned to chip global resources
+--------+---------+------------------------------------------------------------+
| Fanout | Type    | Name                                                       |
+--------+---------+------------------------------------------------------------+
| 283    | INT_NET | Net   : FCCC_C0_0_GL0                                      |
|        |         | Driver: FCCC_C0_0/FCCC_C0_0/GL0_INST/U0_RGB1               |
|        |         | Source: NETLIST                                            |
| 263    | INT_NET | Net   : COREABC_C0_0_PRESETN                               |
|        |         | Driver: COREABC_C0_0/COREABC_C0_0/RSTSYNC2_RNI49BF/U0_RGB1 |
|        |         | Source: NETLIST                                            |
| 39     | INT_NET | Net   : FCCC_C0_0_GL1                                      |
|        |         | Driver: FCCC_C0_0/FCCC_C0_0/GL1_INST/U0_RGB1               |
|        |         | Source: NETLIST                                            |
+--------+---------+------------------------------------------------------------+

Nets assigned to row global resources
+--------+------+------+
| Fanout | Type | Name |
+--------+------+------+
+--------+------+------+

High fanout nets
+--------+---------+--------------------------------------------------------------------------+
| Fanout | Type    | Name                                                                     |
+--------+---------+--------------------------------------------------------------------------+
| 99     | INT_NET | Net   : COREABC_C0_0/COREABC_C0_0/SMADDR[1]                              |
|        |         | Driver: COREABC_C0_0/COREABC_C0_0/SMADDR[1]                              |
| 93     | INT_NET | Net   : COREABC_C0_0/COREABC_C0_0/SMADDR[5]                              |
|        |         | Driver: COREABC_C0_0/COREABC_C0_0/SMADDR[5]                              |
| 77     | INT_NET | Net   : COREABC_C0_0/COREABC_C0_0/SMADDR[2]                              |
|        |         | Driver: COREABC_C0_0/COREABC_C0_0/SMADDR[2]                              |
| 52     | INT_NET | Net   : COREABC_C0_0/COREABC_C0_0/SMADDR[4]                              |
|        |         | Driver: COREABC_C0_0/COREABC_C0_0/SMADDR[4]                              |
| 48     | INT_NET | Net   : COREABC_C0_0/COREABC_C0_0/SMADDR[0]                              |
|        |         | Driver: COREABC_C0_0/COREABC_C0_0/SMADDR[0]                              |
| 41     | INT_NET | Net   : COREABC_C0_0/COREABC_C0_0/SMADDR[3]                              |
|        |         | Driver: COREABC_C0_0/COREABC_C0_0/SMADDR[3]                              |
| 38     | INT_NET | Net   : COREABC_C0_0_APB3master_PADDR[2]                                 |
|        |         | Driver: COREABC_C0_0/COREABC_C0_0/UROM.UROM/INS_0_dreg[12]               |
| 37     | INT_NET | Net   : COREABC_C0_0/COREABC_C0_0/SMADDR[6]                              |
|        |         | Driver: COREABC_C0_0/COREABC_C0_0/SMADDR[6]                              |
| 36     | INT_NET | Net   : COREI2C_C0_0/COREI2C_C0_0/G0a.0.ui2c/un24_nedetect               |
|        |         | Driver: COREI2C_C0_0/COREI2C_C0_0/G0a.0.ui2c/fsmsta_nxt_0_sqmuxa_13_i_o3 |
| 32     | INT_NET | Net   : LED_Controller_0/CH0_Value_0_sqmuxa_Z                            |
|        |         | Driver: LED_Controller_0/CH0_Value_0_sqmuxa                              |
+--------+---------+--------------------------------------------------------------------------+

High fanout nets (through buffer trees)
+--------+---------+--------------------------------------------------------------------------+
| Fanout | Type    | Name                                                                     |
+--------+---------+--------------------------------------------------------------------------+
| 99     | INT_NET | Net   : COREABC_C0_0/COREABC_C0_0/SMADDR[1]                              |
|        |         | Driver: COREABC_C0_0/COREABC_C0_0/SMADDR[1]                              |
| 93     | INT_NET | Net   : COREABC_C0_0/COREABC_C0_0/SMADDR[5]                              |
|        |         | Driver: COREABC_C0_0/COREABC_C0_0/SMADDR[5]                              |
| 77     | INT_NET | Net   : COREABC_C0_0/COREABC_C0_0/SMADDR[2]                              |
|        |         | Driver: COREABC_C0_0/COREABC_C0_0/SMADDR[2]                              |
| 52     | INT_NET | Net   : COREABC_C0_0/COREABC_C0_0/SMADDR[4]                              |
|        |         | Driver: COREABC_C0_0/COREABC_C0_0/SMADDR[4]                              |
| 48     | INT_NET | Net   : COREABC_C0_0/COREABC_C0_0/SMADDR[0]                              |
|        |         | Driver: COREABC_C0_0/COREABC_C0_0/SMADDR[0]                              |
| 41     | INT_NET | Net   : COREABC_C0_0/COREABC_C0_0/SMADDR[3]                              |
|        |         | Driver: COREABC_C0_0/COREABC_C0_0/SMADDR[3]                              |
| 38     | INT_NET | Net   : COREABC_C0_0_APB3master_PADDR[2]                                 |
|        |         | Driver: COREABC_C0_0/COREABC_C0_0/UROM.UROM/INS_0_dreg[12]               |
| 37     | INT_NET | Net   : COREABC_C0_0/COREABC_C0_0/SMADDR[6]                              |
|        |         | Driver: COREABC_C0_0/COREABC_C0_0/SMADDR[6]                              |
| 36     | INT_NET | Net   : COREI2C_C0_0/COREI2C_C0_0/G0a.0.ui2c/un24_nedetect               |
|        |         | Driver: COREI2C_C0_0/COREI2C_C0_0/G0a.0.ui2c/fsmsta_nxt_0_sqmuxa_13_i_o3 |
| 32     | INT_NET | Net   : LED_Controller_0/CH0_Value_0_sqmuxa_Z                            |
|        |         | Driver: LED_Controller_0/CH0_Value_0_sqmuxa                              |
+--------+---------+--------------------------------------------------------------------------+

