# Reading C:/Microsemi/Libero_SoC_v12.1/ModelSim/tcl/vsim/pref.tcl
# do run.do
# INFO: Simulation library presynth already exists
# Model Technology ModelSim Microsemi vmap 10.7c Lib Mapping Utility 2018.10 Oct 15 2018
# vmap presynth presynth 
# Modifying modelsim.ini
# Model Technology ModelSim Microsemi vmap 10.7c Lib Mapping Utility 2018.10 Oct 15 2018
# vmap SmartFusion2 C:/Microsemi/Libero_SoC_v12.1/Designer/lib/modelsimpro/precompiled/vlog/SmartFusion2 
# Modifying modelsim.ini
# Model Technology ModelSim Microsemi vcom 10.7c Compiler 2018.10 Oct 15 2018
# Start time: 23:44:32 on Feb 21,2020
# vcom -reportprogress 300 -2008 -explicit -work presynth C:/Users/Phoenix136/Dropbox/FPGA/Microsemi/FFT_Core/hdl/FFT_Package.vhd 
# -- Loading package STANDARD
# -- Loading package TEXTIO
# -- Loading package std_logic_1164
# -- Loading package NUMERIC_STD
# -- Compiling package FFT_package
# End time: 23:44:32 on Feb 21,2020, Elapsed time: 0:00:00
# Errors: 0, Warnings: 0
# Model Technology ModelSim Microsemi vcom 10.7c Compiler 2018.10 Oct 15 2018
# Start time: 23:44:32 on Feb 21,2020
# vcom -reportprogress 300 -2008 -explicit -work presynth C:/Users/Phoenix136/Dropbox/FPGA/Microsemi/FFT_Core/hdl/FFT_Sample_Outputer.vhd 
# -- Loading package STANDARD
# -- Loading package TEXTIO
# -- Loading package std_logic_1164
# -- Loading package NUMERIC_STD
# -- Loading package FFT_package
# -- Compiling entity FFT_Sample_Outputer
# -- Compiling architecture architecture_FFT_Sample_Outputer of FFT_Sample_Outputer
# End time: 23:44:32 on Feb 21,2020, Elapsed time: 0:00:00
# Errors: 0, Warnings: 0
# Model Technology ModelSim Microsemi vcom 10.7c Compiler 2018.10 Oct 15 2018
# Start time: 23:44:32 on Feb 21,2020
# vcom -reportprogress 300 -2008 -explicit -work presynth C:/Users/Phoenix136/Dropbox/FPGA/Microsemi/FFT_Core/stimulus/FFT_Sample_Outputer_tb.vhd 
# -- Loading package STANDARD
# -- Loading package TEXTIO
# -- Loading package std_logic_1164
# -- Loading package NUMERIC_STD
# -- Loading package FFT_package
# -- Loading package util
# -- Compiling entity FFT_Sample_Outputer_tb
# -- Compiling architecture behavioral of FFT_Sample_Outputer_tb
# End time: 23:44:32 on Feb 21,2020, Elapsed time: 0:00:00
# Errors: 0, Warnings: 0
# vsim -L SmartFusion2 -L presynth -t 1fs presynth.FFT_Sample_Outputer_tb 
# Start time: 23:44:32 on Feb 21,2020
# //  ModelSim Microsemi 10.7c Oct 15 2018
# //
# //  Copyright 1991-2018 Mentor Graphics Corporation
# //  All Rights Reserved.
# //
# //  ModelSim Microsemi and its associated documentation contain trade
# //  secrets and commercial or financial information that are the property of
# //  Mentor Graphics Corporation and are privileged, confidential,
# //  and exempt from disclosure under the Freedom of Information Act,
# //  5 U.S.C. Section 552. Furthermore, this information
# //  is prohibited from disclosure under the Trade Secrets Act,
# //  18 U.S.C. Section 1905.
# //
# Loading std.standard
# Loading std.textio(body)
# Loading ieee.std_logic_1164(body)
# Loading ieee.numeric_std(body)
# Loading presynth.fft_package
# Loading modelsim_lib.util(body)
# Loading presynth.fft_sample_outputer_tb(behavioral)
# Loading presynth.fft_sample_outputer(architecture_fft_sample_outputer)
# ** Note: init_signal_spy [C:/Users/Phoenix136/Dropbox/FPGA/Microsemi/FFT_Core/stimulus/FFT_Sample_Outputer_tb.vhd] : Mirroring the value of '/fft_sample_outputer_tb/FFT_Sample_Outputer_0/output_en_sig' onto '/fft_sample_outputer_tb/output_en_sig_spy'.
# ** Note: init_signal_spy [C:/Users/Phoenix136/Dropbox/FPGA/Microsemi/FFT_Core/stimulus/FFT_Sample_Outputer_tb.vhd] : Mirroring the value of '/fft_sample_outputer_tb/FFT_Sample_Outputer_0/output_en_last' onto '/fft_sample_outputer_tb/output_en_last_spy'.
# ** Note: init_signal_spy [C:/Users/Phoenix136/Dropbox/FPGA/Microsemi/FFT_Core/stimulus/FFT_Sample_Outputer_tb.vhd] : Mirroring the value of '/fft_sample_outputer_tb/FFT_Sample_Outputer_0/output_adr_sig' onto '/fft_sample_outputer_tb/output_adr_sig_spy'.
# ** Error: RAM write error
#    Time: 235 ns  Iteration: 0  Instance: /fft_sample_outputer_tb
# ** Error: RAM write error
#    Time: 285 ns  Iteration: 0  Instance: /fft_sample_outputer_tb
# ** Error: RAM write error
#    Time: 335 ns  Iteration: 0  Instance: /fft_sample_outputer_tb
# ** Error: RAM write error
#    Time: 385 ns  Iteration: 0  Instance: /fft_sample_outputer_tb
# ** Error: RAM write error
#    Time: 435 ns  Iteration: 0  Instance: /fft_sample_outputer_tb
# ** Error: RAM write error
#    Time: 485 ns  Iteration: 0  Instance: /fft_sample_outputer_tb
# ** Error: RAM write error
#    Time: 535 ns  Iteration: 0  Instance: /fft_sample_outputer_tb
# ** Error: RAM write error
#    Time: 585 ns  Iteration: 0  Instance: /fft_sample_outputer_tb
# ** Error: RAM write error
#    Time: 635 ns  Iteration: 0  Instance: /fft_sample_outputer_tb
# ** Error: RAM write error
#    Time: 685 ns  Iteration: 0  Instance: /fft_sample_outputer_tb
# ** Error: RAM write error
#    Time: 735 ns  Iteration: 0  Instance: /fft_sample_outputer_tb
# ** Error: RAM write error
#    Time: 785 ns  Iteration: 0  Instance: /fft_sample_outputer_tb
# ** Error: RAM write error
#    Time: 835 ns  Iteration: 0  Instance: /fft_sample_outputer_tb
# ** Error: RAM write error
#    Time: 885 ns  Iteration: 0  Instance: /fft_sample_outputer_tb
# ** Error: RAM write error
#    Time: 935 ns  Iteration: 0  Instance: /fft_sample_outputer_tb
# ** Error: RAM write error
#    Time: 985 ns  Iteration: 0  Instance: /fft_sample_outputer_tb
# End time: 23:47:20 on Feb 21,2020, Elapsed time: 0:02:48
# Errors: 16, Warnings: 0
