# do run.do
# INFO: Simulation library presynth already exists
# Model Technology ModelSim Microsemi vmap 10.7c Lib Mapping Utility 2018.10 Oct 15 2018
# vmap presynth presynth 
# Modifying modelsim.ini
# Model Technology ModelSim Microsemi vmap 10.7c Lib Mapping Utility 2018.10 Oct 15 2018
# vmap SmartFusion2 C:/Microsemi/Libero_SoC_v12.1/Designer/lib/modelsimpro/precompiled/vlog/SmartFusion2 
# Modifying modelsim.ini
# Error: 捁散獳椠⁳敤楮摥മ
# 普o럭賽᱗贀剐䍏卅体归䕌䕖㵌㌲
#        Unable to replace existing ini file (modelsim.ini).  File can not be renamed.
# Model Technology ModelSim Microsemi vcom 10.7c Compiler 2018.10 Oct 15 2018
# Start time: 21:26:39 on Feb 23,2020
# vcom -2008 -explicit -work presynth C:/Users/Phoenix136/Dropbox/FPGA/Microsemi/FFT_Core/hdl/FFT_Butterfly_HW_MATHDSP.vhd 
# -- Loading package STANDARD
# -- Loading package TEXTIO
# -- Loading package std_logic_1164
# -- Loading package NUMERIC_STD
# -- Compiling entity FFT_Butterfly_HW_MATHDSP
# -- Compiling architecture architecture_FFT_Butterfly_HW_MATHDSP of FFT_Butterfly_HW_MATHDSP
# End time: 21:26:39 on Feb 23,2020, Elapsed time: 0:00:00
# Errors: 0, Warnings: 0
# Model Technology ModelSim Microsemi vcom 10.7c Compiler 2018.10 Oct 15 2018
# Start time: 21:26:39 on Feb 23,2020
# vcom -2008 -explicit -work presynth C:/Users/Phoenix136/Dropbox/FPGA/Microsemi/FFT_Core/hdl/FFT_Package.vhd 
# -- Loading package STANDARD
# -- Loading package TEXTIO
# -- Loading package std_logic_1164
# -- Loading package NUMERIC_STD
# -- Compiling package FFT_package
# -- Compiling package body FFT_package
# -- Loading package FFT_package
# End time: 21:26:39 on Feb 23,2020, Elapsed time: 0:00:00
# Errors: 0, Warnings: 0
# Model Technology ModelSim Microsemi vcom 10.7c Compiler 2018.10 Oct 15 2018
# Start time: 21:26:39 on Feb 23,2020
# vcom -2008 -explicit -work presynth C:/Users/Phoenix136/Dropbox/FPGA/Microsemi/FFT_Core/stimulus/FFT_Butterfly_HW_MATHDSP_tb.vhd 
# -- Loading package STANDARD
# -- Loading package TEXTIO
# -- Loading package std_logic_1164
# -- Loading package NUMERIC_STD
# -- Loading package MATH_REAL
# -- Loading package FFT_package
# -- Loading package util
# -- Compiling entity FFT_Butterfly_HW_MATHDSP_tb
# -- Compiling architecture behavioral of FFT_Butterfly_HW_MATHDSP_tb
# End time: 21:26:39 on Feb 23,2020, Elapsed time: 0:00:00
# Errors: 0, Warnings: 0
# vsim -L SmartFusion2 -L presynth -t 1fs presynth.FFT_Butterfly_HW_MATHDSP_tb 
# Start time: 21:26:39 on Feb 23,2020
# //  ModelSim Microsemi 10.7c Oct 15 2018
# //
# //  Copyright 1991-2018 Mentor Graphics Corporation
# //  All Rights Reserved.
# //
# //  ModelSim Microsemi and its associated documentation contain trade
# //  secrets and commercial or financial information that are the property of
# //  Mentor Graphics Corporation and are privileged, confidential,
# //  and exempt from disclosure under the Freedom of Information Act,
# //  5 U.S.C. Section 552. Furthermore, this information
# //  is prohibited from disclosure under the Trade Secrets Act,
# //  18 U.S.C. Section 1905.
# //
# Loading std.standard
# Loading std.textio(body)
# Loading ieee.std_logic_1164(body)
# Loading ieee.numeric_std(body)
# Loading ieee.math_real(body)
# Loading presynth.fft_package(body)
# Loading modelsim_lib.util(body)
# Loading presynth.fft_butterfly_hw_mathdsp_tb(behavioral)
# Loading presynth.fft_butterfly_hw_mathdsp(architecture_fft_butterfly_hw_mathdsp)
# ** Note: 0 = 0 * 0 + 0 * 0
#    Time: 120 ns  Iteration: 0  Instance: /fft_butterfly_hw_mathdsp_tb
# ** Note: 0 = 0 * 0 - 0 * 0
#    Time: 120 ns  Iteration: 0  Instance: /fft_butterfly_hw_mathdsp_tb
# ** Note: -2 = 121 * -98 + 47 * 236
#    Time: 140 ns  Iteration: 0  Instance: /fft_butterfly_hw_mathdsp_tb
# ** Note: -65 = 47 * -98 - 121 * 236
#    Time: 140 ns  Iteration: 0  Instance: /fft_butterfly_hw_mathdsp_tb
# ** Note: 254 = 255 * 255 + 255 * 255
#    Time: 160 ns  Iteration: 0  Instance: /fft_butterfly_hw_mathdsp_tb
# ** Note: 0 = 255 * 255 - 255 * 255
#    Time: 160 ns  Iteration: 0  Instance: /fft_butterfly_hw_mathdsp_tb
# ** Note: -255 = -255 * 255 + -255 * 255
#    Time: 180 ns  Iteration: 0  Instance: /fft_butterfly_hw_mathdsp_tb
# ** Note: 0 = -255 * 255 - -255 * 255
#    Time: 180 ns  Iteration: 0  Instance: /fft_butterfly_hw_mathdsp_tb
# ** Warning: NUMERIC_STD.TO_SIGNED: vector truncated
#    Time: 190 ns  Iteration: 0  Instance: /fft_butterfly_hw_mathdsp_tb
# ** Warning: NUMERIC_STD.TO_SIGNED: vector truncated
#    Time: 190 ns  Iteration: 0  Instance: /fft_butterfly_hw_mathdsp_tb
# ** Warning: NUMERIC_STD.TO_SIGNED: vector truncated
#    Time: 190 ns  Iteration: 0  Instance: /fft_butterfly_hw_mathdsp_tb
# ** Warning: NUMERIC_STD.TO_SIGNED: vector truncated
#    Time: 190 ns  Iteration: 0  Instance: /fft_butterfly_hw_mathdsp_tb
# ** Warning: NUMERIC_STD.TO_SIGNED: vector truncated
#    Time: 190 ns  Iteration: 0  Instance: /fft_butterfly_hw_mathdsp_tb
# ** Warning: NUMERIC_STD.TO_SIGNED: vector truncated
#    Time: 190 ns  Iteration: 0  Instance: /fft_butterfly_hw_mathdsp_tb
# ** Note: -5 = -181 * -1 + 170 * -14
#    Time: 200 ns  Iteration: 0  Instance: /fft_butterfly_hw_mathdsp_tb
# ** Note: -6 = 170 * -1 - -181 * -14
#    Time: 200 ns  Iteration: 0  Instance: /fft_butterfly_hw_mathdsp_tb
# ** Warning: NUMERIC_STD.TO_SIGNED: vector truncated
#    Time: 210 ns  Iteration: 0  Instance: /fft_butterfly_hw_mathdsp_tb
# ** Warning: NUMERIC_STD.TO_SIGNED: vector truncated
#    Time: 210 ns  Iteration: 0  Instance: /fft_butterfly_hw_mathdsp_tb
# ** Warning: NUMERIC_STD.TO_SIGNED: vector truncated
#    Time: 210 ns  Iteration: 0  Instance: /fft_butterfly_hw_mathdsp_tb
# ** Warning: NUMERIC_STD.TO_SIGNED: vector truncated
#    Time: 210 ns  Iteration: 0  Instance: /fft_butterfly_hw_mathdsp_tb
# ** Note: -28 = 104 * -172 + 85 * 43
#    Time: 220 ns  Iteration: 0  Instance: /fft_butterfly_hw_mathdsp_tb
# ** Note: -38 = 85 * -172 - 104 * 43
#    Time: 220 ns  Iteration: 0  Instance: /fft_butterfly_hw_mathdsp_tb
# ** Warning: NUMERIC_STD.TO_SIGNED: vector truncated
#    Time: 230 ns  Iteration: 0  Instance: /fft_butterfly_hw_mathdsp_tb
# ** Warning: NUMERIC_STD.TO_SIGNED: vector truncated
#    Time: 230 ns  Iteration: 0  Instance: /fft_butterfly_hw_mathdsp_tb
# ** Warning: NUMERIC_STD.TO_SIGNED: vector truncated
#    Time: 230 ns  Iteration: 0  Instance: /fft_butterfly_hw_mathdsp_tb
# ** Warning: NUMERIC_STD.TO_SIGNED: vector truncated
#    Time: 230 ns  Iteration: 0  Instance: /fft_butterfly_hw_mathdsp_tb
# ** Warning: NUMERIC_STD.TO_SIGNED: vector truncated
#    Time: 230 ns  Iteration: 0  Instance: /fft_butterfly_hw_mathdsp_tb
# ** Warning: NUMERIC_STD.TO_SIGNED: vector truncated
#    Time: 230 ns  Iteration: 0  Instance: /fft_butterfly_hw_mathdsp_tb
# ** Note: 0 = 153 * -47 + 135 * 57
#    Time: 240 ns  Iteration: 0  Instance: /fft_butterfly_hw_mathdsp_tb
# ** Note: -30 = 135 * -47 - 153 * 57
#    Time: 240 ns  Iteration: 0  Instance: /fft_butterfly_hw_mathdsp_tb
# ** Warning: NUMERIC_STD.TO_SIGNED: vector truncated
#    Time: 250 ns  Iteration: 0  Instance: /fft_butterfly_hw_mathdsp_tb
# ** Warning: NUMERIC_STD.TO_SIGNED: vector truncated
#    Time: 250 ns  Iteration: 0  Instance: /fft_butterfly_hw_mathdsp_tb
# ** Warning: NUMERIC_STD.TO_SIGNED: vector truncated
#    Time: 250 ns  Iteration: 0  Instance: /fft_butterfly_hw_mathdsp_tb
# ** Warning: NUMERIC_STD.TO_SIGNED: vector truncated
#    Time: 250 ns  Iteration: 0  Instance: /fft_butterfly_hw_mathdsp_tb
# ** Warning: NUMERIC_STD.TO_SIGNED: vector truncated
#    Time: 250 ns  Iteration: 0  Instance: /fft_butterfly_hw_mathdsp_tb
# ** Warning: NUMERIC_STD.TO_SIGNED: vector truncated
#    Time: 250 ns  Iteration: 0  Instance: /fft_butterfly_hw_mathdsp_tb
# ** Note: 2 = -21 * 47 + -44 * -51
#    Time: 260 ns  Iteration: 0  Instance: /fft_butterfly_hw_mathdsp_tb
# ** Note: -7 = -44 * 47 - -21 * -51
#    Time: 260 ns  Iteration: 0  Instance: /fft_butterfly_hw_mathdsp_tb
# ** Warning: NUMERIC_STD.TO_SIGNED: vector truncated
#    Time: 270 ns  Iteration: 0  Instance: /fft_butterfly_hw_mathdsp_tb
# ** Warning: NUMERIC_STD.TO_SIGNED: vector truncated
#    Time: 270 ns  Iteration: 0  Instance: /fft_butterfly_hw_mathdsp_tb
# ** Warning: NUMERIC_STD.TO_SIGNED: vector truncated
#    Time: 270 ns  Iteration: 0  Instance: /fft_butterfly_hw_mathdsp_tb
# ** Warning: NUMERIC_STD.TO_SIGNED: vector truncated
#    Time: 270 ns  Iteration: 0  Instance: /fft_butterfly_hw_mathdsp_tb
# ** Warning: NUMERIC_STD.TO_SIGNED: vector truncated
#    Time: 270 ns  Iteration: 0  Instance: /fft_butterfly_hw_mathdsp_tb
# ** Warning: NUMERIC_STD.TO_SIGNED: vector truncated
#    Time: 270 ns  Iteration: 0  Instance: /fft_butterfly_hw_mathdsp_tb
# ** Note: 19 = -48 * -39 + 185 * 45
#    Time: 280 ns  Iteration: 0  Instance: /fft_butterfly_hw_mathdsp_tb
# ** Note: -10 = 185 * -39 - -48 * 45
#    Time: 280 ns  Iteration: 0  Instance: /fft_butterfly_hw_mathdsp_tb
# ** Warning: NUMERIC_STD.TO_SIGNED: vector truncated
#    Time: 290 ns  Iteration: 0  Instance: /fft_butterfly_hw_mathdsp_tb
# ** Warning: NUMERIC_STD.TO_SIGNED: vector truncated
#    Time: 290 ns  Iteration: 0  Instance: /fft_butterfly_hw_mathdsp_tb
# ** Warning: NUMERIC_STD.TO_SIGNED: vector truncated
#    Time: 290 ns  Iteration: 0  Instance: /fft_butterfly_hw_mathdsp_tb
# ** Warning: NUMERIC_STD.TO_SIGNED: vector truncated
#    Time: 290 ns  Iteration: 0  Instance: /fft_butterfly_hw_mathdsp_tb
# ** Note: -20 = -11 * 2 + -87 * 113
#    Time: 300 ns  Iteration: 0  Instance: /fft_butterfly_hw_mathdsp_tb
# ** Note: 2 = -87 * 2 - -11 * 113
#    Time: 300 ns  Iteration: 0  Instance: /fft_butterfly_hw_mathdsp_tb
# ** Warning: NUMERIC_STD.TO_SIGNED: vector truncated
#    Time: 310 ns  Iteration: 0  Instance: /fft_butterfly_hw_mathdsp_tb
# ** Warning: NUMERIC_STD.TO_SIGNED: vector truncated
#    Time: 310 ns  Iteration: 0  Instance: /fft_butterfly_hw_mathdsp_tb
# ** Warning: NUMERIC_STD.TO_SIGNED: vector truncated
#    Time: 310 ns  Iteration: 0  Instance: /fft_butterfly_hw_mathdsp_tb
# ** Warning: NUMERIC_STD.TO_SIGNED: vector truncated
#    Time: 310 ns  Iteration: 0  Instance: /fft_butterfly_hw_mathdsp_tb
# ** Warning: NUMERIC_STD.TO_SIGNED: vector truncated
#    Time: 310 ns  Iteration: 0  Instance: /fft_butterfly_hw_mathdsp_tb
# ** Warning: NUMERIC_STD.TO_SIGNED: vector truncated
#    Time: 310 ns  Iteration: 0  Instance: /fft_butterfly_hw_mathdsp_tb
# ** Note: -136 = 236 * -112 + -246 * 174
#    Time: 320 ns  Iteration: 0  Instance: /fft_butterfly_hw_mathdsp_tb
# ** Note: -27 = -246 * -112 - 236 * 174
#    Time: 320 ns  Iteration: 0  Instance: /fft_butterfly_hw_mathdsp_tb
# ** Warning: NUMERIC_STD.TO_SIGNED: vector truncated
#    Time: 330 ns  Iteration: 0  Instance: /fft_butterfly_hw_mathdsp_tb
# ** Warning: NUMERIC_STD.TO_SIGNED: vector truncated
#    Time: 330 ns  Iteration: 0  Instance: /fft_butterfly_hw_mathdsp_tb
# ** Note: -94 = 119 * 5 + -228 * 212
#    Time: 340 ns  Iteration: 0  Instance: /fft_butterfly_hw_mathdsp_tb
# ** Note: -52 = -228 * 5 - 119 * 212
#    Time: 340 ns  Iteration: 0  Instance: /fft_butterfly_hw_mathdsp_tb
# ** Warning: NUMERIC_STD.TO_SIGNED: vector truncated
#    Time: 350 ns  Iteration: 0  Instance: /fft_butterfly_hw_mathdsp_tb
# ** Warning: NUMERIC_STD.TO_SIGNED: vector truncated
#    Time: 350 ns  Iteration: 0  Instance: /fft_butterfly_hw_mathdsp_tb
# ** Warning: NUMERIC_STD.TO_SIGNED: vector truncated
#    Time: 350 ns  Iteration: 0  Instance: /fft_butterfly_hw_mathdsp_tb
# ** Warning: NUMERIC_STD.TO_SIGNED: vector truncated
#    Time: 350 ns  Iteration: 0  Instance: /fft_butterfly_hw_mathdsp_tb
# ** Warning: NUMERIC_STD.TO_SIGNED: vector truncated
#    Time: 350 ns  Iteration: 0  Instance: /fft_butterfly_hw_mathdsp_tb
# ** Warning: NUMERIC_STD.TO_SIGNED: vector truncated
#    Time: 350 ns  Iteration: 0  Instance: /fft_butterfly_hw_mathdsp_tb
# ** Note: -96 = 137 * -225 + 171 * -107
#    Time: 360 ns  Iteration: 0  Instance: /fft_butterfly_hw_mathdsp_tb
# ** Note: -47 = 171 * -225 - 137 * -107
#    Time: 360 ns  Iteration: 0  Instance: /fft_butterfly_hw_mathdsp_tb
# ** Warning: NUMERIC_STD.TO_SIGNED: vector truncated
#    Time: 370 ns  Iteration: 0  Instance: /fft_butterfly_hw_mathdsp_tb
# ** Warning: NUMERIC_STD.TO_SIGNED: vector truncated
#    Time: 370 ns  Iteration: 0  Instance: /fft_butterfly_hw_mathdsp_tb
# ** Warning: NUMERIC_STD.TO_SIGNED: vector truncated
#    Time: 370 ns  Iteration: 0  Instance: /fft_butterfly_hw_mathdsp_tb
# ** Warning: NUMERIC_STD.TO_SIGNED: vector truncated
#    Time: 370 ns  Iteration: 0  Instance: /fft_butterfly_hw_mathdsp_tb
# ** Note: -100 = 126 * -158 + 230 * -135
#    Time: 380 ns  Iteration: 0  Instance: /fft_butterfly_hw_mathdsp_tb
# ** Note: -38 = 230 * -158 - 126 * -135
#    Time: 380 ns  Iteration: 0  Instance: /fft_butterfly_hw_mathdsp_tb
# ** Warning: NUMERIC_STD.TO_SIGNED: vector truncated
#    Time: 390 ns  Iteration: 0  Instance: /fft_butterfly_hw_mathdsp_tb
# ** Warning: NUMERIC_STD.TO_SIGNED: vector truncated
#    Time: 390 ns  Iteration: 0  Instance: /fft_butterfly_hw_mathdsp_tb
# ** Warning: NUMERIC_STD.TO_SIGNED: vector truncated
#    Time: 390 ns  Iteration: 0  Instance: /fft_butterfly_hw_mathdsp_tb
# ** Warning: NUMERIC_STD.TO_SIGNED: vector truncated
#    Time: 390 ns  Iteration: 0  Instance: /fft_butterfly_hw_mathdsp_tb
# ** Warning: NUMERIC_STD.TO_SIGNED: vector truncated
#    Time: 390 ns  Iteration: 0  Instance: /fft_butterfly_hw_mathdsp_tb
# ** Warning: NUMERIC_STD.TO_SIGNED: vector truncated
#    Time: 390 ns  Iteration: 0  Instance: /fft_butterfly_hw_mathdsp_tb
# ** Warning: NUMERIC_STD.TO_SIGNED: vector truncated
#    Time: 390 ns  Iteration: 0  Instance: /fft_butterfly_hw_mathdsp_tb
# ** Warning: NUMERIC_STD.TO_SIGNED: vector truncated
#    Time: 390 ns  Iteration: 0  Instance: /fft_butterfly_hw_mathdsp_tb
# ** Note: -81 = -63 * -254 + 238 * -241
#    Time: 400 ns  Iteration: 0  Instance: /fft_butterfly_hw_mathdsp_tb
# ** Note: -148 = 238 * -254 - -63 * -241
#    Time: 400 ns  Iteration: 0  Instance: /fft_butterfly_hw_mathdsp_tb
# ** Warning: NUMERIC_STD.TO_SIGNED: vector truncated
#    Time: 410 ns  Iteration: 0  Instance: /fft_butterfly_hw_mathdsp_tb
# ** Warning: NUMERIC_STD.TO_SIGNED: vector truncated
#    Time: 410 ns  Iteration: 0  Instance: /fft_butterfly_hw_mathdsp_tb
# ** Warning: NUMERIC_STD.TO_SIGNED: vector truncated
#    Time: 410 ns  Iteration: 0  Instance: /fft_butterfly_hw_mathdsp_tb
# ** Warning: NUMERIC_STD.TO_SIGNED: vector truncated
#    Time: 410 ns  Iteration: 0  Instance: /fft_butterfly_hw_mathdsp_tb
# ** Warning: NUMERIC_STD.TO_SIGNED: vector truncated
#    Time: 410 ns  Iteration: 0  Instance: /fft_butterfly_hw_mathdsp_tb
# ** Warning: NUMERIC_STD.TO_SIGNED: vector truncated
#    Time: 410 ns  Iteration: 0  Instance: /fft_butterfly_hw_mathdsp_tb
# ** Note: -71 = -161 * 210 + 228 * -10
#    Time: 420 ns  Iteration: 0  Instance: /fft_butterfly_hw_mathdsp_tb
# ** Note: 90 = 228 * 210 - -161 * -10
#    Time: 420 ns  Iteration: 0  Instance: /fft_butterfly_hw_mathdsp_tb
# ** Warning: NUMERIC_STD.TO_SIGNED: vector truncated
#    Time: 430 ns  Iteration: 0  Instance: /fft_butterfly_hw_mathdsp_tb
# ** Warning: NUMERIC_STD.TO_SIGNED: vector truncated
#    Time: 430 ns  Iteration: 0  Instance: /fft_butterfly_hw_mathdsp_tb
# ** Warning: NUMERIC_STD.TO_SIGNED: vector truncated
#    Time: 430 ns  Iteration: 0  Instance: /fft_butterfly_hw_mathdsp_tb
# ** Warning: NUMERIC_STD.TO_SIGNED: vector truncated
#    Time: 430 ns  Iteration: 0  Instance: /fft_butterfly_hw_mathdsp_tb
# ** Warning: NUMERIC_STD.TO_SIGNED: vector truncated
#    Time: 430 ns  Iteration: 0  Instance: /fft_butterfly_hw_mathdsp_tb
# ** Warning: NUMERIC_STD.TO_SIGNED: vector truncated
#    Time: 430 ns  Iteration: 0  Instance: /fft_butterfly_hw_mathdsp_tb
# ** Warning: NUMERIC_STD.TO_SIGNED: vector truncated
#    Time: 430 ns  Iteration: 0  Instance: /fft_butterfly_hw_mathdsp_tb
# ** Warning: NUMERIC_STD.TO_SIGNED: vector truncated
#    Time: 430 ns  Iteration: 0  Instance: /fft_butterfly_hw_mathdsp_tb
# ** Note: 32 = 83 * -137 + -118 * -236
#    Time: 440 ns  Iteration: 0  Instance: /fft_butterfly_hw_mathdsp_tb
# ** Note: 69 = -118 * -137 - 83 * -236
#    Time: 440 ns  Iteration: 0  Instance: /fft_butterfly_hw_mathdsp_tb
# ** Warning: NUMERIC_STD.TO_SIGNED: vector truncated
#    Time: 450 ns  Iteration: 0  Instance: /fft_butterfly_hw_mathdsp_tb
# ** Warning: NUMERIC_STD.TO_SIGNED: vector truncated
#    Time: 450 ns  Iteration: 0  Instance: /fft_butterfly_hw_mathdsp_tb
# ** Note: -71 = -170 * 244 + 55 * 97
#    Time: 460 ns  Iteration: 0  Instance: /fft_butterfly_hw_mathdsp_tb
# ** Note: 58 = 55 * 244 - -170 * 97
#    Time: 460 ns  Iteration: 0  Instance: /fft_butterfly_hw_mathdsp_tb
# ** Warning: NUMERIC_STD.TO_SIGNED: vector truncated
#    Time: 470 ns  Iteration: 0  Instance: /fft_butterfly_hw_mathdsp_tb
# ** Warning: NUMERIC_STD.TO_SIGNED: vector truncated
#    Time: 470 ns  Iteration: 0  Instance: /fft_butterfly_hw_mathdsp_tb
# ** Note: -35 = 176 * -133 + 33 * 168
#    Time: 480 ns  Iteration: 0  Instance: /fft_butterfly_hw_mathdsp_tb
# ** Note: -67 = 33 * -133 - 176 * 168
#    Time: 480 ns  Iteration: 0  Instance: /fft_butterfly_hw_mathdsp_tb
# ** Warning: NUMERIC_STD.TO_SIGNED: vector truncated
#    Time: 490 ns  Iteration: 0  Instance: /fft_butterfly_hw_mathdsp_tb
# ** Warning: NUMERIC_STD.TO_SIGNED: vector truncated
#    Time: 490 ns  Iteration: 0  Instance: /fft_butterfly_hw_mathdsp_tb
# ** Warning: NUMERIC_STD.TO_SIGNED: vector truncated
#    Time: 490 ns  Iteration: 0  Instance: /fft_butterfly_hw_mathdsp_tb
# ** Warning: NUMERIC_STD.TO_SIGNED: vector truncated
#    Time: 490 ns  Iteration: 0  Instance: /fft_butterfly_hw_mathdsp_tb
# ** Warning: NUMERIC_STD.TO_SIGNED: vector truncated
#    Time: 490 ns  Iteration: 0  Instance: /fft_butterfly_hw_mathdsp_tb
# ** Warning: NUMERIC_STD.TO_SIGNED: vector truncated
#    Time: 490 ns  Iteration: 0  Instance: /fft_butterfly_hw_mathdsp_tb
# ** Note: -60 = 202 * -221 + -87 * -163
#    Time: 500 ns  Iteration: 0  Instance: /fft_butterfly_hw_mathdsp_tb
# ** Note: 101 = -87 * -221 - 202 * -163
#    Time: 500 ns  Iteration: 0  Instance: /fft_butterfly_hw_mathdsp_tb
# ** Warning: NUMERIC_STD.TO_SIGNED: vector truncated
#    Time: 510 ns  Iteration: 0  Instance: /fft_butterfly_hw_mathdsp_tb
# ** Warning: NUMERIC_STD.TO_SIGNED: vector truncated
#    Time: 510 ns  Iteration: 0  Instance: /fft_butterfly_hw_mathdsp_tb
# ** Warning: NUMERIC_STD.TO_SIGNED: vector truncated
#    Time: 510 ns  Iteration: 0  Instance: /fft_butterfly_hw_mathdsp_tb
# ** Warning: NUMERIC_STD.TO_SIGNED: vector truncated
#    Time: 510 ns  Iteration: 0  Instance: /fft_butterfly_hw_mathdsp_tb
# ** Warning: NUMERIC_STD.TO_SIGNED: vector truncated
#    Time: 510 ns  Iteration: 0  Instance: /fft_butterfly_hw_mathdsp_tb
# ** Warning: NUMERIC_STD.TO_SIGNED: vector truncated
#    Time: 510 ns  Iteration: 0  Instance: /fft_butterfly_hw_mathdsp_tb
# ** Note: -196 = -190 * 236 + -250 * 222
#    Time: 520 ns  Iteration: 0  Instance: /fft_butterfly_hw_mathdsp_tb
# ** Note: -33 = -250 * 236 - -190 * 222
#    Time: 520 ns  Iteration: 0  Instance: /fft_butterfly_hw_mathdsp_tb
# End time: 21:26:40 on Feb 23,2020, Elapsed time: 0:00:01
# Errors: 0, Warnings: 88
