
Copyright (C) 1994-2018 Synopsys, Inc.
This Synopsys software and all associated documentation are proprietary to Synopsys, Inc.
and may only be used pursuant to the terms and conditions of a written license agreement
with Synopsys, Inc. All other use, reproduction, modification, or distribution of the
Synopsys software or the associated documentation is strictly prohibited.
Tool: Synplify Pro (R)
Build: N-2018.03M-SP1-1
Install: C:\Microsemi\Libero_SoC_v12.1\SynplifyPro
OS: Windows 6.2

Hostname: PHOENIX136DESKY

Implementation : synthesis
Synopsys HDL compiler and linker, Version comp2018q2p1, Build 223R, Built Oct 23 2018 09:18:38

Modified Files: 2
FID:  path (prevtimestamp, timestamp)
27       C:\Users\Phoenix136\Dropbox\FPGA\Microsemi\FFT_Core\component\work\FFT_Butterfly_test_sd\FFT_Butterfly_test_sd.vhd (2020-02-25 18:18:40, 2020-02-26 01:32:01)
28       C:\Users\Phoenix136\Dropbox\FPGA\Microsemi\FFT_Core\hdl\FFT_Butterfly_HW_MATHDSP.vhd (2020-02-26 00:36:18, 2020-02-26 01:31:42)

*******************************************************************
Modules that may have changed as a result of file changes: 16
MID:  lib.cell.view
16       work.fccc_c0.rtl may have changed because the following files changed:
                        C:\Users\Phoenix136\Dropbox\FPGA\Microsemi\FFT_Core\component\work\FFT_Butterfly_test_sd\FFT_Butterfly_test_sd.vhd (2020-02-25 18:18:40, 2020-02-26 01:32:01) <-- (may instantiate this module)
18       work.fccc_c0_fccc_c0_0_fccc.def_arch may have changed because the following files changed:
                        C:\Users\Phoenix136\Dropbox\FPGA\Microsemi\FFT_Core\component\work\FFT_Butterfly_test_sd\FFT_Butterfly_test_sd.vhd (2020-02-25 18:18:40, 2020-02-26 01:32:01) <-- (may instantiate this module)
40       work.fft_butterfly_hw_mathdsp.architecture_fft_butterfly_hw_mathdsp may have changed because the following files changed:
                        C:\Users\Phoenix136\Dropbox\FPGA\Microsemi\FFT_Core\component\work\FFT_Butterfly_test_sd\FFT_Butterfly_test_sd.vhd (2020-02-25 18:18:40, 2020-02-26 01:32:01) <-- (may instantiate this module)
                        C:\Users\Phoenix136\Dropbox\FPGA\Microsemi\FFT_Core\hdl\FFT_Butterfly_HW_MATHDSP.vhd (2020-02-26 00:36:18, 2020-02-26 01:31:42) <-- (architecture and entity definition)
42       work.fft_butterfly_test_sd.rtl may have changed because the following files changed:
                        C:\Users\Phoenix136\Dropbox\FPGA\Microsemi\FFT_Core\component\work\FFT_Butterfly_test_sd\FFT_Butterfly_test_sd.vhd (2020-02-25 18:18:40, 2020-02-26 01:32:01) <-- (architecture and entity definition)
4        work.hard_mult_addsub_c0.rtl may have changed because the following files changed:
                        C:\Users\Phoenix136\Dropbox\FPGA\Microsemi\FFT_Core\component\work\FFT_Butterfly_test_sd\FFT_Butterfly_test_sd.vhd (2020-02-25 18:18:40, 2020-02-26 01:32:01) <-- (may instantiate this module)
                        C:\Users\Phoenix136\Dropbox\FPGA\Microsemi\FFT_Core\hdl\FFT_Butterfly_HW_MATHDSP.vhd (2020-02-26 00:36:18, 2020-02-26 01:31:42) <-- (may instantiate this module)
6        work.hard_mult_addsub_c0_hard_mult_addsub_c0_0_hard_mult_addsub.def_arch may have changed because the following files changed:
                        C:\Users\Phoenix136\Dropbox\FPGA\Microsemi\FFT_Core\component\work\FFT_Butterfly_test_sd\FFT_Butterfly_test_sd.vhd (2020-02-25 18:18:40, 2020-02-26 01:32:01) <-- (may instantiate this module)
                        C:\Users\Phoenix136\Dropbox\FPGA\Microsemi\FFT_Core\hdl\FFT_Butterfly_HW_MATHDSP.vhd (2020-02-26 00:36:18, 2020-02-26 01:31:42) <-- (may instantiate this module)
12       work.lfsr_fib_gen.architecture_lfsr_fib_gen may have changed because the following files changed:
                        C:\Users\Phoenix136\Dropbox\FPGA\Microsemi\FFT_Core\component\work\FFT_Butterfly_test_sd\FFT_Butterfly_test_sd.vhd (2020-02-25 18:18:40, 2020-02-26 01:32:01) <-- (may instantiate this module)
20       work.osc_c0.rtl may have changed because the following files changed:
                        C:\Users\Phoenix136\Dropbox\FPGA\Microsemi\FFT_Core\component\work\FFT_Butterfly_test_sd\FFT_Butterfly_test_sd.vhd (2020-02-25 18:18:40, 2020-02-26 01:32:01) <-- (may instantiate this module)
22       work.osc_c0_osc_c0_0_osc.def_arch may have changed because the following files changed:
                        C:\Users\Phoenix136\Dropbox\FPGA\Microsemi\FFT_Core\component\work\FFT_Butterfly_test_sd\FFT_Butterfly_test_sd.vhd (2020-02-25 18:18:40, 2020-02-26 01:32:01) <-- (may instantiate this module)
24       work.rcosc_1mhz.def_arch may have changed because the following files changed:
                        C:\Users\Phoenix136\Dropbox\FPGA\Microsemi\FFT_Core\component\work\FFT_Butterfly_test_sd\FFT_Butterfly_test_sd.vhd (2020-02-25 18:18:40, 2020-02-26 01:32:01) <-- (may instantiate this module)
26       work.rcosc_1mhz_fab.def_arch may have changed because the following files changed:
                        C:\Users\Phoenix136\Dropbox\FPGA\Microsemi\FFT_Core\component\work\FFT_Butterfly_test_sd\FFT_Butterfly_test_sd.vhd (2020-02-25 18:18:40, 2020-02-26 01:32:01) <-- (may instantiate this module)
28       work.rcosc_25_50mhz.def_arch may have changed because the following files changed:
                        C:\Users\Phoenix136\Dropbox\FPGA\Microsemi\FFT_Core\component\work\FFT_Butterfly_test_sd\FFT_Butterfly_test_sd.vhd (2020-02-25 18:18:40, 2020-02-26 01:32:01) <-- (may instantiate this module)
30       work.rcosc_25_50mhz_fab.def_arch may have changed because the following files changed:
                        C:\Users\Phoenix136\Dropbox\FPGA\Microsemi\FFT_Core\component\work\FFT_Butterfly_test_sd\FFT_Butterfly_test_sd.vhd (2020-02-25 18:18:40, 2020-02-26 01:32:01) <-- (may instantiate this module)
32       work.twiddle_table.architecture_twiddle_table may have changed because the following files changed:
                        C:\Users\Phoenix136\Dropbox\FPGA\Microsemi\FFT_Core\component\work\FFT_Butterfly_test_sd\FFT_Butterfly_test_sd.vhd (2020-02-25 18:18:40, 2020-02-26 01:32:01) <-- (may instantiate this module)
36       work.xtlosc.def_arch may have changed because the following files changed:
                        C:\Users\Phoenix136\Dropbox\FPGA\Microsemi\FFT_Core\component\work\FFT_Butterfly_test_sd\FFT_Butterfly_test_sd.vhd (2020-02-25 18:18:40, 2020-02-26 01:32:01) <-- (may instantiate this module)
38       work.xtlosc_fab.def_arch may have changed because the following files changed:
                        C:\Users\Phoenix136\Dropbox\FPGA\Microsemi\FFT_Core\component\work\FFT_Butterfly_test_sd\FFT_Butterfly_test_sd.vhd (2020-02-25 18:18:40, 2020-02-26 01:32:01) <-- (may instantiate this module)

*******************************************************************
Unmodified files: 21
FID:  path (timestamp)
0        C:\Microsemi\Libero_SoC_v12.1\SynplifyPro\lib\generic\smartfusion2.vhd (2018-12-21 01:52:13)
1        C:\Microsemi\Libero_SoC_v12.1\SynplifyPro\lib\vhd2008\arith.vhd (2018-12-21 01:52:16)
2        C:\Microsemi\Libero_SoC_v12.1\SynplifyPro\lib\vhd2008\location.map (2018-12-21 01:52:16)
3        C:\Microsemi\Libero_SoC_v12.1\SynplifyPro\lib\vhd2008\numeric.vhd (2018-12-21 01:52:16)
4        C:\Microsemi\Libero_SoC_v12.1\SynplifyPro\lib\vhd2008\std.vhd (2018-12-21 01:52:16)
5        C:\Microsemi\Libero_SoC_v12.1\SynplifyPro\lib\vhd2008\std1164.vhd (2018-12-21 01:52:16)
6        C:\Microsemi\Libero_SoC_v12.1\SynplifyPro\lib\vhd2008\std_textio.vhd (2018-12-21 01:52:16)
7        C:\Microsemi\Libero_SoC_v12.1\SynplifyPro\lib\vhd2008\unsigned.vhd (2018-12-21 01:52:16)
8        C:\Microsemi\Libero_SoC_v12.1\SynplifyPro\lib\vhd\hyperents.vhd (2018-12-21 01:52:16)
18       C:\Microsemi\Libero_SoC_v12.1\SynplifyPro\lib\vhd\math_real.vhd (2018-12-21 01:52:16)
9        C:\Microsemi\Libero_SoC_v12.1\SynplifyPro\lib\vhd\snps_haps_pkg.vhd (2018-12-21 01:52:16)
10       C:\Microsemi\Libero_SoC_v12.1\SynplifyPro\lib\vhd\umr_capim.vhd (2018-12-21 01:52:16)
19       C:\Users\Phoenix136\Dropbox\FPGA\Microsemi\FFT_Core\component\Actel\SgCore\OSC\2.0.101\osc_comps.vhd (2019-11-06 13:59:59)
20       C:\Users\Phoenix136\Dropbox\FPGA\Microsemi\FFT_Core\component\work\FCCC_C0\FCCC_C0.vhd (2020-02-18 03:21:08)
21       C:\Users\Phoenix136\Dropbox\FPGA\Microsemi\FFT_Core\component\work\FCCC_C0\FCCC_C0_0\FCCC_C0_FCCC_C0_0_FCCC.vhd (2020-02-18 03:21:08)
12       C:\Users\Phoenix136\Dropbox\FPGA\Microsemi\FFT_Core\component\work\HARD_MULT_ADDSUB_C0\HARD_MULT_ADDSUB_C0.vhd (2020-02-17 19:46:59)
13       C:\Users\Phoenix136\Dropbox\FPGA\Microsemi\FFT_Core\component\work\HARD_MULT_ADDSUB_C0\HARD_MULT_ADDSUB_C0_0\HARD_MULT_ADDSUB_C0_HARD_MULT_ADDSUB_C0_0_HARD_MULT_ADDSUB.vhd (2020-02-17 19:46:59)
22       C:\Users\Phoenix136\Dropbox\FPGA\Microsemi\FFT_Core\component\work\OSC_C0\OSC_C0.vhd (2020-02-18 03:20:57)
23       C:\Users\Phoenix136\Dropbox\FPGA\Microsemi\FFT_Core\component\work\OSC_C0\OSC_C0_0\OSC_C0_OSC_C0_0_OSC.vhd (2020-02-18 03:20:57)
16       C:\Users\Phoenix136\Dropbox\FPGA\Microsemi\FFT_Core\hdl\LFSR_Fib_Gen.vhd (2020-02-25 02:23:41)
26       C:\Users\Phoenix136\Dropbox\FPGA\Microsemi\FFT_Core\hdl\Twiddle_table.vhd (2020-02-25 18:17:26)

*******************************************************************
Unchanged modules: 0
MID:  lib.cell.view
