
Starting:    C:\Microsemi\Libero_SoC_v12.1\SynplifyPro\bin64\mbin\synplify.exe
Install:     C:\Microsemi\Libero_SoC_v12.1\SynplifyPro
Hostname:    PHOENIX136DESKY
Date:        Fri Nov  1 04:22:58 2019
Version:     N-2018.03M-SP1-1

Arguments:   -product synplify_pro LCD_Controller_System_syn.tcl
ProductType: synplify_pro

License checkout: synplifypro_actel
License: synplifypro_actel node-locked 
Licensed Vendor: actel
License Option: actel_oem



auto_infer_blackbox is not supported in current product.
TCL script complete: "LCD_Controller_System_syn.tcl"
Loaded XDM (Hierarchy) data base - elapsed time 0:0 Blocks=16
@N Implementation 'C:\Users\Phoenix136\Dropbox\FPGA\Microsemi\Nokia5110_basic\synthesis\LCD_Controller_System_syn.prj|synthesis' design hierarchy loaded from database
Opening object source file c:\users\phoenix136\dropbox\fpga\microsemi\nokia5110_basic\hdl\nokia_driver_container.vhd
The feature is not supported in this version of the product
SQL error: Can't open database: unable to open database file
exit status=0
License checkin: synplifypro_actel
