
Starting:    C:\Microsemi\Libero_SoC_v12.1\SynplifyPro\bin64\mbin\synbatch.exe
Install:     C:\Microsemi\Libero_SoC_v12.1\SynplifyPro
Hostname:    PHOENIX136DESKY
Date:        Tue Oct 29 01:04:05 2019
Version:     N-2018.03M-SP1-1

Arguments:   -product synplify_pro -licensetype synplifypro_actel -batch -log synplify.log LCD_Controller_System_syn.tcl
ProductType: synplify_pro

License checkout: synplifypro_actel
License: synplifypro_actel node-locked 
Licensed Vendor: actel
License Option: actel_oem

Running in Vendor Mode

auto_infer_blackbox is not supported in current product.
log file: "C:\Users\Phoenix136\Dropbox\FPGA\Microsemi\Nokia5110_basic\synthesis\LCD_Controller_System.srr"
Running: synthesis in foreground

Running LCD_Controller_System_syn|synthesis

Running Flow: compile (Compile) on LCD_Controller_System_syn|synthesis
# Tue Oct 29 01:04:05 2019

Running Flow: compile_flow (Compile Process) on LCD_Controller_System_syn|synthesis
# Tue Oct 29 01:04:05 2019

Running: compiler (Compile Input) on LCD_Controller_System_syn|synthesis
# Tue Oct 29 01:04:05 2019
Copied C:\Users\Phoenix136\Dropbox\FPGA\Microsemi\Nokia5110_basic\synthesis\synwork\LCD_Controller_System_comp.srs to C:\Users\Phoenix136\Dropbox\FPGA\Microsemi\Nokia5110_basic\synthesis\LCD_Controller_System.srs

compiler completed
# Tue Oct 29 01:04:09 2019

Return Code: 0
Run Time:00h:00m:04s

Running: multi_srs_gen (Multi-srs Generator) on LCD_Controller_System_syn|synthesis
# Tue Oct 29 01:04:09 2019

multi_srs_gen completed
# Tue Oct 29 01:04:09 2019

Return Code: 0
Run Time:00h:00m:00s
Copied C:\Users\Phoenix136\Dropbox\FPGA\Microsemi\Nokia5110_basic\synthesis\synwork\LCD_Controller_System_mult.srs to C:\Users\Phoenix136\Dropbox\FPGA\Microsemi\Nokia5110_basic\synthesis\LCD_Controller_System.srs
Complete: Compile Process on LCD_Controller_System_syn|synthesis

Running: premap (Premap) on LCD_Controller_System_syn|synthesis
# Tue Oct 29 01:04:09 2019

premap completed with warnings
# Tue Oct 29 01:04:10 2019

Return Code: 1
Run Time:00h:00m:01s
Complete: Compile on LCD_Controller_System_syn|synthesis

Running Flow: map (Map) on LCD_Controller_System_syn|synthesis
# Tue Oct 29 01:04:10 2019
License granted for 4 parallel jobs

Running: fpga_mapper (Map & Optimize) on LCD_Controller_System_syn|synthesis
# Tue Oct 29 01:04:10 2019
Copied C:\Users\Phoenix136\Dropbox\FPGA\Microsemi\Nokia5110_basic\synthesis\synwork\LCD_Controller_System_m.srm to C:\Users\Phoenix136\Dropbox\FPGA\Microsemi\Nokia5110_basic\synthesis\LCD_Controller_System.srm

fpga_mapper completed with warnings
# Tue Oct 29 01:04:13 2019

Return Code: 1
Run Time:00h:00m:03s
Complete: Map on LCD_Controller_System_syn|synthesis
Complete: Logic Synthesis on LCD_Controller_System_syn|synthesis
TCL script complete: "LCD_Controller_System_syn.tcl"
exit status=0
exit status=0
License checkin: synplifypro_actel
