Resource Report
Microsemi Corporation - Microsemi Libero Software Release v12.1 (Version 12.600.0.14)
Date: Thu Jan 30 16:51:17 2020

Device Selection
+--------------------------------+----------------+
| Family                         | SmartFusion2   |
| Device                         | M2S010         |
| Package                        | 144 TQ         |
| Speed Grade                    | STD            |
| Temp                           | 0:25:85        |
| Voltage                        | 1.26:1.20:1.14 |
| Core Voltage                   | 1.2V           |
| Ramp Rate                      | 100ms Minimum  |
| System Controller Suspend Mode | No             |
| PLL Supply Voltage             | 2.5V           |
| Default I/O technology         | LVCMOS 2.5V    |
| Restrict Probe Pins            | Yes            |
| Restrict SPI Pins              | No             |
+--------------------------------+----------------+

Source Files
+---------+------------------------------------------------------------------------------------+
| Topcell | I2C_Core_APB3                                                                      |
| Format  | Verilog                                                                            |
| Source  | C:\Users\Phoenix136\Dropbox\FPGA\Microsemi\I2C_Core\synthesis\I2C_Core_Block_sd.vm |
+---------+------------------------------------------------------------------------------------+

Options
+----------------------------------------------------+-------+
| Enable Single Event Transient mitigation           | false |
| Enable Design Separation Methodology               | false |
| Limit the number of high fanout nets to display to | 10    |
+----------------------------------------------------+-------+

Resource Usage
+---------------------------+------+-------+------------+
| Type                      | Used | Total | Percentage |
+---------------------------+------+-------+------------+
| 4LUT                      | 316  | 12084 | 2.62       |
| DFF                       | 160  | 12084 | 1.32       |
| I/O Register              | 0    | 252   | 0.00       |
| User I/O                  | 39   | 84    | 46.43      |
| -- Single-ended I/O       | 39   | 84    | 46.43      |
| -- Differential I/O Pairs | 0    | 37    | 0.00       |
| RAM64x18                  | 1    | 22    | 4.55       |
| RAM1K18                   | 0    | 21    | 0.00       |
| MACC                      | 0    | 22    | 0.00       |
| Chip Globals              | 2    | 8     | 25.00      |
| CCC                       | 0    | 2     | 0.00       |
| RCOSC_25_50MHZ            | 0    | 1     | 0.00       |
| RCOSC_1MHZ                | 0    | 1     | 0.00       |
| XTLOSC                    | 0    | 1     | 0.00       |
| MSS                       | 0    | 1     | 0.00       |
+---------------------------+------+-------+------------+

Detailed Logic Resource Usage
+--------------------------+------+-----+
| Type                     | 4LUT | DFF |
+--------------------------+------+-----+
| Fabric Logic             | 280  | 124 |
| RAM64x18 Interface Logic | 36   | 36  |
| RAM1K18 Interface Logic  | 0    | 0   |
| MACC Interface Logic     | 0    | 0   |
| Total Used               | 316  | 160 |
+--------------------------+------+-----+

Detailed Carry Chains Resource Usage
+--------+------+
| Length | Used |
| 2      | 2    |
| 7      | 1    |
| 9      | 2    |
| 15     | 1    |
| 16     | 2    |
| Total  | 8    |
+--------+------+

I/O Function
+-------------------------------+--------------+-------------+-----------------+
| Type                          | w/o register | w/ register | w/ DDR register |
+-------------------------------+--------------+-------------+-----------------+
| Input I/O                     | 24           | 0           | 0               |
| Output I/O                    | 15           | 0           | 0               |
| Bidirectional I/O             | 0            | 0           | 0               |
| Differential Input I/O Pairs  | 0            | 0           | 0               |
| Differential Output I/O Pairs | 0            | 0           | 0               |
+-------------------------------+--------------+-------------+-----------------+

I/O Technology
+--------------+--------+------+-------+--------+---------------+
| I/O Standard | Vddi   | Vref | Input | Output | Bidirectional |
+--------------+--------+------+-------+--------+---------------+
| LVCMOS25     |  2.50v |  N/A |  24   |  15    |  0            |
+--------------+--------+------+-------+--------+---------------+

I/O Placement
+----------+-------+------------+
| Type     | Count | Percentage |
+----------+-------+------------+
| Locked   |  0    | 0.00%      |
| Placed   |  0    | 0.00%      |
| UnPlaced |  39   | 100.00%    |
+----------+-------+------------+

Nets assigned to chip global resources
+--------+---------+-----------------------------------+
| Fanout | Type    | Name                              |
+--------+---------+-----------------------------------+
| 125    | INT_NET | Net   : PCLK_c                    |
|        |         | Driver: PCLK_ibuf_RNIFTKA/U0_RGB1 |
|        |         | Source: NETLIST                   |
| 118    | INT_NET | Net   : RSTn_c                    |
|        |         | Driver: RSTn_ibuf_RNICUT3/U0_RGB1 |
|        |         | Source: NETLIST                   |
+--------+---------+-----------------------------------+

Nets assigned to row global resources
+--------+------+------+
| Fanout | Type | Name |
+--------+------+------+
+--------+------+------+

High fanout nets
+--------+---------+-----------------------------------------------------------------------+
| Fanout | Type    | Name                                                                  |
+--------+---------+-----------------------------------------------------------------------+
| 23     | INT_NET | Net   : I2C_Instruction_RAM_0/seq_selected_Z                          |
|        |         | Driver: I2C_Instruction_RAM_0/seq_selected                            |
| 20     | INT_NET | Net   : I2C_Instruction_RAM_0/N_147_i                                 |
|        |         | Driver: I2C_Instruction_RAM_0/I2C_Core_0/status_sig_RNIP9G4[0]        |
| 20     | INT_NET | Net   : I2C_Instruction_RAM_0/I2C_Core_0/i2c_state_cur[16]            |
|        |         | Driver: I2C_Instruction_RAM_0/I2C_Core_0/i2c_state_cur[16]            |
| 20     | INT_NET | Net   : I2C_Instruction_RAM_0/I2C_Core_0/N_95_i                       |
|        |         | Driver: I2C_Instruction_RAM_0/I2C_Core_0/i2c_clk_pulse_RNI2VOC        |
| 19     | INT_NET | Net   : PADDR_Z[0]                                                    |
|        |         | Driver: PADDR_ibuf[0]                                                 |
| 17     | INT_NET | Net   : PADDR_Z[2]                                                    |
|        |         | Driver: PADDR_ibuf[2]                                                 |
| 17     | INT_NET | Net   : I2C_Instruction_RAM_0/seq_state_cur[0]                        |
|        |         | Driver: I2C_Instruction_RAM_0/seq_state_cur[0]                        |
| 17     | INT_NET | Net   : I2C_Instruction_RAM_0/I2C_Core_0/i2c_bus_ready_cnt_RNIVBU6H_Z |
|        |         | Driver: I2C_Instruction_RAM_0/I2C_Core_0/i2c_bus_ready_cnt_RNIVBU6H   |
| 16     | INT_NET | Net   : PADDR_c[6]                                                    |
|        |         | Driver: PADDR_ibuf[6]                                                 |
| 16     | INT_NET | Net   : I2C_Instruction_RAM_0/I2C_Core_0/i2c_clk_cnte                 |
|        |         | Driver: I2C_Instruction_RAM_0/I2C_Core_0/SCL_mismatch_RNIKF27R        |
+--------+---------+-----------------------------------------------------------------------+

High fanout nets (through buffer trees)
+--------+---------+-----------------------------------------------------------------------+
| Fanout | Type    | Name                                                                  |
+--------+---------+-----------------------------------------------------------------------+
| 23     | INT_NET | Net   : I2C_Instruction_RAM_0/seq_selected_Z                          |
|        |         | Driver: I2C_Instruction_RAM_0/seq_selected                            |
| 20     | INT_NET | Net   : I2C_Instruction_RAM_0/N_147_i                                 |
|        |         | Driver: I2C_Instruction_RAM_0/I2C_Core_0/status_sig_RNIP9G4[0]        |
| 20     | INT_NET | Net   : I2C_Instruction_RAM_0/I2C_Core_0/i2c_state_cur[16]            |
|        |         | Driver: I2C_Instruction_RAM_0/I2C_Core_0/i2c_state_cur[16]            |
| 20     | INT_NET | Net   : I2C_Instruction_RAM_0/I2C_Core_0/N_95_i                       |
|        |         | Driver: I2C_Instruction_RAM_0/I2C_Core_0/i2c_clk_pulse_RNI2VOC        |
| 19     | INT_NET | Net   : PADDR_Z[0]                                                    |
|        |         | Driver: PADDR_ibuf[0]                                                 |
| 17     | INT_NET | Net   : PADDR_Z[2]                                                    |
|        |         | Driver: PADDR_ibuf[2]                                                 |
| 17     | INT_NET | Net   : I2C_Instruction_RAM_0/seq_state_cur[0]                        |
|        |         | Driver: I2C_Instruction_RAM_0/seq_state_cur[0]                        |
| 17     | INT_NET | Net   : I2C_Instruction_RAM_0/I2C_Core_0/i2c_bus_ready_cnt_RNIVBU6H_Z |
|        |         | Driver: I2C_Instruction_RAM_0/I2C_Core_0/i2c_bus_ready_cnt_RNIVBU6H   |
| 16     | INT_NET | Net   : PADDR_c[6]                                                    |
|        |         | Driver: PADDR_ibuf[6]                                                 |
| 16     | INT_NET | Net   : I2C_Instruction_RAM_0/I2C_Core_0/i2c_clk_cnte                 |
|        |         | Driver: I2C_Instruction_RAM_0/I2C_Core_0/SCL_mismatch_RNIKF27R        |
+--------+---------+-----------------------------------------------------------------------+

