----------------------------------------------------------------
-Pin Report - Date: Thu Jan 30 16:51:40 2020 Pinchecksum: NOT-AVAILABLE
-Product: Designer
-Release: v12.1
-Version: 12.600.0.14
-Design Name: I2C_Core_APB3
-Family: SmartFusion2
-Die: M2S010
-Package: 144 TQ
-----------------------------------------------------------------

Port        |Pin |Fixed |Function                     |Bank     |I/O Std   |Direction                      |I/O state in Flash*Freeze mode |Resistor Pull                      |I/O available in Flash*Freeze mode |Schmitt Trigger |Odt_Static    |Odt Imp (Ohm)  |Low Power Exit |Input Delay |Slew         |Pre-Emphasis      |Output Drive (mA) |Output Load (pF) |
------------|----|------|-----------------------------|---------|----------|-------------------------------|-------------------------------|-----------------------------------|-----------------------------------|----------------|--------------|---------------|---------------|------------|-------------|------------------|------------------|-----------------|
INT          60   No     MSIO109PB4                    Bank4     LVCMOS25   Output                          TRISTATE                        None                                No                                  ---              ---            ---             ---             ---          SLOW          ---                4                  5                 
PADDR[0]     88   No     MSIO3PB2/USB_DATA0_B          Bank2     LVCMOS25   Input                           TRISTATE                        None                                No                                  Off              ---            ---             Off             Off          ---           ---                ---                ---               
PADDR[1]     67   No     MSIO114NB4                    Bank4     LVCMOS25   Input                           TRISTATE                        None                                No                                  Off              ---            ---             Off             Off          ---           ---                ---                ---               
PADDR[2]     57   No     MSIO108PB4                    Bank4     LVCMOS25   Input                           TRISTATE                        None                                No                                  Off              ---            ---             Off             Off          ---           ---                ---                ---               
PADDR[3]     56   No     MSIO106NB4                    Bank4     LVCMOS25   Input                           TRISTATE                        None                                No                                  Off              ---            ---             Off             Off          ---           ---                ---                ---               
PADDR[4]     83   No     MSIO1NB2/USB_DIR_B            Bank2     LVCMOS25   Input                           TRISTATE                        None                                No                                  Off              ---            ---             Off             Off          ---           ---                ---                ---               
PADDR[5]     81   No     MSIO0NB2/USB_DATA7_B          Bank2     LVCMOS25   Input                           TRISTATE                        None                                No                                  Off              ---            ---             Off             Off          ---           ---                ---                ---               
PADDR[6]     82   No     MSIO1PB2/USB_XCLK_B           Bank2     LVCMOS25   Input                           TRISTATE                        None                                No                                  Off              ---            ---             Off             Off          ---           ---                ---                ---               
PADDR[7]     85   No     MSIO2PB2/USB_STP_B            Bank2     LVCMOS25   Input                           TRISTATE                        None                                No                                  Off              ---            ---             Off             Off          ---           ---                ---                ---               
PCLK         48   No     MSIO104NB4/GB7                Bank4     LVCMOS25   Input                           TRISTATE                        None                                No                                  Off              ---            ---             Off             Off          ---           ---                ---                ---               
PENABLE      92   No     MSIO5PB2/USB_DATA4_B          Bank2     LVCMOS25   Input                           TRISTATE                        None                                No                                  Off              ---            ---             Off             Off          ---           ---                ---                ---               
PRDATA[0]    44   No     MSIO102NB4/CCC_NE1_CLKI0      Bank4     LVCMOS25   Output                          TRISTATE                        None                                No                                  ---              ---            ---             ---             ---          SLOW          ---                4                  5                 
PRDATA[1]    91   No     MSIO4NB2/USB_DATA3_B          Bank2     LVCMOS25   Output                          TRISTATE                        None                                No                                  ---              ---            ---             ---             ---          SLOW          ---                4                  5                 
PRDATA[2]    49   No     MSIO104PB4/GB3                Bank4     LVCMOS25   Output                          TRISTATE                        None                                No                                  ---              ---            ---             ---             ---          SLOW          ---                4                  5                 
PRDATA[3]    101  No     MSIO12NB2/SPI_0_SDI/GPIO_5_A  Bank2     LVCMOS25   Output                          TRISTATE                        None                                No                                  ---              ---            ---             ---             ---          SLOW          ---                4                  5                 
PRDATA[4]    102  No     MSIO13PB2/SPI_0_SDO/GPIO_6_A  Bank2     LVCMOS25   Output                          TRISTATE                        None                                No                                  ---              ---            ---             ---             ---          SLOW          ---                4                  5                 
PRDATA[5]    58   No     MSIO108NB4                    Bank4     LVCMOS25   Output                          TRISTATE                        None                                No                                  ---              ---            ---             ---             ---          SLOW          ---                4                  5                 
PRDATA[6]    103  No     MSIO13NB2/SPI_0_SS0/GPIO_7_A  Bank2     LVCMOS25   Output                          TRISTATE                        None                                No                                  ---              ---            ---             ---             ---          SLOW          ---                4                  5                 
PRDATA[7]    43   No     MSIO102PB4                    Bank4     LVCMOS25   Output                          TRISTATE                        None                                No                                  ---              ---            ---             ---             ---          SLOW          ---                4                  5                 
PREADY       61   No     MSIO109NB4                    Bank4     LVCMOS25   Output                          TRISTATE                        None                                No                                  ---              ---            ---             ---             ---          SLOW          ---                4                  5                 
PSEL         87   No     MSIO2NB2/USB_NXT_B            Bank2     LVCMOS25   Input                           TRISTATE                        None                                No                                  Off              ---            ---             Off             Off          ---           ---                ---                ---               
PSLVERR      116  No     DDRIO35PB0                    Bank0     LVCMOS25   Output                          TRISTATE                        None                                No                                  ---              ---            ---             ---             ---          SLOW          ---                4                  5                 
PWDATA[0]    93   No     MSIO5NB2/USB_DATA5_B          Bank2     LVCMOS25   Input                           TRISTATE                        None                                No                                  Off              ---            ---             Off             Off          ---           ---                ---                ---               
PWDATA[1]    89   No     MSIO4PB2/USB_DATA2_B          Bank2     LVCMOS25   Input                           TRISTATE                        None                                No                                  Off              ---            ---             Off             Off          ---           ---                ---                ---               
PWDATA[2]    52   No     MSIO105PB4/CCC_NE0_CLKI0      Bank4     LVCMOS25   Input                           TRISTATE                        None                                No                                  Off              ---            ---             Off             Off          ---           ---                ---                ---               
PWDATA[3]    64   No     MSIO113NB4                    Bank4     LVCMOS25   Input                           TRISTATE                        None                                No                                  Off              ---            ---             Off             Off          ---           ---                ---                ---               
PWDATA[4]    63   No     MSIO113PB4                    Bank4     LVCMOS25   Input                           TRISTATE                        None                                No                                  Off              ---            ---             Off             Off          ---           ---                ---                ---               
PWDATA[5]    55   No     MSIO106PB4                    Bank4     LVCMOS25   Input                           TRISTATE                        None                                No                                  Off              ---            ---             Off             Off          ---           ---                ---                ---               
PWDATA[6]    66   No     MSIO114PB4                    Bank4     LVCMOS25   Input                           TRISTATE                        None                                No                                  Off              ---            ---             Off             Off          ---           ---                ---                ---               
PWDATA[7]    53   No     MSIO105NB4                    Bank4     LVCMOS25   Input                           TRISTATE                        None                                No                                  Off              ---            ---             Off             Off          ---           ---                ---                ---               
PWRITE       94   No     MSIO6PB2/USB_DATA6_B          Bank2     LVCMOS25   Input                           TRISTATE                        None                                No                                  Off              ---            ---             Off             Off          ---           ---                ---                ---               
RSTn         20   No     MSIO79PB7/GB1                 Bank7     LVCMOS25   Input                           TRISTATE                        None                                No                                  Off              ---            ---             Off             Off          ---           ---                ---                ---               
SCLE         112  No     DDRIO30NB0                    Bank0     LVCMOS25   Output                          TRISTATE                        None                                No                                  ---              ---            ---             ---             ---          SLOW          ---                4                  5                 
SCLI         33   No     MSIOD96NB6                    Bank6     LVCMOS25   Input                           TRISTATE                        None                                No                                  Off              ---            ---             Off             Off          ---           ---                ---                ---               
SCLO         38   No     MSIOD99NB6                    Bank6     LVCMOS25   Output                          TRISTATE                        None                                No                                  ---              ---            ---             ---             ---          SLOW          ---                4                  5                 
SDAE         117  No     DDRIO37NB0                    Bank0     LVCMOS25   Output                          TRISTATE                        None                                No                                  ---              ---            ---             ---             ---          SLOW          ---                4                  5                 
SDAI         115  No     DDRIO35NB0                    Bank0     LVCMOS25   Input                           TRISTATE                        None                                No                                  Off              ---            ---             Off             Off          ---           ---                ---                ---               
SDAO         16   No     MSIO77PB7                     Bank7     LVCMOS25   Output                          TRISTATE                        None                                No                                  ---              ---            ---             ---             ---          SLOW          ---                4                  5                 
trigger_seq  90   No     MSIO3NB2/USB_DATA1_B          Bank2     LVCMOS25   Input                           TRISTATE                        None                                No                                  Off              ---            ---             Off             Off          ---           ---                ---                ---               
