Resource Usage Report for Nokia5110_Driver_Block_SD 

Mapping to part: m2s010tq144std
Cell usage:
CCC             1 use
CLKINT          4 uses
INV             3 uses
OR4             16 uses
RCOSC_25_50MHZ  1 use
CFG1           6 uses
CFG2           52 uses
CFG3           66 uses
CFG4           147 uses

Carry cells:
ARI1            31 uses - used for arithmetic functions
ARI1            6 uses - used for Wide-Mux implementation
Total ARI1      37 uses


Sequential Cells: 
SLE            159 uses

DSP Blocks:    0 of 22 (0%)

I/O ports: 6
I/O primitives: 6
OUTBUF         6 uses


Global Clock Buffers: 4

Total LUTs:    308

Extra resources required for RAM and MACC interface logic during P&R:

RAM64x18 Interface Logic : SLEs = 180; LUTs = 180;
RAM1K18  Interface Logic : SLEs = 0; LUTs = 0;
MACC     Interface Logic : SLEs = 0; LUTs = 0;

Total number of SLEs after P&R:  159 + 180 + 0 + 0 = 339;
Total number of LUTs after P&R:  308 + 180 + 0 + 0 = 488;

