
Copyright (C) 1994-2018 Synopsys, Inc.
This Synopsys software and all associated documentation are proprietary to Synopsys, Inc.
and may only be used pursuant to the terms and conditions of a written license agreement
with Synopsys, Inc. All other use, reproduction, modification, or distribution of the
Synopsys software or the associated documentation is strictly prohibited.
Tool: Synplify Pro (R)
Build: N-2018.03M-SP1-1
Install: C:\Microsemi\Libero_SoC_v12.1\SynplifyPro
OS: Windows 6.2

Hostname: PHOENIX136DESKY

Implementation : synthesis

# Written on Tue Jan 14 03:24:35 2020

##### FILES SYNTAX CHECKED ##############################################
Constraint File(s):      "C:\Users\Phoenix136\Dropbox\FPGA\Microsemi\LITE-ON_Optical_Sensor_Core\designer\I2C_Core2\synthesis.fdc"

#Run constraint checker to find more issues with constraints.
#########################################################################



No issues found in constraint syntax.



Clock Summary
*************

          Start              Requested     Requested     Clock        Clock                   Clock
Level     Clock              Frequency     Period        Type         Group                   Load 
---------------------------------------------------------------------------------------------------
0 -       I2C_Core2|PCLK     100.0 MHz     10.000        inferred     Inferred_clkgroup_0     45   
===================================================================================================


Clock Load Summary
******************

                   Clock     Source         Clock Pin           Non-clock Pin     Non-clock Pin
Clock              Load      Pin            Seq Example         Seq Example       Comb Example 
-----------------------------------------------------------------------------------------------
I2C_Core2|PCLK     45        PCLK(port)     initiate_last.C     -                 -            
===============================================================================================
