
Starting:    C:\Microsemi\Libero_SoC_v12.1\SynplifyPro\bin64\mbin\synbatch.exe
Install:     C:\Microsemi\Libero_SoC_v12.1\SynplifyPro
Hostname:    PHOENIX136DESKY
Date:        Thu Jan 16 02:04:56 2020
Version:     N-2018.03M-SP1-1

Arguments:   -product synplify_pro -licensetype synplifypro_actel -batch -log synplify.log Optical_Sensor_Block_syn.tcl
ProductType: synplify_pro

License checkout: synplifypro_actel
License: synplifypro_actel node-locked 
Licensed Vendor: actel
License Option: actel_oem

Running in Vendor Mode

auto_infer_blackbox is not supported in current product.
log file: "C:\Users\Phoenix136\Dropbox\FPGA\Microsemi\LITE-ON_Optical_Sensor_Core\synthesis\Optical_Sensor_Block.srr"
Running: synthesis in foreground

Running Optical_Sensor_Block_syn|synthesis

Running Flow: compile (Compile) on Optical_Sensor_Block_syn|synthesis
# Thu Jan 16 02:04:56 2020

Running Flow: compile_flow (Compile Process) on Optical_Sensor_Block_syn|synthesis
# Thu Jan 16 02:04:56 2020

Running: compiler (Compile Input) on Optical_Sensor_Block_syn|synthesis
# Thu Jan 16 02:04:56 2020
Copied C:\Users\Phoenix136\Dropbox\FPGA\Microsemi\LITE-ON_Optical_Sensor_Core\synthesis\synwork\Optical_Sensor_Block_comp.srs to C:\Users\Phoenix136\Dropbox\FPGA\Microsemi\LITE-ON_Optical_Sensor_Core\synthesis\Optical_Sensor_Block.srs

compiler completed
# Thu Jan 16 02:04:58 2020

Return Code: 0
Run Time:00h:00m:02s

Running: multi_srs_gen (Multi-srs Generator) on Optical_Sensor_Block_syn|synthesis
# Thu Jan 16 02:04:58 2020

multi_srs_gen completed
# Thu Jan 16 02:04:58 2020

Return Code: 0
Run Time:00h:00m:00s
Copied C:\Users\Phoenix136\Dropbox\FPGA\Microsemi\LITE-ON_Optical_Sensor_Core\synthesis\synwork\Optical_Sensor_Block_mult.srs to C:\Users\Phoenix136\Dropbox\FPGA\Microsemi\LITE-ON_Optical_Sensor_Core\synthesis\Optical_Sensor_Block.srs
Complete: Compile Process on Optical_Sensor_Block_syn|synthesis

Running: premap (Premap) on Optical_Sensor_Block_syn|synthesis
# Thu Jan 16 02:04:58 2020

premap completed with warnings
# Thu Jan 16 02:04:59 2020

Return Code: 1
Run Time:00h:00m:01s
Complete: Compile on Optical_Sensor_Block_syn|synthesis

Running Flow: map (Map) on Optical_Sensor_Block_syn|synthesis
# Thu Jan 16 02:04:59 2020
License granted for 4 parallel jobs

Running: fpga_mapper (Map & Optimize) on Optical_Sensor_Block_syn|synthesis
# Thu Jan 16 02:04:59 2020
Copied C:\Users\Phoenix136\Dropbox\FPGA\Microsemi\LITE-ON_Optical_Sensor_Core\synthesis\synwork\Optical_Sensor_Block_m.srm to C:\Users\Phoenix136\Dropbox\FPGA\Microsemi\LITE-ON_Optical_Sensor_Core\synthesis\Optical_Sensor_Block.srm

fpga_mapper completed with warnings
# Thu Jan 16 02:05:09 2020

Return Code: 1
Run Time:00h:00m:10s
Complete: Map on Optical_Sensor_Block_syn|synthesis
Complete: Logic Synthesis on Optical_Sensor_Block_syn|synthesis
TCL script complete: "Optical_Sensor_Block_syn.tcl"
exit status=0
exit status=0
License checkin: synplifypro_actel
