Resource Usage Report for Butterfly_HW_DSP 

Mapping to part: m2s010tq144std
Cell usage:
CLKINT          2 uses
CFG2           16 uses
CFG3           78 uses
CFG4           102 uses

Carry cells:
ARI1            59 uses - used for arithmetic functions
ARI1            20 uses - used for Wide-Mux implementation
Total ARI1      79 uses


Sequential Cells: 
SLE            70 uses

DSP Blocks:    2 of 22 (9%)
 MACC:         2 MultAdds

I/O ports: 81
I/O primitives: 81
INBUF          45 uses
OUTBUF         36 uses


Global Clock Buffers: 2

Total LUTs:    275

Extra resources required for RAM and MACC interface logic during P&R:

RAM64x18 Interface Logic : SLEs = 0; LUTs = 0;
RAM1K18  Interface Logic : SLEs = 0; LUTs = 0;
MACC     Interface Logic : SLEs = 72; LUTs = 72;

Total number of SLEs after P&R:  70 + 0 + 0 + 72 = 142;
Total number of LUTs after P&R:  275 + 0 + 0 + 72 = 347;

