Resource Usage Report for FFT 

Mapping to part: m2s010tq144std
Cell usage:
CLKINT          1 use
CFG3           1 use


Sequential Cells: 
SLE            257 uses

DSP Blocks:    0 of 22 (0%)

I/O ports: 20
I/O primitives: 20
INBUF          11 uses
OUTBUF         9 uses


Global Clock Buffers: 1

Total LUTs:    1

Extra resources required for RAM and MACC interface logic during P&R:

RAM64x18 Interface Logic : SLEs = 0; LUTs = 0;
RAM1K18  Interface Logic : SLEs = 0; LUTs = 0;
MACC     Interface Logic : SLEs = 0; LUTs = 0;

Total number of SLEs after P&R:  257 + 0 + 0 + 0 = 257;
Total number of LUTs after P&R:  1 + 0 + 0 + 0 = 1;

