Resource Usage Report for Median_Filter 

Mapping to part: m2s010tq144std
Cell usage:
CLKINT          2 uses
CFG2           3 uses
CFG3           1 use

Carry cells:
ARI1            10 uses - used for arithmetic functions


Sequential Cells: 
SLE            37 uses

DSP Blocks:    0 of 22 (0%)

I/O ports: 20
I/O primitives: 20
INBUF          11 uses
OUTBUF         9 uses


Global Clock Buffers: 2

Total LUTs:    14

Extra resources required for RAM and MACC interface logic during P&R:

RAM64x18 Interface Logic : SLEs = 0; LUTs = 0;
RAM1K18  Interface Logic : SLEs = 0; LUTs = 0;
MACC     Interface Logic : SLEs = 0; LUTs = 0;

Total number of SLEs after P&R:  37 + 0 + 0 + 0 = 37;
Total number of LUTs after P&R:  14 + 0 + 0 + 0 = 14;

