Resource Usage Report for Sigma_Delta_system 

Mapping to part: m2s010tq144std
Cell usage:
CLKINT          2 uses
CFG1           1 use
CFG2           20 uses
CFG3           2 uses
CFG4           17 uses

Carry cells:
ARI1            51 uses - used for arithmetic functions


Sequential Cells: 
SLE            121 uses

DSP Blocks:    0 of 22 (0%)

I/O ports: 22
I/O primitives: 21
INBUF          2 uses
INBUF_DIFF     1 use
OUTBUF         18 uses


Global Clock Buffers: 2

Total LUTs:    91

Extra resources required for RAM and MACC interface logic during P&R:

RAM64x18 Interface Logic : SLEs = 0; LUTs = 0;
RAM1K18  Interface Logic : SLEs = 0; LUTs = 0;
MACC     Interface Logic : SLEs = 0; LUTs = 0;

Total number of SLEs after P&R:  121 + 0 + 0 + 0 = 121;
Total number of LUTs after P&R:  91 + 0 + 0 + 0 = 91;

