Resource Usage Report for Delta_Sigma_Design 

Mapping to part: m2s010tq144std
Cell usage:
AND2            1 use
CCC             1 use
CLKINT          5 uses
RCOSC_25_50MHZ  1 use
SYSRESET        1 use
CFG1           7 uses
CFG2           76 uses
CFG3           575 uses
CFG4           365 uses

Carry cells:
ARI1            91 uses - used for arithmetic functions
ARI1            2 uses - used for Wide-Mux implementation
Total ARI1      93 uses


Sequential Cells: 
SLE            809 uses

DSP Blocks:    0 of 22 (0%)

I/O ports: 21
I/O primitives: 19
INBUF_DIFF     1 use
OUTBUF         18 uses


Global Clock Buffers: 5

Total LUTs:    1116

Extra resources required for RAM and MACC interface logic during P&R:

RAM64x18 Interface Logic : SLEs = 360; LUTs = 360;
RAM1K18  Interface Logic : SLEs = 0; LUTs = 0;
MACC     Interface Logic : SLEs = 0; LUTs = 0;

Total number of SLEs after P&R:  809 + 360 + 0 + 0 = 1169;
Total number of LUTs after P&R:  1116 + 360 + 0 + 0 = 1476;

