
Copyright (C) 1994-2018 Synopsys, Inc.
This Synopsys software and all associated documentation are proprietary to Synopsys, Inc.
and may only be used pursuant to the terms and conditions of a written license agreement
with Synopsys, Inc. All other use, reproduction, modification, or distribution of the
Synopsys software or the associated documentation is strictly prohibited.
Tool: Synplify Pro (R)
Build: N-2018.03M-SP1-1
Install: C:\Microsemi\Libero_SoC_v12.1\SynplifyPro
OS: Windows 6.2

Hostname: PHOENIX136DESKY

Implementation : synthesis

# Written on Sat Nov 16 02:18:32 2019

##### DESIGN INFO #######################################################

Top View:                "Driver_Container"
Constraint File(s):      "C:\Users\Phoenix136\Dropbox\FPGA\Microsemi\Nokia5110_Driver_12_1\designer\Driver_Container\synthesis.fdc"




##### SUMMARY ############################################################

Found 0 issues in 0 out of 0 constraints


##### DETAILS ############################################################



Clock Relationships
*******************

Starting                                          Ending                                            |     rise to rise     |     fall to fall     |     rise to fall     |     fall to rise                     
---------------------------------------------------------------------------------------------------------------------------------------------------------------------------------------------------------------
System                                            System                                            |     10.000           |     No paths         |     No paths         |     No paths                         
System                                            FCCC_C0_FCCC_C0_0_FCCC|GL0_net_inferred_clock     |     10.000           |     No paths         |     No paths         |     No paths                         
FCCC_C0_FCCC_C0_0_FCCC|GL0_net_inferred_clock     FCCC_C0_FCCC_C0_0_FCCC|GL0_net_inferred_clock     |     10.000           |     No paths         |     No paths         |     No paths                         
FCCC_C0_FCCC_C0_0_FCCC|GL0_net_inferred_clock     timerZ1|timer_clock_out_sig_inferred_clock        |     Diff grp         |     No paths         |     No paths         |     No paths                         
timerZ1|timer_clock_out_sig_inferred_clock        FCCC_C0_FCCC_C0_0_FCCC|GL0_net_inferred_clock     |     Diff grp         |     No paths         |     No paths         |     No paths                         
timerZ1|timer_clock_out_sig_inferred_clock        timerZ1|timer_clock_out_sig_inferred_clock        |     10.000           |     No paths         |     No paths         |     No paths                         
===============================================================================================================================================================================================================
 Note: 'No paths' indicates there are no paths in the design for that pair of clock edges.
       'Diff grp' indicates that paths exist but the starting clock and ending clock are in different clock groups.


Unconstrained Start/End Points
******************************

p:Board_J7[0]
p:Board_J7[1]
p:Board_J7[2]
p:Board_J7[3]
p:Board_J7[4]
p:Board_J10
p:Board_J11


Inapplicable constraints
************************

(none)


Applicable constraints with issues
**********************************

(none)


Constraints with matching wildcard expressions
**********************************************

(none)


Library Report
**************


# End of Constraint Checker Report
