
Copyright (C) 1994-2018 Synopsys, Inc.
This Synopsys software and all associated documentation are proprietary to Synopsys, Inc.
and may only be used pursuant to the terms and conditions of a written license agreement
with Synopsys, Inc. All other use, reproduction, modification, or distribution of the
Synopsys software or the associated documentation is strictly prohibited.
Tool: Synplify Pro (R)
Build: N-2018.03M-SP1-1
Install: C:\Microsemi\Libero_SoC_v12.1\SynplifyPro
OS: Windows 6.2

Hostname: PHOENIX136DESKY

Implementation : synthesis

# Written on Wed Nov  6 04:23:09 2019

##### DESIGN INFO #######################################################

Top View:                "Nokia5110_Driver_Block_SD"
Constraint File(s):      "C:\Users\Phoenix136\Dropbox\FPGA\Microsemi\Nokia5110_Driver_12_1\designer\Nokia5110_Driver_Block_SD\synthesis.fdc"




##### SUMMARY ############################################################

Found 0 issues in 0 out of 0 constraints


##### DETAILS ############################################################



Clock Relationships
*******************

Starting                                       Ending                                         |     rise to rise     |     fall to fall     |     rise to fall     |     fall to rise                     
---------------------------------------------------------------------------------------------------------------------------------------------------------------------------------------------------------
Nokia5110_Driver_Block_SD|CLK                  Nokia5110_Driver_Block_SD|CLK                  |     10.000           |     No paths         |     No paths         |     No paths                         
Nokia5110_Driver_Block_SD|CLK                  timerZ1|timer_clock_out_sig_inferred_clock     |     Diff grp         |     No paths         |     No paths         |     No paths                         
timerZ1|timer_clock_out_sig_inferred_clock     Nokia5110_Driver_Block_SD|CLK                  |     Diff grp         |     No paths         |     No paths         |     No paths                         
timerZ1|timer_clock_out_sig_inferred_clock     timerZ1|timer_clock_out_sig_inferred_clock     |     10.000           |     No paths         |     No paths         |     No paths                         
=========================================================================================================================================================================================================
 Note: 'No paths' indicates there are no paths in the design for that pair of clock edges.
       'Diff grp' indicates that paths exist but the starting clock and ending clock are in different clock groups.


Unconstrained Start/End Points
******************************

p:PADDR[0]
p:PADDR[1]
p:PADDR[2]
p:PADDR[3]
p:PADDR[4]
p:PADDR[5]
p:PADDR[6]
p:PADDR[7]
p:PENABLE
p:PRDATA[0]
p:PRDATA[1]
p:PRDATA[2]
p:PRDATA[3]
p:PRDATA[4]
p:PRDATA[5]
p:PRDATA[6]
p:PRDATA[7]
p:PREADY
p:PSEL
p:PSLVERR
p:PWDATA[0]
p:PWDATA[1]
p:PWDATA[2]
p:PWDATA[3]
p:PWDATA[4]
p:PWDATA[5]
p:PWDATA[6]
p:PWDATA[7]
p:PWRITE
p:RSTn
p:RSTout
p:SPIDO
p:chip_enable
p:data_command
p:driver_busy


Inapplicable constraints
************************

(none)


Applicable constraints with issues
**********************************

(none)


Constraints with matching wildcard expressions
**********************************************

(none)


Library Report
**************


# End of Constraint Checker Report
