
Starting:    C:\Microsemi\Libero_SoC_v12.1\SynplifyPro\bin64\mbin\synbatch.exe
Install:     C:\Microsemi\Libero_SoC_v12.1\SynplifyPro
Hostname:    PHOENIX136DESKY
Date:        Sat Nov  9 00:56:22 2019
Version:     N-2018.03M-SP1-1

Arguments:   -product synplify_pro -licensetype synplifypro_actel -batch -log synplify.log Driver_Container_syn.tcl
ProductType: synplify_pro

License checkout: synplifypro_actel
License: synplifypro_actel node-locked 
Licensed Vendor: actel
License Option: actel_oem

Running in Vendor Mode

auto_infer_blackbox is not supported in current product.
log file: "C:\Users\Phoenix136\Dropbox\FPGA\Microsemi\Nokia5110_Driver_12_1\synthesis\Driver_Container.srr"
Running: synthesis in foreground

Running Driver_Container_syn|synthesis

Running Flow: compile (Compile) on Driver_Container_syn|synthesis
# Sat Nov  9 00:56:22 2019

Running Flow: compile_flow (Compile Process) on Driver_Container_syn|synthesis
# Sat Nov  9 00:56:22 2019

Running: compiler (Compile Input) on Driver_Container_syn|synthesis
# Sat Nov  9 00:56:22 2019
Copied C:\Users\Phoenix136\Dropbox\FPGA\Microsemi\Nokia5110_Driver_12_1\synthesis\synwork\Driver_Container_comp.srs to C:\Users\Phoenix136\Dropbox\FPGA\Microsemi\Nokia5110_Driver_12_1\synthesis\Driver_Container.srs

compiler completed
# Sat Nov  9 00:56:25 2019

Return Code: 0
Run Time:00h:00m:03s

Running: multi_srs_gen (Multi-srs Generator) on Driver_Container_syn|synthesis
# Sat Nov  9 00:56:25 2019

multi_srs_gen completed
# Sat Nov  9 00:56:25 2019

Return Code: 0
Run Time:00h:00m:00s
Copied C:\Users\Phoenix136\Dropbox\FPGA\Microsemi\Nokia5110_Driver_12_1\synthesis\synwork\Driver_Container_mult.srs to C:\Users\Phoenix136\Dropbox\FPGA\Microsemi\Nokia5110_Driver_12_1\synthesis\Driver_Container.srs
Complete: Compile Process on Driver_Container_syn|synthesis

Running: premap (Premap) on Driver_Container_syn|synthesis
# Sat Nov  9 00:56:25 2019

premap completed with warnings
# Sat Nov  9 00:56:26 2019

Return Code: 1
Run Time:00h:00m:01s
Complete: Compile on Driver_Container_syn|synthesis

Running Flow: map (Map) on Driver_Container_syn|synthesis
# Sat Nov  9 00:56:26 2019
License granted for 4 parallel jobs

Running: fpga_mapper (Map & Optimize) on Driver_Container_syn|synthesis
# Sat Nov  9 00:56:26 2019
Copied C:\Users\Phoenix136\Dropbox\FPGA\Microsemi\Nokia5110_Driver_12_1\synthesis\synwork\Driver_Container_m.srm to C:\Users\Phoenix136\Dropbox\FPGA\Microsemi\Nokia5110_Driver_12_1\synthesis\Driver_Container.srm

fpga_mapper completed with warnings
# Sat Nov  9 00:56:28 2019

Return Code: 1
Run Time:00h:00m:02s
Complete: Map on Driver_Container_syn|synthesis
Complete: Logic Synthesis on Driver_Container_syn|synthesis
TCL script complete: "Driver_Container_syn.tcl"
exit status=0
exit status=0
License checkin: synplifypro_actel
