Resource Report
Microsemi Corporation - Microsemi Libero Software Release v12.1 (Version 12.600.0.14)
Date: Wed Jan 29 15:17:00 2020

Device Selection
+--------------------------------+----------------+
| Family                         | SmartFusion2   |
| Device                         | M2S010         |
| Package                        | 144 TQ         |
| Speed Grade                    | STD            |
| Temp                           | 0:25:85        |
| Voltage                        | 1.26:1.20:1.14 |
| Core Voltage                   | 1.2V           |
| Ramp Rate                      | 100ms Minimum  |
| System Controller Suspend Mode | No             |
| PLL Supply Voltage             | 2.5V           |
| Default I/O technology         | LVCMOS 2.5V    |
| Restrict Probe Pins            | Yes            |
| Restrict SPI Pins              | No             |
+--------------------------------+----------------+

Source Files
+---------+--------------------------------------------------------------------------------------------+
| Topcell | Sigma_Delta_system                                                                         |
| Format  | Verilog                                                                                    |
| Source  | C:\Users\Phoenix136\Dropbox\FPGA\Microsemi\Sigma_Delta_ADC\synthesis\Sigma_Delta_system.vm |
+---------+--------------------------------------------------------------------------------------------+

Options
+----------------------------------------------------+-------+
| Enable Single Event Transient mitigation           | false |
| Enable Design Separation Methodology               | false |
| Limit the number of high fanout nets to display to | 10    |
+----------------------------------------------------+-------+

Resource Usage
+---------------------------+------+-------+------------+
| Type                      | Used | Total | Percentage |
+---------------------------+------+-------+------------+
| 4LUT                      | 91   | 12084 | 0.75       |
| DFF                       | 121  | 12084 | 1.00       |
| I/O Register              | 0    | 252   | 0.00       |
| User I/O                  | 22   | 84    | 26.19      |
| -- Single-ended I/O       | 20   | 84    | 23.81      |
| -- Differential I/O Pairs | 1    | 37    | 2.70       |
| RAM64x18                  | 0    | 22    | 0.00       |
| RAM1K18                   | 0    | 21    | 0.00       |
| MACC                      | 0    | 22    | 0.00       |
| Chip Globals              | 2    | 8     | 25.00      |
| CCC                       | 0    | 2     | 0.00       |
| RCOSC_25_50MHZ            | 0    | 1     | 0.00       |
| RCOSC_1MHZ                | 0    | 1     | 0.00       |
| XTLOSC                    | 0    | 1     | 0.00       |
| MSS                       | 0    | 1     | 0.00       |
+---------------------------+------+-------+------------+

Detailed Logic Resource Usage
+--------------------------+------+-----+
| Type                     | 4LUT | DFF |
+--------------------------+------+-----+
| Fabric Logic             | 91   | 121 |
| RAM64x18 Interface Logic | 0    | 0   |
| RAM1K18 Interface Logic  | 0    | 0   |
| MACC Interface Logic     | 0    | 0   |
| Total Used               | 91   | 121 |
+--------------------------+------+-----+

Detailed Carry Chains Resource Usage
+--------+------+
| Length | Used |
| 16     | 1    |
| 17     | 1    |
| 18     | 1    |
| Total  | 3    |
+--------+------+

I/O Function
+-------------------------------+--------------+-------------+-----------------+
| Type                          | w/o register | w/ register | w/ DDR register |
+-------------------------------+--------------+-------------+-----------------+
| Input I/O                     | 2            | 0           | 0               |
| Output I/O                    | 18           | 0           | 0               |
| Bidirectional I/O             | 0            | 0           | 0               |
| Differential Input I/O Pairs  | 1            | 0           | 0               |
| Differential Output I/O Pairs | 0            | 0           | 0               |
+-------------------------------+--------------+-------------+-----------------+

I/O Technology
+------------------------------+--------+--------+-------+--------+---------------+
| I/O Standard                 | Vddi   | Vref   | Input | Output | Bidirectional |
+------------------------------+--------+--------+-------+--------+---------------+
| LVCMOS25                     |  2.50v |  N/A   |  2    |  18    |  0            |
| SSTL2I (Input/Bidirectional) |  2.50v |  1.25v |  2    |  0     |  0            |
+------------------------------+--------+--------+-------+--------+---------------+

I/O Placement
+----------+-------+------------+
| Type     | Count | Percentage |
+----------+-------+------------+
| Locked   |  0    | 0.00%      |
| Placed   |  0    | 0.00%      |
| UnPlaced |  22   | 100.00%    |
+----------+-------+------------+

Nets assigned to chip global resources
+--------+---------+-----------------------------------+
| Fanout | Type    | Name                              |
+--------+---------+-----------------------------------+
| 120    | INT_NET | Net   : RSTn_c                    |
|        |         | Driver: RSTn_ibuf_RNICUT3/U0_RGB1 |
|        |         | Source: NETLIST                   |
| 120    | INT_NET | Net   : PCLK_c                    |
|        |         | Driver: PCLK_ibuf_RNIFTKA/U0_RGB1 |
|        |         | Source: NETLIST                   |
+--------+---------+-----------------------------------+

Nets assigned to row global resources
+--------+------+------+
| Fanout | Type | Name |
+--------+------+------+
+--------+------+------+

High fanout nets
+--------+---------+--------------------------------------------------------------------------------------+
| Fanout | Type    | Name                                                                                 |
+--------+---------+--------------------------------------------------------------------------------------+
| 53     | INT_NET | Net   : Averaging_Filter_0/filter_state[0]                                           |
|        |         | Driver: Averaging_Filter_0/filter_state[0]                                           |
| 20     | INT_NET | Net   : Sigma_Delta_LVDS_ADC_0/sample_CLK                                            |
|        |         | Driver: Sigma_Delta_LVDS_ADC_0/Sample_CLK_timer/timer_clock_out_sig                  |
| 18     | INT_NET | Net   : Averaging_Filter_0/filter_state[1]                                           |
|        |         | Driver: Averaging_Filter_0/filter_state[1]                                           |
| 17     | INT_NET | Net   : Averaging_Filter_0/N_24_i                                                    |
|        |         | Driver: Averaging_Filter_0/un6_data_in_ready_last_RNI90M9                            |
| 17     | INT_NET | Net   : Sigma_Delta_LVDS_ADC_0/pwm_quantized_accumulator_0_sqmuxa_x_Z                |
|        |         | Driver: Sigma_Delta_LVDS_ADC_0/pwm_quantized_accumulator_0_sqmuxa_x                  |
| 16     | INT_NET | Net   : Sigma_Delta_LVDS_ADC_0/pwm_quantized_accumulator_0_sqmuxa_Z                  |
|        |         | Driver: Sigma_Delta_LVDS_ADC_0/pwm_quantized_accumulator_0_sqmuxa                    |
| 16     | INT_NET | Net   : Sigma_Delta_LVDS_ADC_0/pwm_quantized_accumulatore                            |
|        |         | Driver: Sigma_Delta_LVDS_ADC_0/p_the_quantization_stuff.un13_sample_clk_last_RNID6PS |
| 4      | INT_NET | Net   : Sigma_Delta_LVDS_ADC_0/pwm_quantized_accumulator[0]                          |
|        |         | Driver: Sigma_Delta_LVDS_ADC_0/pwm_quantized_accumulator[0]                          |
| 3      | INT_NET | Net   : Averaging_Filter_0/un6_data_in_ready_last_i                                  |
|        |         | Driver: Averaging_Filter_0/un6_data_in_ready_last                                    |
| 3      | INT_NET | Net   : Sigma_Delta_LVDS_ADC_0/pwm_quantized_accumulator[15]                         |
|        |         | Driver: Sigma_Delta_LVDS_ADC_0/pwm_quantized_accumulator[15]                         |
+--------+---------+--------------------------------------------------------------------------------------+

High fanout nets (through buffer trees)
+--------+---------+--------------------------------------------------------------------------------------+
| Fanout | Type    | Name                                                                                 |
+--------+---------+--------------------------------------------------------------------------------------+
| 53     | INT_NET | Net   : Averaging_Filter_0/filter_state[0]                                           |
|        |         | Driver: Averaging_Filter_0/filter_state[0]                                           |
| 20     | INT_NET | Net   : Sigma_Delta_LVDS_ADC_0/sample_CLK                                            |
|        |         | Driver: Sigma_Delta_LVDS_ADC_0/Sample_CLK_timer/timer_clock_out_sig                  |
| 18     | INT_NET | Net   : Averaging_Filter_0/filter_state[1]                                           |
|        |         | Driver: Averaging_Filter_0/filter_state[1]                                           |
| 17     | INT_NET | Net   : Averaging_Filter_0/N_24_i                                                    |
|        |         | Driver: Averaging_Filter_0/un6_data_in_ready_last_RNI90M9                            |
| 17     | INT_NET | Net   : Sigma_Delta_LVDS_ADC_0/pwm_quantized_accumulator_0_sqmuxa_x_Z                |
|        |         | Driver: Sigma_Delta_LVDS_ADC_0/pwm_quantized_accumulator_0_sqmuxa_x                  |
| 16     | INT_NET | Net   : Sigma_Delta_LVDS_ADC_0/pwm_quantized_accumulator_0_sqmuxa_Z                  |
|        |         | Driver: Sigma_Delta_LVDS_ADC_0/pwm_quantized_accumulator_0_sqmuxa                    |
| 16     | INT_NET | Net   : Sigma_Delta_LVDS_ADC_0/pwm_quantized_accumulatore                            |
|        |         | Driver: Sigma_Delta_LVDS_ADC_0/p_the_quantization_stuff.un13_sample_clk_last_RNID6PS |
| 4      | INT_NET | Net   : Sigma_Delta_LVDS_ADC_0/pwm_quantized_accumulator[0]                          |
|        |         | Driver: Sigma_Delta_LVDS_ADC_0/pwm_quantized_accumulator[0]                          |
| 3      | INT_NET | Net   : Averaging_Filter_0/un6_data_in_ready_last_i                                  |
|        |         | Driver: Averaging_Filter_0/un6_data_in_ready_last                                    |
| 3      | INT_NET | Net   : Sigma_Delta_LVDS_ADC_0/pwm_quantized_accumulator[15]                         |
|        |         | Driver: Sigma_Delta_LVDS_ADC_0/pwm_quantized_accumulator[15]                         |
+--------+---------+--------------------------------------------------------------------------------------+

