# Reading C:/Microsemi/Libero_SoC_v12.1/ModelSim/tcl/vsim/pref.tcl
# do run.do
# INFO: Simulation library presynth already exists
# Model Technology ModelSim Microsemi vmap 10.7c Lib Mapping Utility 2018.10 Oct 15 2018
# vmap presynth presynth 
# Modifying modelsim.ini
# Model Technology ModelSim Microsemi vmap 10.7c Lib Mapping Utility 2018.10 Oct 15 2018
# vmap SmartFusion2 C:/Microsemi/Libero_SoC_v12.1/Designer/lib/modelsimpro/precompiled/vlog/SmartFusion2 
# Modifying modelsim.ini
# Model Technology ModelSim Microsemi vcom 10.7c Compiler 2018.10 Oct 15 2018
# Start time: 00:35:23 on Jan 16,2020
# vcom -reportprogress 300 -2008 -explicit -work presynth C:/Users/Phoenix136/Dropbox/FPGA/Microsemi/LITE-ON_Optical_Sensor_Core/hdl/I2C_Core2.vhd 
# -- Loading package STANDARD
# -- Loading package TEXTIO
# -- Loading package std_logic_1164
# -- Loading package NUMERIC_STD
# -- Compiling entity I2C_Core2
# -- Compiling architecture architecture_I2C_Core2 of I2C_Core2
# End time: 00:35:24 on Jan 16,2020, Elapsed time: 0:00:01
# Errors: 0, Warnings: 0
# Model Technology ModelSim Microsemi vcom 10.7c Compiler 2018.10 Oct 15 2018
# Start time: 00:35:24 on Jan 16,2020
# vcom -reportprogress 300 -2008 -explicit -work presynth C:/Users/Phoenix136/Dropbox/FPGA/Microsemi/LITE-ON_Optical_Sensor_Core/hdl/I2C_Core2_APB3.vhd 
# -- Loading package STANDARD
# -- Loading package TEXTIO
# -- Loading package std_logic_1164
# -- Loading package NUMERIC_STD
# -- Compiling entity I2C_Core2_APB3
# -- Compiling architecture architecture_I2C_Core2_APB3 of I2C_Core2_APB3
# End time: 00:35:24 on Jan 16,2020, Elapsed time: 0:00:00
# Errors: 0, Warnings: 0
# Model Technology ModelSim Microsemi vcom 10.7c Compiler 2018.10 Oct 15 2018
# Start time: 00:35:24 on Jan 16,2020
# vcom -reportprogress 300 -2008 -explicit -work presynth C:/Users/Phoenix136/Dropbox/FPGA/Microsemi/LITE-ON_Optical_Sensor_Core/stimulus/I2C_Core2_APB3_tb.vhd 
# -- Loading package STANDARD
# -- Loading package TEXTIO
# -- Loading package std_logic_1164
# -- Loading package NUMERIC_STD
# -- Loading package util
# -- Compiling entity I2C_Core2_APB3_tb
# -- Compiling architecture behavioral of I2C_Core2_APB3_tb
# End time: 00:35:24 on Jan 16,2020, Elapsed time: 0:00:00
# Errors: 0, Warnings: 0
# vsim -L SmartFusion2 -L presynth -t 1fs presynth.I2C_Core2_APB3_tb 
# Start time: 00:35:24 on Jan 16,2020
# //  ModelSim Microsemi 10.7c Oct 15 2018
# //
# //  Copyright 1991-2018 Mentor Graphics Corporation
# //  All Rights Reserved.
# //
# //  ModelSim Microsemi and its associated documentation contain trade
# //  secrets and commercial or financial information that are the property of
# //  Mentor Graphics Corporation and are privileged, confidential,
# //  and exempt from disclosure under the Freedom of Information Act,
# //  5 U.S.C. Section 552. Furthermore, this information
# //  is prohibited from disclosure under the Trade Secrets Act,
# //  18 U.S.C. Section 1905.
# //
# Loading std.standard
# Loading std.textio(body)
# Loading ieee.std_logic_1164(body)
# Loading ieee.numeric_std(body)
# Loading modelsim_lib.util(body)
# Loading presynth.i2c_core2_apb3_tb(behavioral)
# Loading presynth.i2c_core2_apb3(architecture_i2c_core2_apb3)
# Loading presynth.i2c_core2(architecture_i2c_core2)
# ** Note: init_signal_spy [C:/Users/Phoenix136/Dropbox/FPGA/Microsemi/LITE-ON_Optical_Sensor_Core/stimulus/I2C_Core2_APB3_tb.vhd] : Mirroring the value of '/i2c_core2_apb3_tb/I2C_Core_APB3_0/I2C_Core2_0/i2c_state_cur' onto '/i2c_core2_apb3_tb/i_i2c_state_cur_spy'.
# ** Note: init_signal_spy [C:/Users/Phoenix136/Dropbox/FPGA/Microsemi/LITE-ON_Optical_Sensor_Core/stimulus/I2C_Core2_APB3_tb.vhd] : Mirroring the value of '/i2c_core2_apb3_tb/I2C_Core_APB3_0/I2C_Core2_0/i2c_clk_pulse' onto '/i2c_core2_apb3_tb/i_i2c_clk_pulse_spy'.
# ** Note: init_signal_spy [C:/Users/Phoenix136/Dropbox/FPGA/Microsemi/LITE-ON_Optical_Sensor_Core/stimulus/I2C_Core2_APB3_tb.vhd] : Mirroring the value of '/i2c_core2_apb3_tb/I2C_Core_APB3_0/I2C_Core2_0/state_handshake' onto '/i2c_core2_apb3_tb/i_state_handshake_spy'.
# ** Note: init_signal_spy [C:/Users/Phoenix136/Dropbox/FPGA/Microsemi/LITE-ON_Optical_Sensor_Core/stimulus/I2C_Core2_APB3_tb.vhd] : Mirroring the value of '/i2c_core2_apb3_tb/I2C_Core_APB3_0/I2C_Core2_0/bit_to_SDA' onto '/i2c_core2_apb3_tb/i_bit_to_SDA_spy'.
# ** Note: init_signal_spy [C:/Users/Phoenix136/Dropbox/FPGA/Microsemi/LITE-ON_Optical_Sensor_Core/stimulus/I2C_Core2_APB3_tb.vhd] : Mirroring the value of '/i2c_core2_apb3_tb/I2C_Core_APB3_0/I2C_Core2_0/i2c_read_reg' onto '/i2c_core2_apb3_tb/i_i2c_read_reg_spy'.
# ** Note: init_signal_spy [C:/Users/Phoenix136/Dropbox/FPGA/Microsemi/LITE-ON_Optical_Sensor_Core/stimulus/I2C_Core2_APB3_tb.vhd] : Mirroring the value of '/i2c_core2_apb3_tb/I2C_Core_APB3_0/I2C_Core2_0/SDA_filt' onto '/i2c_core2_apb3_tb/i_SDA_filt_spy'.
# ** Note: init_signal_spy [C:/Users/Phoenix136/Dropbox/FPGA/Microsemi/LITE-ON_Optical_Sensor_Core/stimulus/I2C_Core2_APB3_tb.vhd] : Mirroring the value of '/i2c_core2_apb3_tb/I2C_Core_APB3_0/I2C_Core2_0/SCL_filt' onto '/i2c_core2_apb3_tb/i_SCL_filt_spy'.
# ** Note: init_signal_spy [C:/Users/Phoenix136/Dropbox/FPGA/Microsemi/LITE-ON_Optical_Sensor_Core/stimulus/I2C_Core2_APB3_tb.vhd] : Mirroring the value of '/i2c_core2_apb3_tb/I2C_Core_APB3_0/I2C_Core2_0/SDAI_sig_history' onto '/i2c_core2_apb3_tb/i_SDAI_sig_history_spy'.
# ** Note: init_signal_spy [C:/Users/Phoenix136/Dropbox/FPGA/Microsemi/LITE-ON_Optical_Sensor_Core/stimulus/I2C_Core2_APB3_tb.vhd] : Mirroring the value of '/i2c_core2_apb3_tb/I2C_Core_APB3_0/I2C_Core2_0/SCLI_sig_history' onto '/i2c_core2_apb3_tb/i_SCLI_sig_history_spy'.
# ** Note: init_signal_spy [C:/Users/Phoenix136/Dropbox/FPGA/Microsemi/LITE-ON_Optical_Sensor_Core/stimulus/I2C_Core2_APB3_tb.vhd] : Mirroring the value of '/i2c_core2_apb3_tb/I2C_Core_APB3_0/I2C_Core2_0/bit_counter' onto '/i2c_core2_apb3_tb/i_bit_counter_spy'.
# ** Note: init_signal_spy [C:/Users/Phoenix136/Dropbox/FPGA/Microsemi/LITE-ON_Optical_Sensor_Core/stimulus/I2C_Core2_APB3_tb.vhd] : Mirroring the value of '/i2c_core2_apb3_tb/I2C_Core_APB3_0/I2C_Core2_0/did_ack' onto '/i2c_core2_apb3_tb/i_did_ack_spy'.
# ** Note: init_signal_spy [C:/Users/Phoenix136/Dropbox/FPGA/Microsemi/LITE-ON_Optical_Sensor_Core/stimulus/I2C_Core2_APB3_tb.vhd] : Mirroring the value of '/i2c_core2_apb3_tb/I2C_Core_APB3_0/sequence_cnt' onto '/i2c_core2_apb3_tb/sequence_cnt_spy'.
# ** Note: init_signal_spy [C:/Users/Phoenix136/Dropbox/FPGA/Microsemi/LITE-ON_Optical_Sensor_Core/stimulus/I2C_Core2_APB3_tb.vhd] : Mirroring the value of '/i2c_core2_apb3_tb/I2C_Core_APB3_0/seq_enable' onto '/i2c_core2_apb3_tb/seq_enable_spy'.
# ** Note: init_signal_spy [C:/Users/Phoenix136/Dropbox/FPGA/Microsemi/LITE-ON_Optical_Sensor_Core/stimulus/I2C_Core2_APB3_tb.vhd] : Mirroring the value of '/i2c_core2_apb3_tb/I2C_Core_APB3_0/seq_run' onto '/i2c_core2_apb3_tb/seq_run_spy'.
# ** Note: init_signal_spy [C:/Users/Phoenix136/Dropbox/FPGA/Microsemi/LITE-ON_Optical_Sensor_Core/stimulus/I2C_Core2_APB3_tb.vhd] : Mirroring the value of '/i2c_core2_apb3_tb/I2C_Core_APB3_0/seq_data' onto '/i2c_core2_apb3_tb/seq_data_spy'.
# ** Note: init_signal_spy [C:/Users/Phoenix136/Dropbox/FPGA/Microsemi/LITE-ON_Optical_Sensor_Core/stimulus/I2C_Core2_APB3_tb.vhd] : Mirroring the value of '/i2c_core2_apb3_tb/I2C_Core_APB3_0/seq_cmd' onto '/i2c_core2_apb3_tb/seq_cmd_spy'.
# ** Note: init_signal_spy [C:/Users/Phoenix136/Dropbox/FPGA/Microsemi/LITE-ON_Optical_Sensor_Core/stimulus/I2C_Core2_APB3_tb.vhd] : Mirroring the value of '/i2c_core2_apb3_tb/I2C_Core_APB3_0/seq_finished' onto '/i2c_core2_apb3_tb/seq_finished_spy'.
# ** Note: init_signal_spy [C:/Users/Phoenix136/Dropbox/FPGA/Microsemi/LITE-ON_Optical_Sensor_Core/stimulus/I2C_Core2_APB3_tb.vhd] : Mirroring the value of '/i2c_core2_apb3_tb/I2C_Core_APB3_0/i2c_ready' onto '/i2c_core2_apb3_tb/i2c_ready_spy'.
# ** Note: init_signal_spy [C:/Users/Phoenix136/Dropbox/FPGA/Microsemi/LITE-ON_Optical_Sensor_Core/stimulus/I2C_Core2_APB3_tb.vhd] : Mirroring the value of '/i2c_core2_apb3_tb/I2C_Core_APB3_0/i2c_reg_ctrl' onto '/i2c_core2_apb3_tb/i2c_reg_ctrl_spy'.
# ** Note: init_signal_spy [C:/Users/Phoenix136/Dropbox/FPGA/Microsemi/LITE-ON_Optical_Sensor_Core/stimulus/I2C_Core2_APB3_tb.vhd] : Mirroring the value of '/i2c_core2_apb3_tb/I2C_Core_APB3_0/i2c_reg_stat' onto '/i2c_core2_apb3_tb/i2c_reg_stat_spy'.
# ** Note: init_signal_spy [C:/Users/Phoenix136/Dropbox/FPGA/Microsemi/LITE-ON_Optical_Sensor_Core/stimulus/I2C_Core2_APB3_tb.vhd] : Mirroring the value of '/i2c_core2_apb3_tb/I2C_Core_APB3_0/i2c_reg_clk' onto '/i2c_core2_apb3_tb/i2c_reg_clk_spy'.
# ** Note: init_signal_spy [C:/Users/Phoenix136/Dropbox/FPGA/Microsemi/LITE-ON_Optical_Sensor_Core/stimulus/I2C_Core2_APB3_tb.vhd] : Mirroring the value of '/i2c_core2_apb3_tb/I2C_Core_APB3_0/i2c_reg_datI' onto '/i2c_core2_apb3_tb/i2c_reg_datI_spy'.
# ** Note: init_signal_spy [C:/Users/Phoenix136/Dropbox/FPGA/Microsemi/LITE-ON_Optical_Sensor_Core/stimulus/I2C_Core2_APB3_tb.vhd] : Mirroring the value of '/i2c_core2_apb3_tb/I2C_Core_APB3_0/i2c_reg_datO' onto '/i2c_core2_apb3_tb/i2c_reg_datO_spy'.
# ** Note: init_signal_spy [C:/Users/Phoenix136/Dropbox/FPGA/Microsemi/LITE-ON_Optical_Sensor_Core/stimulus/I2C_Core2_APB3_tb.vhd] : Mirroring the value of '/i2c_core2_apb3_tb/I2C_Core_APB3_0/i2c_initiate' onto '/i2c_core2_apb3_tb/i2c_initiate_spy'.
# ** Note: init_signal_spy [C:/Users/Phoenix136/Dropbox/FPGA/Microsemi/LITE-ON_Optical_Sensor_Core/stimulus/I2C_Core2_APB3_tb.vhd] : Mirroring the value of '/i2c_core2_apb3_tb/I2C_Core_APB3_0/i2c_instruct' onto '/i2c_core2_apb3_tb/i2c_instruct_spy'.
# ** Note: init_signal_spy [C:/Users/Phoenix136/Dropbox/FPGA/Microsemi/LITE-ON_Optical_Sensor_Core/stimulus/I2C_Core2_APB3_tb.vhd] : Mirroring the value of '/i2c_core2_apb3_tb/I2C_Core_APB3_0/i2c_clk_div_in' onto '/i2c_core2_apb3_tb/i2c_clk_div_in_spy'.
# ** Note: init_signal_spy [C:/Users/Phoenix136/Dropbox/FPGA/Microsemi/LITE-ON_Optical_Sensor_Core/stimulus/I2C_Core2_APB3_tb.vhd] : Mirroring the value of '/i2c_core2_apb3_tb/I2C_Core_APB3_0/i2c_bus_busy' onto '/i2c_core2_apb3_tb/i2c_bus_busy_spy'.
# ** Note: init_signal_spy [C:/Users/Phoenix136/Dropbox/FPGA/Microsemi/LITE-ON_Optical_Sensor_Core/stimulus/I2C_Core2_APB3_tb.vhd] : Mirroring the value of '/i2c_core2_apb3_tb/I2C_Core_APB3_0/i2c_int' onto '/i2c_core2_apb3_tb/i2c_int_spy'.
# ** Note: init_signal_spy [C:/Users/Phoenix136/Dropbox/FPGA/Microsemi/LITE-ON_Optical_Sensor_Core/stimulus/I2C_Core2_APB3_tb.vhd] : Mirroring the value of '/i2c_core2_apb3_tb/I2C_Core_APB3_0/i2c_status_out' onto '/i2c_core2_apb3_tb/i2c_status_out_spy'.
# ** Note: init_signal_spy [C:/Users/Phoenix136/Dropbox/FPGA/Microsemi/LITE-ON_Optical_Sensor_Core/stimulus/I2C_Core2_APB3_tb.vhd] : Mirroring the value of '/i2c_core2_apb3_tb/I2C_Core_APB3_0/i2c_data_in' onto '/i2c_core2_apb3_tb/i2c_data_in_spy'.
# ** Note: init_signal_spy [C:/Users/Phoenix136/Dropbox/FPGA/Microsemi/LITE-ON_Optical_Sensor_Core/stimulus/I2C_Core2_APB3_tb.vhd] : Mirroring the value of '/i2c_core2_apb3_tb/I2C_Core_APB3_0/i2c_data_out' onto '/i2c_core2_apb3_tb/i2c_data_out_spy'.
# ** Note: init_signal_spy [C:/Users/Phoenix136/Dropbox/FPGA/Microsemi/LITE-ON_Optical_Sensor_Core/stimulus/I2C_Core2_APB3_tb.vhd] : Mirroring the value of '/i2c_core2_apb3_tb/I2C_Core_APB3_0/i2c_SDAI' onto '/i2c_core2_apb3_tb/i2c_SDAI_spy'.
# ** Note: init_signal_spy [C:/Users/Phoenix136/Dropbox/FPGA/Microsemi/LITE-ON_Optical_Sensor_Core/stimulus/I2C_Core2_APB3_tb.vhd] : Mirroring the value of '/i2c_core2_apb3_tb/I2C_Core_APB3_0/i2c_SDAO' onto '/i2c_core2_apb3_tb/i2c_SDAO_spy'.
# ** Note: init_signal_spy [C:/Users/Phoenix136/Dropbox/FPGA/Microsemi/LITE-ON_Optical_Sensor_Core/stimulus/I2C_Core2_APB3_tb.vhd] : Mirroring the value of '/i2c_core2_apb3_tb/I2C_Core_APB3_0/i2c_SDAE' onto '/i2c_core2_apb3_tb/i2c_SDAE_spy'.
# ** Note: init_signal_spy [C:/Users/Phoenix136/Dropbox/FPGA/Microsemi/LITE-ON_Optical_Sensor_Core/stimulus/I2C_Core2_APB3_tb.vhd] : Mirroring the value of '/i2c_core2_apb3_tb/I2C_Core_APB3_0/i2c_SCLI' onto '/i2c_core2_apb3_tb/i2c_SCLI_spy'.
# ** Note: init_signal_spy [C:/Users/Phoenix136/Dropbox/FPGA/Microsemi/LITE-ON_Optical_Sensor_Core/stimulus/I2C_Core2_APB3_tb.vhd] : Mirroring the value of '/i2c_core2_apb3_tb/I2C_Core_APB3_0/i2c_SCLO' onto '/i2c_core2_apb3_tb/i2c_SCLO_spy'.
# ** Note: init_signal_spy [C:/Users/Phoenix136/Dropbox/FPGA/Microsemi/LITE-ON_Optical_Sensor_Core/stimulus/I2C_Core2_APB3_tb.vhd] : Mirroring the value of '/i2c_core2_apb3_tb/I2C_Core_APB3_0/i2c_SCLE' onto '/i2c_core2_apb3_tb/i2c_SCLE_spy'.
# ** Note: Sequence Register: 0 = 01_01
#    Time: 140 ns  Iteration: 0  Instance: /i2c_core2_apb3_tb
# ** Note: Sequence Register: 1 = 10_52
#    Time: 180 ns  Iteration: 0  Instance: /i2c_core2_apb3_tb
# ** Note: Sequence Register: 2 = 10_88
#    Time: 220 ns  Iteration: 0  Instance: /i2c_core2_apb3_tb
# ** Note: Sequence Register: 3 = 01_03
#    Time: 260 ns  Iteration: 0  Instance: /i2c_core2_apb3_tb
# ** Note: Sequence Register: 4 = 10_53
#    Time: 300 ns  Iteration: 0  Instance: /i2c_core2_apb3_tb
# ** Note: Sequence Register: 5 = 11_00
#    Time: 340 ns  Iteration: 0  Instance: /i2c_core2_apb3_tb
# ** Note: Sequence Register: 6 = 01_03
#    Time: 380 ns  Iteration: 0  Instance: /i2c_core2_apb3_tb
# ** Note: Sequence Register: 7 = 10_52
#    Time: 420 ns  Iteration: 0  Instance: /i2c_core2_apb3_tb
# ** Note: Sequence Register: 8 = 10_89
#    Time: 460 ns  Iteration: 0  Instance: /i2c_core2_apb3_tb
# ** Note: Sequence Register: 9 = 01_03
#    Time: 500 ns  Iteration: 0  Instance: /i2c_core2_apb3_tb
# ** Note: Sequence Register: 10 = 10_53
#    Time: 540 ns  Iteration: 0  Instance: /i2c_core2_apb3_tb
# ** Note: Sequence Register: 11 = 11_00
#    Time: 580 ns  Iteration: 0  Instance: /i2c_core2_apb3_tb
# ** Note: Sequence Register: 12 = 01_03
#    Time: 620 ns  Iteration: 0  Instance: /i2c_core2_apb3_tb
# ** Note: Sequence Register: 13 = 10_52
#    Time: 660 ns  Iteration: 0  Instance: /i2c_core2_apb3_tb
# ** Note: Sequence Register: 14 = 10_8A
#    Time: 700 ns  Iteration: 0  Instance: /i2c_core2_apb3_tb
# ** Note: Sequence Register: 15 = 01_03
#    Time: 740 ns  Iteration: 0  Instance: /i2c_core2_apb3_tb
# ** Note: Sequence Register: 16 = 10_53
#    Time: 780 ns  Iteration: 0  Instance: /i2c_core2_apb3_tb
# ** Note: Sequence Register: 17 = 11_00
#    Time: 820 ns  Iteration: 0  Instance: /i2c_core2_apb3_tb
# ** Note: Sequence Register: 18 = 01_03
#    Time: 860 ns  Iteration: 0  Instance: /i2c_core2_apb3_tb
# ** Note: Sequence Register: 19 = 10_52
#    Time: 900 ns  Iteration: 0  Instance: /i2c_core2_apb3_tb
# ** Note: Sequence Register: 20 = 10_8B
#    Time: 940 ns  Iteration: 0  Instance: /i2c_core2_apb3_tb
# ** Note: Sequence Register: 21 = 01_03
#    Time: 980 ns  Iteration: 0  Instance: /i2c_core2_apb3_tb
# ** Note: Sequence Register: 22 = 10_53
#    Time: 1020 ns  Iteration: 0  Instance: /i2c_core2_apb3_tb
# ** Note: Sequence Register: 23 = 11_00
#    Time: 1060 ns  Iteration: 0  Instance: /i2c_core2_apb3_tb
# ** Note: Sequence Register: 24 = 01_02
#    Time: 1100 ns  Iteration: 0  Instance: /i2c_core2_apb3_tb
# ** Note: Sequence Register: 25 = 00_00
#    Time: 1140 ns  Iteration: 0  Instance: /i2c_core2_apb3_tb
# ** Note: Sequence Register: 26 = 00_00
#    Time: 1180 ns  Iteration: 0  Instance: /i2c_core2_apb3_tb
# ** Note: Sequence Register: 27 = 00_00
#    Time: 1220 ns  Iteration: 0  Instance: /i2c_core2_apb3_tb
# ** Note: Sequence Register: 28 = 00_00
#    Time: 1260 ns  Iteration: 0  Instance: /i2c_core2_apb3_tb
# ** Note: Sequence Register: 29 = 00_00
#    Time: 1300 ns  Iteration: 0  Instance: /i2c_core2_apb3_tb
# ** Note: Sequence Register: 30 = 00_00
#    Time: 1340 ns  Iteration: 0  Instance: /i2c_core2_apb3_tb
# ** Note: Sequence Register: 31 = 00_00
#    Time: 1380 ns  Iteration: 0  Instance: /i2c_core2_apb3_tb
# ** Note: I2C CLK0 written
#    Time: 1400 ns  Iteration: 0  Instance: /i2c_core2_apb3_tb
# ** Note: start instruction written
#    Time: 1420 ns  Iteration: 0  Instance: /i2c_core2_apb3_tb
# ** Note: data written
#    Time: 2405 ns  Iteration: 0  Instance: /i2c_core2_apb3_tb
# ** Note: data send written
#    Time: 2425 ns  Iteration: 0  Instance: /i2c_core2_apb3_tb
# ** Note: data read happened
#    Time: 13935 ns  Iteration: 0  Instance: /i2c_core2_apb3_tb
# ** Note: data_out Register: 00110110
#    Time: 13935 ns  Iteration: 0  Instance: /i2c_core2_apb3_tb
# ** Note: stop instruction written
#    Time: 13955 ns  Iteration: 0  Instance: /i2c_core2_apb3_tb
# ** Note: instruction sequence start written
#    Time: 15525 ns  Iteration: 0  Instance: /i2c_core2_apb3_tb
# ** Note: instruction sequence interrupt clear written
#    Time: 211485 ns  Iteration: 0  Instance: /i2c_core2_apb3_tb
# ** Note: Sequence Register: 0 = 01_01
#    Time: 211525 ns  Iteration: 0  Instance: /i2c_core2_apb3_tb
# ** Note: Sequence Register: 1 = 10_52
#    Time: 211565 ns  Iteration: 0  Instance: /i2c_core2_apb3_tb
# ** Note: Sequence Register: 2 = 10_88
#    Time: 211605 ns  Iteration: 0  Instance: /i2c_core2_apb3_tb
# ** Note: Sequence Register: 3 = 01_03
#    Time: 211645 ns  Iteration: 0  Instance: /i2c_core2_apb3_tb
# ** Note: Sequence Register: 4 = 10_53
#    Time: 211685 ns  Iteration: 0  Instance: /i2c_core2_apb3_tb
# ** Note: Sequence Register: 5 = 11_FF
#    Time: 211725 ns  Iteration: 0  Instance: /i2c_core2_apb3_tb
# ** Note: Sequence Register: 6 = 01_03
#    Time: 211765 ns  Iteration: 0  Instance: /i2c_core2_apb3_tb
# ** Note: Sequence Register: 7 = 10_52
#    Time: 211805 ns  Iteration: 0  Instance: /i2c_core2_apb3_tb
# ** Note: Sequence Register: 8 = 10_89
#    Time: 211845 ns  Iteration: 0  Instance: /i2c_core2_apb3_tb
# ** Note: Sequence Register: 9 = 01_03
#    Time: 211885 ns  Iteration: 0  Instance: /i2c_core2_apb3_tb
# ** Note: Sequence Register: 10 = 10_53
#    Time: 211925 ns  Iteration: 0  Instance: /i2c_core2_apb3_tb
# ** Note: Sequence Register: 11 = 11_FF
#    Time: 211965 ns  Iteration: 0  Instance: /i2c_core2_apb3_tb
# ** Note: Sequence Register: 12 = 01_03
#    Time: 212005 ns  Iteration: 0  Instance: /i2c_core2_apb3_tb
# ** Note: Sequence Register: 13 = 10_52
#    Time: 212045 ns  Iteration: 0  Instance: /i2c_core2_apb3_tb
# ** Note: Sequence Register: 14 = 10_8A
#    Time: 212085 ns  Iteration: 0  Instance: /i2c_core2_apb3_tb
# ** Note: Sequence Register: 15 = 01_03
#    Time: 212125 ns  Iteration: 0  Instance: /i2c_core2_apb3_tb
# ** Note: Sequence Register: 16 = 10_53
#    Time: 212165 ns  Iteration: 0  Instance: /i2c_core2_apb3_tb
# ** Note: Sequence Register: 17 = 11_FF
#    Time: 212205 ns  Iteration: 0  Instance: /i2c_core2_apb3_tb
# ** Note: Sequence Register: 18 = 01_03
#    Time: 212245 ns  Iteration: 0  Instance: /i2c_core2_apb3_tb
# ** Note: Sequence Register: 19 = 10_52
#    Time: 212285 ns  Iteration: 0  Instance: /i2c_core2_apb3_tb
# ** Note: Sequence Register: 20 = 10_8B
#    Time: 212325 ns  Iteration: 0  Instance: /i2c_core2_apb3_tb
# ** Note: Sequence Register: 21 = 01_03
#    Time: 212365 ns  Iteration: 0  Instance: /i2c_core2_apb3_tb
# ** Note: Sequence Register: 22 = 10_53
#    Time: 212405 ns  Iteration: 0  Instance: /i2c_core2_apb3_tb
# ** Note: Sequence Register: 23 = 11_FF
#    Time: 212445 ns  Iteration: 0  Instance: /i2c_core2_apb3_tb
# ** Note: Sequence Register: 24 = 01_02
#    Time: 212485 ns  Iteration: 0  Instance: /i2c_core2_apb3_tb
# ** Note: Sequence Register: 25 = 00_00
#    Time: 212525 ns  Iteration: 0  Instance: /i2c_core2_apb3_tb
# ** Note: Sequence Register: 26 = 00_00
#    Time: 212565 ns  Iteration: 0  Instance: /i2c_core2_apb3_tb
# ** Note: Sequence Register: 27 = 00_00
#    Time: 212605 ns  Iteration: 0  Instance: /i2c_core2_apb3_tb
# ** Note: Sequence Register: 28 = 00_00
#    Time: 212645 ns  Iteration: 0  Instance: /i2c_core2_apb3_tb
# ** Note: Sequence Register: 29 = 00_00
#    Time: 212685 ns  Iteration: 0  Instance: /i2c_core2_apb3_tb
# ** Note: Sequence Register: 30 = 00_00
#    Time: 212725 ns  Iteration: 0  Instance: /i2c_core2_apb3_tb
# ** Note: Sequence Register: 31 = 00_00
#    Time: 212765 ns  Iteration: 0  Instance: /i2c_core2_apb3_tb
# End time: 00:36:13 on Jan 16,2020, Elapsed time: 0:00:49
# Errors: 0, Warnings: 0
