Resource Report
Microsemi Corporation - Microsemi Libero Software Release v12.1 (Version 12.600.0.14)
Date: Sat Feb  8 21:08:34 2020

Device Selection
+--------------------------------+----------------+
| Family                         | SmartFusion2   |
| Device                         | M2S010         |
| Package                        | 144 TQ         |
| Speed Grade                    | STD            |
| Temp                           | 0:25:85        |
| Voltage                        | 1.26:1.20:1.14 |
| Core Voltage                   | 1.2V           |
| Ramp Rate                      | 100ms Minimum  |
| System Controller Suspend Mode | No             |
| PLL Supply Voltage             | 2.5V           |
| Default I/O technology         | LVCMOS 3.3V    |
| Restrict Probe Pins            | Yes            |
| Restrict SPI Pins              | No             |
+--------------------------------+----------------+

Source Files
+---------+-----------------------------------------------------------------------------+
| Topcell | FFT                                                                         |
| Format  | Verilog                                                                     |
| Source  | C:\Users\Phoenix136\Dropbox\FPGA\Microsemi\Sigma_Delta_ADC\synthesis\FFT.vm |
+---------+-----------------------------------------------------------------------------+

Options
+----------------------------------------------------+-------+
| Enable Single Event Transient mitigation           | false |
| Enable Design Separation Methodology               | false |
| Limit the number of high fanout nets to display to | 10    |
+----------------------------------------------------+-------+

Resource Usage
+---------------------------+------+-------+------------+
| Type                      | Used | Total | Percentage |
+---------------------------+------+-------+------------+
| 4LUT                      | 1    | 12084 | 0.01       |
| DFF                       | 257  | 12084 | 2.13       |
| I/O Register              | 0    | 252   | 0.00       |
| User I/O                  | 20   | 84    | 23.81      |
| -- Single-ended I/O       | 20   | 84    | 23.81      |
| -- Differential I/O Pairs | 0    | 37    | 0.00       |
| RAM64x18                  | 0    | 22    | 0.00       |
| RAM1K18                   | 0    | 21    | 0.00       |
| MACC                      | 0    | 22    | 0.00       |
| Chip Globals              | 1    | 8     | 12.50      |
| CCC                       | 0    | 2     | 0.00       |
| RCOSC_25_50MHZ            | 0    | 1     | 0.00       |
| RCOSC_1MHZ                | 0    | 1     | 0.00       |
| XTLOSC                    | 0    | 1     | 0.00       |
| MSS                       | 0    | 1     | 0.00       |
+---------------------------+------+-------+------------+

Detailed Logic Resource Usage
+--------------------------+------+-----+
| Type                     | 4LUT | DFF |
+--------------------------+------+-----+
| Fabric Logic             | 1    | 257 |
| RAM64x18 Interface Logic | 0    | 0   |
| RAM1K18 Interface Logic  | 0    | 0   |
| MACC Interface Logic     | 0    | 0   |
| Total Used               | 1    | 257 |
+--------------------------+------+-----+

I/O Function
+-------------------------------+--------------+-------------+-----------------+
| Type                          | w/o register | w/ register | w/ DDR register |
+-------------------------------+--------------+-------------+-----------------+
| Input I/O                     | 11           | 0           | 0               |
| Output I/O                    | 9            | 0           | 0               |
| Bidirectional I/O             | 0            | 0           | 0               |
| Differential Input I/O Pairs  | 0            | 0           | 0               |
| Differential Output I/O Pairs | 0            | 0           | 0               |
+-------------------------------+--------------+-------------+-----------------+

I/O Technology
+--------------+--------+------+-------+--------+---------------+
| I/O Standard | Vddi   | Vref | Input | Output | Bidirectional |
+--------------+--------+------+-------+--------+---------------+
| LVCMOS33     |  3.30v |  N/A |  11   |  9     |  0            |
+--------------+--------+------+-------+--------+---------------+

I/O Placement
+----------+-------+------------+
| Type     | Count | Percentage |
+----------+-------+------------+
| Locked   |  0    | 0.00%      |
| Placed   |  0    | 0.00%      |
| UnPlaced |  20   | 100.00%    |
+----------+-------+------------+

Nets assigned to chip global resources
+--------+---------+-----------------------------------+
| Fanout | Type    | Name                              |
+--------+---------+-----------------------------------+
| 257    | INT_NET | Net   : PCLK_c                    |
|        |         | Driver: PCLK_ibuf_RNIFTKA/U0_RGB1 |
|        |         | Source: NETLIST                   |
+--------+---------+-----------------------------------+

Nets assigned to row global resources
+--------+------+------+
| Fanout | Type | Name |
+--------+------+------+
+--------+------+------+

High fanout nets
+--------+---------+-----------------------------------+
| Fanout | Type    | Name                              |
+--------+---------+-----------------------------------+
| 256    | INT_NET | Net   : time_samples_0_0_sqmuxa_Z |
|        |         | Driver: time_samples_0_0_sqmuxa   |
| 2      | INT_NET | Net   : RSTn_c                    |
|        |         | Driver: RSTn_ibuf                 |
| 2      | INT_NET | Net   : data_in_ready_c           |
|        |         | Driver: data_in_ready_ibuf        |
| 1      | INT_NET | Net   : time_samples_0[7]         |
|        |         | Driver: time_samples_0[7]         |
| 1      | INT_NET | Net   : time_samples_0[6]         |
|        |         | Driver: time_samples_0[6]         |
| 1      | INT_NET | Net   : time_samples_0[5]         |
|        |         | Driver: time_samples_0[5]         |
| 1      | INT_NET | Net   : time_samples_0[4]         |
|        |         | Driver: time_samples_0[4]         |
| 1      | INT_NET | Net   : time_samples_0[3]         |
|        |         | Driver: time_samples_0[3]         |
| 1      | INT_NET | Net   : time_samples_0[2]         |
|        |         | Driver: time_samples_0[2]         |
| 1      | INT_NET | Net   : time_samples_0[1]         |
|        |         | Driver: time_samples_0[1]         |
+--------+---------+-----------------------------------+

High fanout nets (through buffer trees)
+--------+---------+-----------------------------------+
| Fanout | Type    | Name                              |
+--------+---------+-----------------------------------+
| 256    | INT_NET | Net   : time_samples_0_0_sqmuxa_Z |
|        |         | Driver: time_samples_0_0_sqmuxa   |
| 2      | INT_NET | Net   : RSTn_c                    |
|        |         | Driver: RSTn_ibuf                 |
| 2      | INT_NET | Net   : data_in_ready_c           |
|        |         | Driver: data_in_ready_ibuf        |
| 1      | INT_NET | Net   : time_samples_0[7]         |
|        |         | Driver: time_samples_0[7]         |
| 1      | INT_NET | Net   : time_samples_0[6]         |
|        |         | Driver: time_samples_0[6]         |
| 1      | INT_NET | Net   : time_samples_0[5]         |
|        |         | Driver: time_samples_0[5]         |
| 1      | INT_NET | Net   : time_samples_0[4]         |
|        |         | Driver: time_samples_0[4]         |
| 1      | INT_NET | Net   : time_samples_0[3]         |
|        |         | Driver: time_samples_0[3]         |
| 1      | INT_NET | Net   : time_samples_0[2]         |
|        |         | Driver: time_samples_0[2]         |
| 1      | INT_NET | Net   : time_samples_0[1]         |
|        |         | Driver: time_samples_0[1]         |
+--------+---------+-----------------------------------+

