Resource Report
Microsemi Corporation - Microsemi Libero Software Release v12.1 (Version 12.600.0.14)
Date: Tue Feb 18 03:56:14 2020

Device Selection
+--------------------------------+----------------+
| Family                         | SmartFusion2   |
| Device                         | M2S010         |
| Package                        | 144 TQ         |
| Speed Grade                    | STD            |
| Temp                           | 0:25:85        |
| Voltage                        | 1.26:1.20:1.14 |
| Core Voltage                   | 1.2V           |
| Ramp Rate                      | 100ms Minimum  |
| System Controller Suspend Mode | No             |
| PLL Supply Voltage             | 2.5V           |
| Default I/O technology         | LVCMOS 2.5V    |
| Restrict Probe Pins            | Yes            |
| Restrict SPI Pins              | No             |
+--------------------------------+----------------+

Source Files
+---------+-----------------------------------------------------------------------------------+
| Topcell | Butterfly_HW_DSP                                                                  |
| Format  | Verilog                                                                           |
| Source  | C:\Users\Phoenix136\Dropbox\FPGA\Microsemi\FFT_Core\synthesis\Butterfly_HW_DSP.vm |
+---------+-----------------------------------------------------------------------------------+

Options
+----------------------------------------------------+-------+
| Enable Single Event Transient mitigation           | false |
| Enable Design Separation Methodology               | false |
| Limit the number of high fanout nets to display to | 10    |
+----------------------------------------------------+-------+

Resource Usage
+---------------------------+------+-------+------------+
| Type                      | Used | Total | Percentage |
+---------------------------+------+-------+------------+
| 4LUT                      | 348  | 12084 | 2.88       |
| DFF                       | 142  | 12084 | 1.18       |
| I/O Register              | 0    | 252   | 0.00       |
| User I/O                  | 81   | 84    | 96.43      |
| -- Single-ended I/O       | 81   | 84    | 96.43      |
| -- Differential I/O Pairs | 0    | 37    | 0.00       |
| RAM64x18                  | 0    | 22    | 0.00       |
| RAM1K18                   | 0    | 21    | 0.00       |
| MACC                      | 2    | 22    | 9.09       |
| Chip Globals              | 2    | 8     | 25.00      |
| CCC                       | 0    | 2     | 0.00       |
| RCOSC_25_50MHZ            | 0    | 1     | 0.00       |
| RCOSC_1MHZ                | 0    | 1     | 0.00       |
| XTLOSC                    | 0    | 1     | 0.00       |
| MSS                       | 0    | 1     | 0.00       |
+---------------------------+------+-------+------------+

Detailed Logic Resource Usage
+--------------------------+------+-----+
| Type                     | 4LUT | DFF |
+--------------------------+------+-----+
| Fabric Logic             | 276  | 70  |
| RAM64x18 Interface Logic | 0    | 0   |
| RAM1K18 Interface Logic  | 0    | 0   |
| MACC Interface Logic     | 72   | 72  |
| Total Used               | 348  | 142 |
+--------------------------+------+-----+

Detailed Carry Chains Resource Usage
+--------+------+
| Length | Used |
| 2      | 10   |
| 10     | 4    |
| 19     | 1    |
| Total  | 15   |
+--------+------+

Detailed MACC Resource Usage
+--------+------+
| Length | Used |
| 1      | 2    |
| Total  | 2    |
+--------+------+

I/O Function
+-------------------------------+--------------+-------------+-----------------+
| Type                          | w/o register | w/ register | w/ DDR register |
+-------------------------------+--------------+-------------+-----------------+
| Input I/O                     | 45           | 0           | 0               |
| Output I/O                    | 36           | 0           | 0               |
| Bidirectional I/O             | 0            | 0           | 0               |
| Differential Input I/O Pairs  | 0            | 0           | 0               |
| Differential Output I/O Pairs | 0            | 0           | 0               |
+-------------------------------+--------------+-------------+-----------------+

I/O Technology
+--------------+--------+------+-------+--------+---------------+
| I/O Standard | Vddi   | Vref | Input | Output | Bidirectional |
+--------------+--------+------+-------+--------+---------------+
| LVCMOS25     |  2.50v |  N/A |  45   |  36    |  0            |
+--------------+--------+------+-------+--------+---------------+

I/O Placement
+----------+-------+------------+
| Type     | Count | Percentage |
+----------+-------+------------+
| Locked   |  0    | 0.00%      |
| Placed   |  0    | 0.00%      |
| UnPlaced |  81   | 100.00%    |
+----------+-------+------------+

Nets assigned to chip global resources
+--------+---------+-----------------------------------+
| Fanout | Type    | Name                              |
+--------+---------+-----------------------------------+
| 74     | INT_NET | Net   : PCLK_c                    |
|        |         | Driver: PCLK_ibuf_RNIFTKA/U0_RGB1 |
|        |         | Source: NETLIST                   |
| 74     | INT_NET | Net   : RSTn_c                    |
|        |         | Driver: RSTn_ibuf_RNICUT3/U0_RGB1 |
|        |         | Source: NETLIST                   |
+--------+---------+-----------------------------------+

Nets assigned to row global resources
+--------+------+------+
| Fanout | Type | Name |
+--------+------+------+
+--------+------+------+

High fanout nets
+--------+---------+---------------------------------------------+
| Fanout | Type    | Name                                        |
+--------+---------+---------------------------------------------+
| 95     | INT_NET | Net   : twiddle_index_sig[4]                |
|        |         | Driver: twiddle_index_sig[4]                |
| 83     | INT_NET | Net   : twiddle_index_sig[0]                |
|        |         | Driver: twiddle_index_sig[0]                |
| 80     | INT_NET | Net   : twiddle_index_sig[3]                |
|        |         | Driver: twiddle_index_sig[3]                |
| 50     | INT_NET | Net   : twiddle_index_sig[1]                |
|        |         | Driver: twiddle_index_sig[1]                |
| 48     | INT_NET | Net   : twiddle_index_sig[2]                |
|        |         | Driver: twiddle_index_sig[2]                |
| 39     | INT_NET | Net   : twiddle_index_sig[6]                |
|        |         | Driver: twiddle_index_sig[6]                |
| 26     | INT_NET | Net   : CFG0_GND_INST_NET                   |
|        |         | Driver: CFG0_GND_INST                       |
| 25     | INT_NET | Net   : twiddle_index_sig[5]                |
|        |         | Driver: twiddle_index_sig[5]                |
| 22     | INT_NET | Net   : Twiddle_Table_0/N_8_i               |
|        |         | Driver: Twiddle_Table_0/cos_twid_1_8_0_.m20 |
| 14     | INT_NET | Net   : Twiddle_Table_0/m4                  |
|        |         | Driver: Twiddle_Table_0/cos_twid_1_8_0_.m4  |
+--------+---------+---------------------------------------------+

High fanout nets (through buffer trees)
+--------+---------+---------------------------------------------+
| Fanout | Type    | Name                                        |
+--------+---------+---------------------------------------------+
| 95     | INT_NET | Net   : twiddle_index_sig[4]                |
|        |         | Driver: twiddle_index_sig[4]                |
| 83     | INT_NET | Net   : twiddle_index_sig[0]                |
|        |         | Driver: twiddle_index_sig[0]                |
| 80     | INT_NET | Net   : twiddle_index_sig[3]                |
|        |         | Driver: twiddle_index_sig[3]                |
| 50     | INT_NET | Net   : twiddle_index_sig[1]                |
|        |         | Driver: twiddle_index_sig[1]                |
| 48     | INT_NET | Net   : twiddle_index_sig[2]                |
|        |         | Driver: twiddle_index_sig[2]                |
| 39     | INT_NET | Net   : twiddle_index_sig[6]                |
|        |         | Driver: twiddle_index_sig[6]                |
| 26     | INT_NET | Net   : CFG0_GND_INST_NET                   |
|        |         | Driver: CFG0_GND_INST                       |
| 25     | INT_NET | Net   : twiddle_index_sig[5]                |
|        |         | Driver: twiddle_index_sig[5]                |
| 22     | INT_NET | Net   : Twiddle_Table_0/N_8_i               |
|        |         | Driver: Twiddle_Table_0/cos_twid_1_8_0_.m20 |
| 14     | INT_NET | Net   : Twiddle_Table_0/m4                  |
|        |         | Driver: Twiddle_Table_0/cos_twid_1_8_0_.m4  |
+--------+---------+---------------------------------------------+

