# Reading C:/Microsemi/Libero_SoC_v12.1/ModelSim/tcl/vsim/pref.tcl
# do run.do
# INFO: Simulation library presynth already exists
# Model Technology ModelSim Microsemi vmap 10.7c Lib Mapping Utility 2018.10 Oct 15 2018
# vmap presynth presynth 
# Modifying modelsim.ini
# Model Technology ModelSim Microsemi vmap 10.7c Lib Mapping Utility 2018.10 Oct 15 2018
# vmap SmartFusion2 C:/Microsemi/Libero_SoC_v12.1/Designer/lib/modelsimpro/precompiled/vlog/SmartFusion2 
# Modifying modelsim.ini
# Model Technology ModelSim Microsemi vcom 10.7c Compiler 2018.10 Oct 15 2018
# Start time: 03:34:46 on Nov 06,2019
# vcom -reportprogress 300 -2008 -explicit -work presynth C:/Users/Phoenix136/Dropbox/FPGA/Microsemi/Nokia5110_Driver_12_1/hdl/timer.vhd 
# -- Loading package STANDARD
# -- Loading package TEXTIO
# -- Loading package std_logic_1164
# -- Loading package NUMERIC_STD
# -- Compiling entity timer
# -- Compiling architecture architecture_timer of timer
# End time: 03:34:46 on Nov 06,2019, Elapsed time: 0:00:00
# Errors: 0, Warnings: 0
# Model Technology ModelSim Microsemi vcom 10.7c Compiler 2018.10 Oct 15 2018
# Start time: 03:34:46 on Nov 06,2019
# vcom -reportprogress 300 -2008 -explicit -work presynth C:/Users/Phoenix136/Dropbox/FPGA/Microsemi/Nokia5110_Driver_12_1/hdl/Nokia5110_Driver.vhd 
# -- Loading package STANDARD
# -- Loading package TEXTIO
# -- Loading package std_logic_1164
# -- Loading package NUMERIC_STD
# -- Compiling entity Nokia5110_Driver
# -- Compiling architecture architecture_Nokia5110_Driver of Nokia5110_Driver
# End time: 03:34:46 on Nov 06,2019, Elapsed time: 0:00:00
# Errors: 0, Warnings: 0
# Model Technology ModelSim Microsemi vcom 10.7c Compiler 2018.10 Oct 15 2018
# Start time: 03:34:46 on Nov 06,2019
# vcom -reportprogress 300 -2008 -explicit -work presynth C:/Users/Phoenix136/Dropbox/FPGA/Microsemi/Nokia5110_Driver_12_1/component/work/URAM_C0/URAM_C0_0/URAM_C0_URAM_C0_0_URAM.vhd 
# -- Loading package STANDARD
# -- Loading package TEXTIO
# -- Loading package std_logic_1164
# -- Compiling entity URAM_C0_URAM_C0_0_URAM
# -- Compiling architecture DEF_ARCH of URAM_C0_URAM_C0_0_URAM
# End time: 03:34:47 on Nov 06,2019, Elapsed time: 0:00:01
# Errors: 0, Warnings: 0
# Model Technology ModelSim Microsemi vcom 10.7c Compiler 2018.10 Oct 15 2018
# Start time: 03:34:47 on Nov 06,2019
# vcom -reportprogress 300 -2008 -explicit -work presynth C:/Users/Phoenix136/Dropbox/FPGA/Microsemi/Nokia5110_Driver_12_1/component/work/URAM_C0/URAM_C0.vhd 
# -- Loading package STANDARD
# -- Loading package TEXTIO
# -- Loading package std_logic_1164
# -- Compiling entity URAM_C0
# -- Compiling architecture RTL of URAM_C0
# End time: 03:34:47 on Nov 06,2019, Elapsed time: 0:00:00
# Errors: 0, Warnings: 0
# Model Technology ModelSim Microsemi vcom 10.7c Compiler 2018.10 Oct 15 2018
# Start time: 03:34:47 on Nov 06,2019
# vcom -reportprogress 300 -2008 -explicit -work presynth C:/Users/Phoenix136/Dropbox/FPGA/Microsemi/Nokia5110_Driver_12_1/component/work/Nokia5110_Driver_Block_SD/Nokia5110_Driver_Block_SD.vhd 
# -- Loading package STANDARD
# -- Loading package TEXTIO
# -- Loading package std_logic_1164
# -- Compiling entity Nokia5110_Driver_Block_SD
# -- Compiling architecture RTL of Nokia5110_Driver_Block_SD
# -- Loading package NUMERIC_STD
# -- Loading entity Nokia5110_Driver
# End time: 03:34:47 on Nov 06,2019, Elapsed time: 0:00:00
# Errors: 0, Warnings: 0
# Model Technology ModelSim Microsemi vcom 10.7c Compiler 2018.10 Oct 15 2018
# Start time: 03:34:47 on Nov 06,2019
# vcom -reportprogress 300 -2008 -explicit -work presynth C:/Users/Phoenix136/Dropbox/FPGA/Microsemi/Nokia5110_Driver_12_1/stimulus/Nokia5110_Driver_tb.vhd 
# -- Loading package STANDARD
# -- Loading package TEXTIO
# -- Loading package std_logic_1164
# -- Loading package util
# -- Compiling entity Nokia5110_Driver_tb
# -- Compiling architecture behavioral of Nokia5110_Driver_tb
# End time: 03:34:47 on Nov 06,2019, Elapsed time: 0:00:00
# Errors: 0, Warnings: 0
# vsim -L SmartFusion2 -L presynth -t 100ps presynth.Nokia5110_Driver_tb 
# Start time: 03:34:47 on Nov 06,2019
# //  ModelSim Microsemi 10.7c Oct 15 2018
# //
# //  Copyright 1991-2018 Mentor Graphics Corporation
# //  All Rights Reserved.
# //
# //  ModelSim Microsemi and its associated documentation contain trade
# //  secrets and commercial or financial information that are the property of
# //  Mentor Graphics Corporation and are privileged, confidential,
# //  and exempt from disclosure under the Freedom of Information Act,
# //  5 U.S.C. Section 552. Furthermore, this information
# //  is prohibited from disclosure under the Trade Secrets Act,
# //  18 U.S.C. Section 1905.
# //
# Loading std.standard
# Loading std.textio(body)
# Loading ieee.std_logic_1164(body)
# Loading modelsim_lib.util(body)
# Loading presynth.nokia5110_driver_tb(behavioral)
# Loading ieee.numeric_std(body)
# Loading presynth.nokia5110_driver_block_sd(rtl)
# Loading presynth.nokia5110_driver(architecture_nokia5110_driver)
# Loading presynth.timer(architecture_timer)
# Loading presynth.uram_c0(rtl)
# Loading presynth.uram_c0_uram_c0_0_uram(def_arch)
# Loading SmartFusion2.OR4
# Loading SmartFusion2.CFG4
# Loading SmartFusion2.INV
# Loading SmartFusion2.CFG2
# Loading SmartFusion2.RAM64x18
# Loading SmartFusion2.RAM64x18_IP
# Loading SmartFusion2.RAM_DLY
# Loading SmartFusion2.SLE_Prim
# Loading SmartFusion2.GND
# Loading SmartFusion2.VCC
# Loading SmartFusion2.UDP_MUX2
# Loading SmartFusion2.UDP_DFF
# Loading SmartFusion2.UDP_DL
# ** Note: init_signal_spy [C:/Users/Phoenix136/Dropbox/FPGA/Microsemi/Nokia5110_Driver_12_1/stimulus/Nokia5110_Driver_tb.vhd] : Mirroring the value of '/nokia5110_driver_tb/Nokia5110_Driver_Block_SD_0/Nokia5110_Driver_0/timer_indicator_sig' onto '/nokia5110_driver_tb/spy_timer_indicator_sig'.
# ** Note: init_signal_spy [C:/Users/Phoenix136/Dropbox/FPGA/Microsemi/Nokia5110_Driver_12_1/stimulus/Nokia5110_Driver_tb.vhd] : Mirroring the value of '/nokia5110_driver_tb/Nokia5110_Driver_Block_SD_0/Nokia5110_Driver_0/frame_start' onto '/nokia5110_driver_tb/spy_frame_start'.
# ** Note: init_signal_spy [C:/Users/Phoenix136/Dropbox/FPGA/Microsemi/Nokia5110_Driver_12_1/stimulus/Nokia5110_Driver_tb.vhd] : Mirroring the value of '/nokia5110_driver_tb/Nokia5110_Driver_Block_SD_0/Nokia5110_Driver_0/frame_get_bit' onto '/nokia5110_driver_tb/spy_frame_get_bit'.
# ** Note: init_signal_spy [C:/Users/Phoenix136/Dropbox/FPGA/Microsemi/Nokia5110_Driver_12_1/stimulus/Nokia5110_Driver_tb.vhd] : Mirroring the value of '/nokia5110_driver_tb/Nokia5110_Driver_Block_SD_0/Nokia5110_Driver_0/screen_send' onto '/nokia5110_driver_tb/spy_screen_send'.
# ** Note: init_signal_spy [C:/Users/Phoenix136/Dropbox/FPGA/Microsemi/Nokia5110_Driver_12_1/stimulus/Nokia5110_Driver_tb.vhd] : Mirroring the value of '/nokia5110_driver_tb/Nokia5110_Driver_Block_SD_0/Nokia5110_Driver_0/screen_finished' onto '/nokia5110_driver_tb/spy_screen_finished'.
# ** Note: init_signal_spy [C:/Users/Phoenix136/Dropbox/FPGA/Microsemi/Nokia5110_Driver_12_1/stimulus/Nokia5110_Driver_tb.vhd] : Mirroring the value of '/nokia5110_driver_tb/Nokia5110_Driver_Block_SD_0/Nokia5110_Driver_0/SPIout_byte' onto '/nokia5110_driver_tb/spy_SPIout_byte'.
# ** Note: init_signal_spy [C:/Users/Phoenix136/Dropbox/FPGA/Microsemi/Nokia5110_Driver_12_1/stimulus/Nokia5110_Driver_tb.vhd] : Mirroring the value of '/nokia5110_driver_tb/Nokia5110_Driver_Block_SD_0/Nokia5110_Driver_0/uSRAM_B_ADDR_sig' onto '/nokia5110_driver_tb/spy_uSRAM_B_ADDR_sig'.
# ** Note: init_signal_spy [C:/Users/Phoenix136/Dropbox/FPGA/Microsemi/Nokia5110_Driver_12_1/stimulus/Nokia5110_Driver_tb.vhd] : Mirroring the value of '/nokia5110_driver_tb/Nokia5110_Driver_Block_SD_0/Nokia5110_Driver_0/uSRAM_B_DOUT_sig' onto '/nokia5110_driver_tb/spy_uSRAM_B_DOUT_sig'.
# ** Note: signal_force [C:/Users/Phoenix136/Dropbox/FPGA/Microsemi/Nokia5110_Driver_12_1/stimulus/Nokia5110_Driver_tb.vhd] : Forcing the value '1' onto '/nokia5110_driver_tb/Nokia5110_Driver_Block_SD_0/Nokia5110_Driver_0/timer_indicator_sig' at time 10000000 ps.
# End time: 03:37:50 on Nov 06,2019, Elapsed time: 0:03:03
# Errors: 0, Warnings: 0
