********************************************************************
I/O Bank Report - Date: Tue Oct 29 01:04:41 2019
Product: Designer
Release: v12.1
Version: 12.600.0.14
Design Name: LCD_Controller_System
Family: SmartFusion2
Die: M2S010
Package: 144 TQ
********************************************************************


I/O Function:

    Type                                  | w/o register  | w/ register  | w/ DDR register
    --------------------------------------|---------------|--------------|----------------
    Input I/O                             | 2             | 0            | 0
    Output I/O                            | 23            | 0            | 0
    Bidirectional I/O                     | 0             | 0            | 0
    Differential Input I/O Pairs          | 0             | 0            | 0
    Differential Output I/O Pairs         | 0             | 0            | 0

I/O Technology:

                                    |   Voltages    |             I/Os              
    --------------------------------|-------|-------|-------|--------|--------------
    I/O Standard(s)                 | Vddi  | Vref  | Input | Output | Bidirectional
    --------------------------------|-------|-------|-------|--------|--------------
    LVCMOS25                        | 2.50v | N/A   | 2     | 23     | 0            

I/O Bank Resource Usage:

          |   Voltages    | Single I/Os  | Diff I/O Pairs |        Vref I/Os        |  Type   
          |-------|-------|------|-------|-------|--------|------|-------|----------|---------
          | Vddi  | Vref  | Used | Total | Used  | Total  | Used | Total | Vref Pins|         
    ------|-------|-------|------|-------|-------|--------|------|-------|----------|---------
    Bank0 | 2.50v | N/A   | 10   | 23    | 0     | 10     | N/A  | N/A   | N/A      | DDRIO   
    Bank1 | N/A   | N/A   | 0    | 0     | 0     | 0      | N/A  | N/A   | N/A      | MSIO    
    Bank2 | 2.50v | N/A   | 8    | 16    | 0     | 7      | N/A  | N/A   | N/A      | MSIO    
    Bank3 | N/A   | N/A   | 0    | 0     | 0     | 0      | N/A  | N/A   | N/A      | JTAG    
    Bank4 | N/A   | N/A   | 0    | 18    | 0     | 9      | N/A  | N/A   | N/A      | MSIO    
    Bank5 | N/A   | N/A   | 0    | 0     | 0     | 0      | N/A  | N/A   | N/A      | MSIOD   
    Bank6 | N/A   | N/A   | 0    | 11    | 0     | 4      | N/A  | N/A   | N/A      | MSIOD   
    Bank7 | 2.50v | N/A   | 7    | 16    | 0     | 7      | N/A  | N/A   | N/A      | MSIO    

I/O Voltage Usage:

       Voltages    |     I/Os     
    -------|-------|------|-------
     Vddi  | Vref  | Used | Total 
    -------|-------|------|-------
     2.50v | N/A   | 25   | 55    

