----------------------------------------------------------------
-Pin Report - Date: Fri Nov  1 04:21:32 2019 Pinchecksum: NOT-AVAILABLE
-Product: Designer
-Release: v12.1
-Version: 12.600.0.14
-Design Name: LCD_Controller_System
-Family: SmartFusion2
-Die: M2S010
-Package: 144 TQ
-----------------------------------------------------------------

Port             |Pin |Fixed |Function             |Bank     |I/O Std   |Direction                      |I/O state in Flash*Freeze mode |Resistor Pull                      |I/O available in Flash*Freeze mode |Schmitt Trigger |Odt_Static    |Odt Imp (Ohm)  |Low Power Exit |Input Delay |Slew         |Pre-Emphasis      |Output Drive (mA) |Output Load (pF) |
-----------------|----|------|---------------------|---------|----------|-------------------------------|-------------------------------|-----------------------------------|-----------------------------------|----------------|--------------|---------------|---------------|------------|-------------|------------------|------------------|-----------------|
Board_Buttons[0]  143  Yes    DDRIO59PB0/GB0        Bank0     LVCMOS25   Input                           TRISTATE                        None                                No                                  Off              ---            ---             Off             Off          ---           ---                ---                ---               
Board_Buttons[1]  144  Yes    DDRIO63PB0            Bank0     LVCMOS25   Input                           TRISTATE                        None                                No                                  Off              ---            ---             Off             Off          ---           ---                ---                ---               
Board_J7[0]       92   Yes    MSIO5PB2/USB_DATA4_B  Bank2     LVCMOS25   Output                          TRISTATE                        None                                No                                  ---              ---            ---             ---             ---          SLOW          ---                4                  5                 
Board_J7[1]       16   Yes    MSIO77PB7             Bank7     LVCMOS25   Output                          TRISTATE                        None                                No                                  ---              ---            ---             ---             ---          SLOW          ---                4                  5                 
Board_J7[2]       94   Yes    MSIO6PB2/USB_DATA6_B  Bank2     LVCMOS25   Output                          TRISTATE                        None                                No                                  ---              ---            ---             ---             ---          SLOW          ---                4                  5                 
Board_J7[3]       21   Yes    MSIO81NB7             Bank7     LVCMOS25   Output                          TRISTATE                        None                                No                                  ---              ---            ---             ---             ---          SLOW          ---                4                  5                 
Board_J7[4]       22   Yes    MSIO81PB7             Bank7     LVCMOS25   Output                          TRISTATE                        None                                No                                  ---              ---            ---             ---             ---          SLOW          ---                4                  5                 
Board_J8          3    Yes    MSIO67NB7             Bank7     LVCMOS25   Output                          TRISTATE                        None                                No                                  ---              ---            ---             ---             ---          SLOW          ---                4                  5                 
Board_J9          4    Yes    MSIO67PB7             Bank7     LVCMOS25   Output                          TRISTATE                        None                                No                                  ---              ---            ---             ---             ---          SLOW          ---                4                  5                 
Board_J10         7    Yes    MSIO71NB7             Bank7     LVCMOS25   Output                          TRISTATE                        None                                No                                  ---              ---            ---             ---             ---          SLOW          ---                4                  5                 
Board_J11         19   Yes    MSIO79NB7             Bank7     LVCMOS25   Output                          TRISTATE                        None                                No                                  ---              ---            ---             ---             ---          SLOW          ---                4                  5                 
Board_LEDs[0]     117  Yes    DDRIO37NB0            Bank0     LVCMOS25   Output                          TRISTATE                        None                                No                                  ---              ---            ---             ---             ---          SLOW          ---                4                  5                 
Board_LEDs[1]     118  Yes    DDRIO37PB0            Bank0     LVCMOS25   Output                          TRISTATE                        None                                No                                  ---              ---            ---             ---             ---          SLOW          ---                4                  5                 
Board_LEDs[2]     122  Yes    DDRIO43NB0            Bank0     LVCMOS25   Output                          TRISTATE                        None                                No                                  ---              ---            ---             ---             ---          SLOW          ---                4                  5                 
Board_LEDs[3]     123  Yes    DDRIO43PB0            Bank0     LVCMOS25   Output                          TRISTATE                        None                                No                                  ---              ---            ---             ---             ---          SLOW          ---                4                  5                 
Board_LEDs[4]     124  Yes    DDRIO44NB0            Bank0     LVCMOS25   Output                          TRISTATE                        None                                No                                  ---              ---            ---             ---             ---          SLOW          ---                4                  5                 
Board_LEDs[5]     125  Yes    DDRIO44PB0            Bank0     LVCMOS25   Output                          TRISTATE                        None                                No                                  ---              ---            ---             ---             ---          SLOW          ---                4                  5                 
Board_LEDs[6]     128  Yes    DDRIO47NB0            Bank0     LVCMOS25   Output                          TRISTATE                        None                                No                                  ---              ---            ---             ---             ---          SLOW          ---                4                  5                 
Board_LEDs[7]     129  Yes    DDRIO47PB0            Bank0     LVCMOS25   Output                          TRISTATE                        None                                No                                  ---              ---            ---             ---             ---          SLOW          ---                4                  5                 
Board_MOD1[0]     83   Yes    MSIO1NB2/USB_DIR_B    Bank2     LVCMOS25   Output                          TRISTATE                        None                                No                                  ---              ---            ---             ---             ---          SLOW          ---                4                  5                 
Board_MOD1[1]     81   Yes    MSIO0NB2/USB_DATA7_B  Bank2     LVCMOS25   Output                          TRISTATE                        None                                No                                  ---              ---            ---             ---             ---          SLOW          ---                4                  5                 
Board_MOD1[2]     90   Yes    MSIO3NB2/USB_DATA1_B  Bank2     LVCMOS25   Output                          TRISTATE                        None                                No                                  ---              ---            ---             ---             ---          SLOW          ---                4                  5                 
Board_MOD1[3]     93   Yes    MSIO5NB2/USB_DATA5_B  Bank2     LVCMOS25   Output                          TRISTATE                        None                                No                                  ---              ---            ---             ---             ---          SLOW          ---                4                  5                 
Board_MOD1[4]     88   Yes    MSIO3PB2/USB_DATA0_B  Bank2     LVCMOS25   Output                          TRISTATE                        None                                No                                  ---              ---            ---             ---             ---          SLOW          ---                4                  5                 
Board_MOD1[5]     82   Yes    MSIO1PB2/USB_XCLK_B   Bank2     LVCMOS25   Output                          TRISTATE                        None                                No                                  ---              ---            ---             ---             ---          SLOW          ---                4                  5                 
DEVRST_N          72   Fixed  DEVRST_N              ---       
