Resource Usage Report for Blinking_System 

Mapping to part: m2s010tq144std
Cell usage:
AND2            1 use
CCC             1 use
CLKINT          3 uses
RCOSC_25_50MHZ  1 use
SYSRESET        1 use
CFG1           15 uses
CFG2           156 uses
CFG3           238 uses
CFG4           428 uses

Carry cells:
ARI1            93 uses - used for arithmetic functions
ARI1            56 uses - used for Wide-Mux implementation
Total ARI1      149 uses


Sequential Cells: 
SLE            318 uses

DSP Blocks:    0 of 22 (0%)

I/O ports: 24
I/O primitives: 23
BIBUF          2 uses
INBUF          2 uses
OUTBUF         19 uses


Global Clock Buffers: 3

Total LUTs:    986

Extra resources required for RAM and MACC interface logic during P&R:

RAM64x18 Interface Logic : SLEs = 72; LUTs = 72;
RAM1K18  Interface Logic : SLEs = 0; LUTs = 0;
MACC     Interface Logic : SLEs = 0; LUTs = 0;

Total number of SLEs after P&R:  318 + 72 + 0 + 0 = 390;
Total number of LUTs after P&R:  986 + 72 + 0 + 0 = 1058;

