Resource Usage Report for LCD_Controller_System 

Mapping to part: m2s010tq144std
Cell usage:
AND2            1 use
CCC             1 use
CLKINT          3 uses
RCOSC_25_50MHZ  1 use
SYSRESET        1 use
CFG1           4 uses
CFG2           21 uses
CFG3           61 uses
CFG4           99 uses

Carry cells:
ARI1            18 uses - used for arithmetic functions
ARI1            2 uses - used for Wide-Mux implementation
Total ARI1      20 uses


Sequential Cells: 
SLE            50 uses

DSP Blocks:    0 of 22 (0%)

I/O ports: 26
I/O primitives: 25
INBUF          2 uses
OUTBUF         23 uses


Global Clock Buffers: 3

Total LUTs:    205

Extra resources required for RAM and MACC interface logic during P&R:

RAM64x18 Interface Logic : SLEs = 0; LUTs = 0;
RAM1K18  Interface Logic : SLEs = 0; LUTs = 0;
MACC     Interface Logic : SLEs = 0; LUTs = 0;

Total number of SLEs after P&R:  50 + 0 + 0 + 0 = 50;
Total number of LUTs after P&R:  205 + 0 + 0 + 0 = 205;

